<?xml version="1.0" encoding="UTF-8"?>
<coverage generated="1666172285992" clover="3.2.0">
  <project timestamp="1666172285992" name="All files">
    <metrics statements="1597" coveredstatements="1093" conditionals="425" coveredconditionals="206" methods="714" coveredmethods="450" elements="2736" coveredelements="1749" complexity="0" loc="1597" ncloc="1597" packages="34" files="166" classes="166"/>
    <package name="src.components.activitiesMiniStory">
      <metrics statements="29" coveredstatements="4" conditionals="22" coveredconditionals="0" methods="11" coveredmethods="0"/>
      <file name="activitiesMiniStory.jsx" path="/Users/richardsto/Code/polyPod/features/facebookImport/src/components/activitiesMiniStory/activitiesMiniStory.jsx">
        <metrics statements="29" coveredstatements="4" conditionals="22" coveredconditionals="0" methods="11" coveredmethods="0"/>
        <line num="14" count="13" type="stmt"/>
        <line num="17" count="13" type="stmt"/>
        <line num="18" count="0" type="stmt"/>
        <line num="19" count="0" type="stmt"/>
        <line num="24" count="0" type="stmt"/>
        <line num="40" count="0" type="stmt"/>
        <line num="56" count="13" type="stmt"/>
        <line num="57" count="0" type="stmt"/>
        <line num="72" count="13" type="stmt"/>
        <line num="73" count="0" type="stmt"/>
        <line num="75" count="0" type="stmt"/>
        <line num="76" count="0" type="stmt"/>
        <line num="82" count="0" type="stmt"/>
        <line num="86" count="0" type="stmt"/>
        <line num="87" count="0" type="stmt"/>
        <line num="93" count="0" type="stmt"/>
        <line num="104" count="0" type="stmt"/>
        <line num="105" count="0" type="stmt"/>
        <line num="128" count="0" type="stmt"/>
        <line num="129" count="0" type="stmt"/>
        <line num="130" count="0" type="cond" truecount="0" falsecount="2"/>
        <line num="131" count="0" type="stmt"/>
        <line num="132" count="0" type="stmt"/>
        <line num="137" count="0" type="stmt"/>
        <line num="139" count="0" type="stmt"/>
        <line num="142" count="0" type="stmt"/>
        <line num="148" count="0" type="stmt"/>
        <line num="158" count="0" type="stmt"/>
        <line num="165" count="0" type="stmt"/>
      </file>
    </package>
    <package name="src.components.advertisingValueMiniStory">
      <metrics statements="5" coveredstatements="2" conditionals="0" coveredconditionals="0" methods="3" coveredmethods="0"/>
      <file name="advertisingValueMiniStory.jsx" path="/Users/richardsto/Code/polyPod/features/facebookImport/src/components/advertisingValueMiniStory/advertisingValueMiniStory.jsx">
        <metrics statements="5" coveredstatements="2" conditionals="0" coveredconditionals="0" methods="3" coveredmethods="0"/>
        <line num="6" count="13" type="stmt"/>
        <line num="10" count="0" type="stmt"/>
        <line num="21" count="0" type="stmt"/>
        <line num="36" count="13" type="stmt"/>
        <line num="40" count="0" type="stmt"/>
      </file>
    </package>
    <package name="src.components.basicDataCountTable">
      <metrics statements="3" coveredstatements="1" conditionals="4" coveredconditionals="0" methods="2" coveredmethods="0"/>
      <file name="basicDataCountTable.jsx" path="/Users/richardsto/Code/polyPod/features/facebookImport/src/components/basicDataCountTable/basicDataCountTable.jsx">
        <metrics statements="3" coveredstatements="1" conditionals="4" coveredconditionals="0" methods="2" coveredmethods="0"/>
        <line num="3" count="13" type="cond" truecount="0" falsecount="2"/>
        <line num="4" count="0" type="stmt"/>
        <line num="10" count="0" type="stmt"/>
      </file>
    </package>
    <package name="src.components.basicList">
      <metrics statements="3" coveredstatements="1" conditionals="4" coveredconditionals="0" methods="2" coveredmethods="0"/>
      <file name="basicList.jsx" path="/Users/richardsto/Code/polyPod/features/facebookImport/src/components/basicList/basicList.jsx">
        <metrics statements="3" coveredstatements="1" conditionals="4" coveredconditionals="0" methods="2" coveredmethods="0"/>
        <line num="3" count="13" type="cond" truecount="0" falsecount="2"/>
        <line num="4" count="0" type="stmt"/>
        <line num="9" count="0" type="stmt"/>
      </file>
    </package>
    <package name="src.components.buttons.infoButton">
      <metrics statements="5" coveredstatements="1" conditionals="0" coveredconditionals="0" methods="2" coveredmethods="0"/>
      <file name="infoButton.jsx" path="/Users/richardsto/Code/polyPod/features/facebookImport/src/components/buttons/infoButton/infoButton.jsx">
        <metrics statements="5" coveredstatements="1" conditionals="0" coveredconditionals="0" methods="2" coveredmethods="0"/>
        <line num="6" count="13" type="stmt"/>
        <line num="7" count="0" type="stmt"/>
        <line num="9" count="0" type="stmt"/>
        <line num="10" count="0" type="stmt"/>
        <line num="12" count="0" type="stmt"/>
      </file>
    </package>
    <package name="src.components.chartButtons">
      <metrics statements="4" coveredstatements="1" conditionals="4" coveredconditionals="0" methods="3" coveredmethods="0"/>
      <file name="chartButtons.jsx" path="/Users/richardsto/Code/polyPod/features/facebookImport/src/components/chartButtons/chartButtons.jsx">
        <metrics statements="4" coveredstatements="1" conditionals="4" coveredconditionals="0" methods="3" coveredmethods="0"/>
        <line num="5" count="13" type="stmt"/>
        <line num="6" count="0" type="stmt"/>
        <line num="9" count="0" type="stmt"/>
        <line num="16" count="0" type="stmt"/>
      </file>
    </package>
    <package name="src.components.dataStructureMiniStory">
      <metrics statements="27" coveredstatements="1" conditionals="6" coveredconditionals="0" methods="9" coveredmethods="0"/>
      <file name="dataStructureMiniStory.jsx" path="/Users/richardsto/Code/polyPod/features/facebookImport/src/components/dataStructureMiniStory/dataStructureMiniStory.jsx">
        <metrics statements="27" coveredstatements="1" conditionals="6" coveredconditionals="0" methods="9" coveredmethods="0"/>
        <line num="9" count="13" type="stmt"/>
        <line num="10" count="0" type="stmt"/>
        <line num="11" count="0" type="stmt"/>
        <line num="13" count="0" type="stmt"/>
        <line num="14" count="0" type="stmt"/>
        <line num="17" count="0" type="stmt"/>
        <line num="18" count="0" type="stmt"/>
        <line num="22" count="0" type="stmt"/>
        <line num="23" count="0" type="stmt"/>
        <line num="24" count="0" type="stmt"/>
        <line num="25" count="0" type="stmt"/>
        <line num="26" count="0" type="stmt"/>
        <line num="28" count="0" type="stmt"/>
        <line num="30" count="0" type="stmt"/>
        <line num="35" count="0" type="stmt"/>
        <line num="36" count="0" type="stmt"/>
        <line num="39" count="0" type="stmt"/>
        <line num="40" count="0" type="stmt"/>
        <line num="43" count="0" type="stmt"/>
        <line num="44" count="0" type="stmt"/>
        <line num="47" count="0" type="stmt"/>
        <line num="48" count="0" type="cond" truecount="0" falsecount="2"/>
        <line num="49" count="0" type="stmt"/>
        <line num="51" count="0" type="stmt"/>
        <line num="56" count="0" type="cond" truecount="0" falsecount="2"/>
        <line num="60" count="0" type="stmt"/>
        <line num="88" count="0" type="stmt"/>
      </file>
    </package>
    <package name="src.components.dataViz">
      <metrics statements="23" coveredstatements="2" conditionals="20" coveredconditionals="0" methods="10" coveredmethods="0"/>
      <file name="barChart.jsx" path="/Users/richardsto/Code/polyPod/features/facebookImport/src/components/dataViz/barChart.jsx">
        <metrics statements="17" coveredstatements="1" conditionals="20" coveredconditionals="0" methods="8" coveredmethods="0"/>
        <line num="7" count="13" type="stmt"/>
        <line num="16" count="0" type="cond" truecount="0" falsecount="2"/>
        <line num="17" count="0" type="stmt"/>
        <line num="18" count="0" type="stmt"/>
        <line num="19" count="0" type="stmt"/>
        <line num="20" count="0" type="cond" truecount="0" falsecount="2"/>
        <line num="22" count="0" type="stmt"/>
        <line num="25" count="0" type="cond" truecount="0" falsecount="2"/>
        <line num="26" count="0" type="stmt"/>
        <line num="29" count="0" type="stmt"/>
        <line num="30" count="0" type="stmt"/>
        <line num="32" count="0" type="stmt"/>
        <line num="35" count="0" type="stmt"/>
        <line num="42" count="0" type="stmt"/>
        <line num="66" count="0" type="stmt"/>
        <line num="68" count="0" type="stmt"/>
        <line num="122" count="0" type="stmt"/>
      </file>
      <file name="utils.jsx" path="/Users/richardsto/Code/polyPod/features/facebookImport/src/components/dataViz/utils.jsx">
        <metrics statements="6" coveredstatements="1" conditionals="0" coveredconditionals="0" methods="2" coveredmethods="0"/>
        <line num="2" count="13" type="stmt"/>
        <line num="3" count="0" type="stmt"/>
        <line num="4" count="0" type="stmt"/>
        <line num="5" count="0" type="stmt"/>
        <line num="6" count="0" type="stmt"/>
        <line num="7" count="0" type="stmt"/>
      </file>
    </package>
    <package name="src.components.infographic">
      <metrics statements="25" coveredstatements="1" conditionals="8" coveredconditionals="0" methods="4" coveredmethods="0"/>
      <file name="infographic.jsx" path="/Users/richardsto/Code/polyPod/features/facebookImport/src/components/infographic/infographic.jsx">
        <metrics statements="25" coveredstatements="1" conditionals="8" coveredconditionals="0" methods="4" coveredmethods="0"/>
        <line num="16" count="13" type="stmt"/>
        <line num="17" count="0" type="stmt"/>
        <line num="20" count="0" type="stmt"/>
        <line num="23" count="0" type="stmt"/>
        <line num="24" count="0" type="stmt"/>
        <line num="25" count="0" type="stmt"/>
        <line num="26" count="0" type="stmt"/>
        <line num="27" count="0" type="stmt"/>
        <line num="28" count="0" type="stmt"/>
        <line num="29" count="0" type="stmt"/>
        <line num="30" count="0" type="stmt"/>
        <line num="31" count="0" type="stmt"/>
        <line num="35" count="0" type="stmt"/>
        <line num="36" count="0" type="cond" truecount="0" falsecount="2"/>
        <line num="37" count="0" type="stmt"/>
        <line num="38" count="0" type="cond" truecount="0" falsecount="2"/>
        <line num="39" count="0" type="stmt"/>
        <line num="40" count="0" type="cond" truecount="0" falsecount="2"/>
        <line num="41" count="0" type="stmt"/>
        <line num="42" count="0" type="cond" truecount="0" falsecount="2"/>
        <line num="43" count="0" type="stmt"/>
        <line num="44" count="0" type="stmt"/>
        <line num="46" count="0" type="stmt"/>
        <line num="48" count="0" type="stmt"/>
        <line num="54" count="0" type="stmt"/>
      </file>
    </package>
    <package name="src.components.listOfDetails">
      <metrics statements="10" coveredstatements="2" conditionals="2" coveredconditionals="0" methods="3" coveredmethods="0"/>
      <file name="listOfDetails.jsx" path="/Users/richardsto/Code/polyPod/features/facebookImport/src/components/listOfDetails/listOfDetails.jsx">
        <metrics statements="10" coveredstatements="2" conditionals="2" coveredconditionals="0" methods="3" coveredmethods="0"/>
        <line num="4" count="13" type="stmt"/>
        <line num="6" count="13" type="stmt"/>
        <line num="7" count="0" type="stmt"/>
        <line num="8" count="0" type="stmt"/>
        <line num="9" count="0" type="stmt"/>
        <line num="10" count="0" type="cond" truecount="0" falsecount="2"/>
        <line num="14" count="0" type="stmt"/>
        <line num="16" count="0" type="stmt"/>
        <line num="19" count="0" type="stmt"/>
        <line num="23" count="0" type="stmt"/>
      </file>
    </package>
    <package name="src.components.messagesMiniStory">
      <metrics statements="8" coveredstatements="4" conditionals="4" coveredconditionals="0" methods="5" coveredmethods="0"/>
      <file name="messagesMiniStory.jsx" path="/Users/richardsto/Code/polyPod/features/facebookImport/src/components/messagesMiniStory/messagesMiniStory.jsx">
        <metrics statements="8" coveredstatements="4" conditionals="4" coveredconditionals="0" methods="5" coveredmethods="0"/>
        <line num="5" count="13" type="stmt"/>
        <line num="12" count="13" type="stmt"/>
        <line num="17" count="0" type="stmt"/>
        <line num="26" count="13" type="stmt"/>
        <line num="31" count="0" type="stmt"/>
        <line num="43" count="13" type="stmt"/>
        <line num="48" count="0" type="stmt"/>
        <line num="61" count="0" type="stmt"/>
      </file>
    </package>
    <package name="src.components.onOffFacebookMiniStory">
      <metrics statements="6" coveredstatements="3" conditionals="4" coveredconditionals="0" methods="3" coveredmethods="0"/>
      <file name="onOffFacebookMiniStory.jsx" path="/Users/richardsto/Code/polyPod/features/facebookImport/src/components/onOffFacebookMiniStory/onOffFacebookMiniStory.jsx">
        <metrics statements="6" coveredstatements="3" conditionals="4" coveredconditionals="0" methods="3" coveredmethods="0"/>
        <line num="10" count="13" type="stmt"/>
        <line num="29" count="13" type="stmt"/>
        <line num="33" count="0" type="stmt"/>
        <line num="72" count="13" type="stmt"/>
        <line num="73" count="0" type="stmt"/>
        <line num="106" count="0" type="stmt"/>
      </file>
    </package>
    <package name="src.components.picturesMiniStory">
      <metrics statements="17" coveredstatements="3" conditionals="4" coveredconditionals="0" methods="6" coveredmethods="0"/>
      <file name="picturesMiniStory.jsx" path="/Users/richardsto/Code/polyPod/features/facebookImport/src/components/picturesMiniStory/picturesMiniStory.jsx">
        <metrics statements="17" coveredstatements="3" conditionals="4" coveredconditionals="0" methods="6" coveredmethods="0"/>
        <line num="10" count="13" type="stmt"/>
        <line num="17" count="13" type="stmt"/>
        <line num="19" count="13" type="stmt"/>
        <line num="20" count="0" type="stmt"/>
        <line num="21" count="0" type="stmt"/>
        <line num="25" count="0" type="stmt"/>
        <line num="29" count="0" type="stmt"/>
        <line num="36" count="0" type="stmt"/>
        <line num="43" count="0" type="stmt"/>
        <line num="44" count="0" type="stmt"/>
        <line num="45" count="0" type="stmt"/>
        <line num="46" count="0" type="stmt"/>
        <line num="47" count="0" type="stmt"/>
        <line num="48" count="0" type="stmt"/>
        <line num="49" count="0" type="stmt"/>
        <line num="51" count="0" type="cond" truecount="0" falsecount="2"/>
        <line num="57" count="0" type="stmt"/>
      </file>
    </package>
    <package name="src.components.postReactionTypesMiniStory">
      <metrics statements="15" coveredstatements="2" conditionals="4" coveredconditionals="0" methods="9" coveredmethods="0"/>
      <file name="postReactionTypesMiniStory.jsx" path="/Users/richardsto/Code/polyPod/features/facebookImport/src/components/postReactionTypesMiniStory/postReactionTypesMiniStory.jsx">
        <metrics statements="15" coveredstatements="2" conditionals="4" coveredconditionals="0" methods="9" coveredmethods="0"/>
        <line num="19" count="13" type="stmt"/>
        <line num="30" count="0" type="stmt"/>
        <line num="31" count="0" type="stmt"/>
        <line num="39" count="13" type="stmt"/>
        <line num="40" count="0" type="stmt"/>
        <line num="41" count="0" type="stmt"/>
        <line num="42" count="0" type="stmt"/>
        <line num="48" count="0" type="cond" truecount="0" falsecount="2"/>
        <line num="51" count="0" type="stmt"/>
        <line num="52" count="0" type="cond" truecount="0" falsecount="2"/>
        <line num="56" count="0" type="stmt"/>
        <line num="61" count="0" type="stmt"/>
        <line num="77" count="0" type="stmt"/>
        <line num="92" count="0" type="stmt"/>
        <line num="99" count="0" type="stmt"/>
      </file>
    </package>
    <package name="src.context">
      <metrics statements="28" coveredstatements="2" conditionals="15" coveredconditionals="0" methods="12" coveredmethods="0"/>
      <file name="facebook-context.jsx" path="/Users/richardsto/Code/polyPod/features/facebookImport/src/context/facebook-context.jsx">
        <metrics statements="28" coveredstatements="2" conditionals="15" coveredconditionals="0" methods="12" coveredmethods="0"/>
        <line num="8" count="13" type="stmt"/>
        <line num="11" count="0" type="stmt"/>
        <line num="12" count="0" type="stmt"/>
        <line num="14" count="0" type="cond" truecount="0" falsecount="5"/>
        <line num="22" count="0" type="stmt"/>
        <line num="31" count="13" type="stmt"/>
        <line num="32" count="0" type="stmt"/>
        <line num="33" count="0" type="stmt"/>
        <line num="34" count="0" type="stmt"/>
        <line num="35" count="0" type="stmt"/>
        <line num="36" count="0" type="stmt"/>
        <line num="38" count="0" type="stmt"/>
        <line num="39" count="0" type="stmt"/>
        <line num="42" count="0" type="stmt"/>
        <line num="43" count="0" type="stmt"/>
        <line num="44" count="0" type="stmt"/>
        <line num="48" count="0" type="stmt"/>
        <line num="52" count="0" type="stmt"/>
        <line num="56" count="0" type="cond" truecount="0" falsecount="2"/>
        <line num="57" count="0" type="cond" truecount="0" falsecount="2"/>
        <line num="60" count="0" type="stmt"/>
        <line num="63" count="0" type="stmt"/>
        <line num="64" count="0" type="stmt"/>
        <line num="68" count="0" type="stmt"/>
        <line num="69" count="0" type="cond" truecount="0" falsecount="2"/>
        <line num="70" count="0" type="stmt"/>
        <line num="71" count="0" type="stmt"/>
        <line num="74" count="0" type="stmt"/>
      </file>
    </package>
    <package name="src.globals">
      <metrics statements="1" coveredstatements="1" conditionals="0" coveredconditionals="0" methods="0" coveredmethods="0"/>
      <file name="index.js" path="/Users/richardsto/Code/polyPod/features/facebookImport/src/globals/index.js">
        <metrics statements="1" coveredstatements="1" conditionals="0" coveredconditionals="0" methods="0" coveredmethods="0"/>
        <line num="1" count="13" type="stmt"/>
      </file>
    </package>
    <package name="src.infographics">
      <metrics statements="0" coveredstatements="0" conditionals="0" coveredconditionals="0" methods="0" coveredmethods="0"/>
      <file name="infographics.js" path="/Users/richardsto/Code/polyPod/features/facebookImport/src/infographics/infographics.js">
        <metrics statements="0" coveredstatements="0" conditionals="0" coveredconditionals="0" methods="0" coveredmethods="0"/>
      </file>
    </package>
    <package name="src.model">
      <metrics statements="5" coveredstatements="5" conditionals="0" coveredconditionals="0" methods="1" coveredmethods="1"/>
      <file name="analysis.js" path="/Users/richardsto/Code/polyPod/features/facebookImport/src/model/analysis.js">
        <metrics statements="3" coveredstatements="3" conditionals="0" coveredconditionals="0" methods="1" coveredmethods="1"/>
        <line num="39" count="13" type="stmt"/>
        <line num="84" count="481" type="stmt"/>
        <line num="114" count="13" type="stmt"/>
      </file>
      <file name="importer.js" path="/Users/richardsto/Code/polyPod/features/facebookImport/src/model/importer.js">
        <metrics statements="2" coveredstatements="2" conditionals="0" coveredconditionals="0" methods="0" coveredmethods="0"/>
        <line num="27" count="13" type="stmt"/>
        <line num="55" count="13" type="stmt"/>
      </file>
    </package>
    <package name="src.model.analyses.ministories">
      <metrics statements="277" coveredstatements="92" conditionals="95" coveredconditionals="34" methods="115" coveredmethods="25"/>
      <file name="about-pictures-data-analysis.js" path="/Users/richardsto/Code/polyPod/features/facebookImport/src/model/analyses/ministories/about-pictures-data-analysis.js">
        <metrics statements="8" coveredstatements="8" conditionals="2" coveredconditionals="2" methods="5" coveredmethods="5"/>
        <line num="9" count="13" type="stmt"/>
        <line num="35" count="5" type="stmt"/>
        <line num="39" count="5" type="stmt"/>
        <line num="40" count="8" type="stmt"/>
        <line num="41" count="15" type="stmt"/>
        <line num="45" count="5" type="stmt"/>
        <line num="46" count="5" type="cond" truecount="2" falsecount="0"/>
        <line num="47" count="2" type="stmt"/>
      </file>
      <file name="activities-analysis.js" path="/Users/richardsto/Code/polyPod/features/facebookImport/src/model/analyses/ministories/activities-analysis.js">
        <metrics statements="21" coveredstatements="18" conditionals="6" coveredconditionals="6" methods="7" coveredmethods="4"/>
        <line num="5" count="2" type="stmt"/>
        <line num="17" count="0" type="stmt"/>
        <line num="20" count="2" type="stmt"/>
        <line num="21" count="4" type="stmt"/>
        <line num="22" count="10" type="stmt"/>
        <line num="26" count="2" type="stmt"/>
        <line num="27" count="0" type="stmt"/>
        <line num="29" count="0" type="stmt"/>
        <line num="34" count="2" type="stmt"/>
        <line num="36" count="2" type="stmt"/>
        <line num="37" count="10" type="stmt"/>
        <line num="38" count="10" type="stmt"/>
        <line num="39" count="10" type="cond" truecount="2" falsecount="0"/>
        <line num="44" count="4" type="stmt"/>
        <line num="45" count="4" type="stmt"/>
        <line num="47" count="6" type="cond" truecount="2" falsecount="0"/>
        <line num="48" count="2" type="stmt"/>
        <line num="52" count="4" type="stmt"/>
        <line num="53" count="6" type="stmt"/>
        <line num="57" count="10" type="stmt"/>
        <line num="60" count="2" type="stmt"/>
      </file>
      <file name="activity-locations-analysis.js" path="/Users/richardsto/Code/polyPod/features/facebookImport/src/model/analyses/ministories/activity-locations-analysis.js">
        <metrics statements="10" coveredstatements="0" conditionals="7" coveredconditionals="0" methods="3" coveredmethods="0"/>
        <line num="6" count="0" type="stmt"/>
        <line num="7" count="0" type="stmt"/>
        <line num="10" count="0" type="cond" truecount="0" falsecount="3"/>
        <line num="14" count="0" type="stmt"/>
        <line num="19" count="0" type="cond" truecount="0" falsecount="2"/>
        <line num="24" count="0" type="stmt"/>
        <line num="25" count="0" type="stmt"/>
        <line num="28" count="0" type="stmt"/>
        <line num="31" count="0" type="cond" truecount="0" falsecount="2"/>
        <line num="32" count="0" type="stmt"/>
      </file>
      <file name="ad-interests-analysis.js" path="/Users/richardsto/Code/polyPod/features/facebookImport/src/model/analyses/ministories/ad-interests-analysis.js">
        <metrics statements="4" coveredstatements="0" conditionals="0" coveredconditionals="0" methods="3" coveredmethods="0"/>
        <line num="5" count="0" type="stmt"/>
        <line num="9" count="0" type="stmt"/>
        <line num="10" count="0" type="stmt"/>
        <line num="14" count="0" type="stmt"/>
      </file>
      <file name="ad-views-analysis.js" path="/Users/richardsto/Code/polyPod/features/facebookImport/src/model/analyses/ministories/ad-views-analysis.js">
        <metrics statements="10" coveredstatements="0" conditionals="6" coveredconditionals="0" methods="5" coveredmethods="0"/>
        <line num="7" count="0" type="stmt"/>
        <line num="11" count="0" type="stmt"/>
        <line num="12" count="0" type="stmt"/>
        <line num="15" count="0" type="stmt"/>
        <line num="20" count="0" type="stmt"/>
        <line num="22" count="0" type="stmt"/>
        <line num="23" count="0" type="stmt"/>
        <line num="24" count="0" type="stmt"/>
        <line num="25" count="0" type="stmt"/>
        <line num="29" count="0" type="stmt"/>
      </file>
      <file name="advertising-value-analysis.js" path="/Users/richardsto/Code/polyPod/features/facebookImport/src/model/analyses/ministories/advertising-value-analysis.js">
        <metrics statements="10" coveredstatements="10" conditionals="2" coveredconditionals="2" methods="2" coveredmethods="2"/>
        <line num="6" count="7" type="stmt"/>
        <line num="7" count="7" type="stmt"/>
        <line num="8" count="7" type="stmt"/>
        <line num="9" count="7" type="cond" truecount="2" falsecount="0"/>
        <line num="10" count="4" type="stmt"/>
        <line num="11" count="15" type="stmt"/>
        <line num="15" count="4" type="stmt"/>
        <line num="19" count="7" type="stmt"/>
        <line num="21" count="7" type="stmt"/>
        <line num="23" count="11" type="stmt"/>
      </file>
      <file name="connected-advertisers-analysis.js" path="/Users/richardsto/Code/polyPod/features/facebookImport/src/model/analyses/ministories/connected-advertisers-analysis.js">
        <metrics statements="8" coveredstatements="8" conditionals="4" coveredconditionals="4" methods="3" coveredmethods="3"/>
        <line num="6" count="5" type="cond" truecount="2" falsecount="0"/>
        <line num="7" count="1" type="stmt"/>
        <line num="9" count="1" type="stmt"/>
        <line num="11" count="10" type="stmt"/>
        <line num="14" count="5" type="cond" truecount="2" falsecount="0"/>
        <line num="15" count="1" type="stmt"/>
        <line num="17" count="1" type="stmt"/>
        <line num="19" count="10" type="stmt"/>
      </file>
      <file name="data-groups-analysis.js" path="/Users/richardsto/Code/polyPod/features/facebookImport/src/model/analyses/ministories/data-groups-analysis.js">
        <metrics statements="5" coveredstatements="0" conditionals="0" coveredconditionals="0" methods="4" coveredmethods="0"/>
        <line num="7" count="0" type="stmt"/>
        <line num="11" count="0" type="stmt"/>
        <line num="12" count="0" type="stmt"/>
        <line num="14" count="0" type="stmt"/>
        <line num="17" count="0" type="stmt"/>
      </file>
      <file name="data-points-charts-analysis.js" path="/Users/richardsto/Code/polyPod/features/facebookImport/src/model/analyses/ministories/data-points-charts-analysis.js">
        <metrics statements="5" coveredstatements="0" conditionals="0" coveredconditionals="0" methods="4" coveredmethods="0"/>
        <line num="7" count="0" type="stmt"/>
        <line num="11" count="0" type="stmt"/>
        <line num="12" count="0" type="stmt"/>
        <line num="14" count="0" type="stmt"/>
        <line num="18" count="0" type="stmt"/>
      </file>
      <file name="email-addresses-analysis.js" path="/Users/richardsto/Code/polyPod/features/facebookImport/src/model/analyses/ministories/email-addresses-analysis.js">
        <metrics statements="15" coveredstatements="0" conditionals="8" coveredconditionals="0" methods="4" coveredmethods="0"/>
        <line num="7" count="0" type="stmt"/>
        <line num="11" count="0" type="stmt"/>
        <line num="12" count="0" type="stmt"/>
        <line num="13" count="0" type="cond" truecount="0" falsecount="2"/>
        <line num="14" count="0" type="stmt"/>
        <line num="17" count="0" type="stmt"/>
        <line num="18" count="0" type="cond" truecount="0" falsecount="2"/>
        <line num="19" count="0" type="stmt"/>
        <line num="21" count="0" type="stmt"/>
        <line num="22" count="0" type="cond" truecount="0" falsecount="2"/>
        <line num="23" count="0" type="stmt"/>
        <line num="25" count="0" type="cond" truecount="0" falsecount="2"/>
        <line num="26" count="0" type="stmt"/>
        <line num="29" count="0" type="stmt"/>
        <line num="33" count="0" type="stmt"/>
      </file>
      <file name="export-size-analysis.js" path="/Users/richardsto/Code/polyPod/features/facebookImport/src/model/analyses/ministories/export-size-analysis.js">
        <metrics statements="4" coveredstatements="0" conditionals="0" coveredconditionals="0" methods="3" coveredmethods="0"/>
        <line num="5" count="0" type="stmt"/>
        <line num="9" count="0" type="stmt"/>
        <line num="10" count="0" type="stmt"/>
        <line num="14" count="0" type="stmt"/>
      </file>
      <file name="export-title-analysis.js" path="/Users/richardsto/Code/polyPod/features/facebookImport/src/model/analyses/ministories/export-title-analysis.js">
        <metrics statements="4" coveredstatements="0" conditionals="0" coveredconditionals="0" methods="3" coveredmethods="0"/>
        <line num="5" count="0" type="stmt"/>
        <line num="9" count="0" type="stmt"/>
        <line num="10" count="0" type="stmt"/>
        <line num="14" count="0" type="stmt"/>
      </file>
      <file name="friend-requests-received-analysis.js" path="/Users/richardsto/Code/polyPod/features/facebookImport/src/model/analyses/ministories/friend-requests-received-analysis.js">
        <metrics statements="4" coveredstatements="0" conditionals="2" coveredconditionals="0" methods="3" coveredmethods="0"/>
        <line num="5" count="0" type="stmt"/>
        <line num="9" count="0" type="stmt"/>
        <line num="11" count="0" type="stmt"/>
        <line num="15" count="0" type="stmt"/>
      </file>
      <file name="friends-analysis.js" path="/Users/richardsto/Code/polyPod/features/facebookImport/src/model/analyses/ministories/friends-analysis.js">
        <metrics statements="4" coveredstatements="0" conditionals="0" coveredconditionals="0" methods="3" coveredmethods="0"/>
        <line num="5" count="0" type="stmt"/>
        <line num="9" count="0" type="stmt"/>
        <line num="10" count="0" type="stmt"/>
        <line num="14" count="0" type="stmt"/>
      </file>
      <file name="interacted-advertisers-analysis.js" path="/Users/richardsto/Code/polyPod/features/facebookImport/src/model/analyses/ministories/interacted-advertisers-analysis.js">
        <metrics statements="4" coveredstatements="0" conditionals="0" coveredconditionals="0" methods="3" coveredmethods="0"/>
        <line num="5" count="0" type="stmt"/>
        <line num="9" count="0" type="stmt"/>
        <line num="10" count="0" type="stmt"/>
        <line num="14" count="0" type="stmt"/>
      </file>
      <file name="json-files-bubbles.js" path="/Users/richardsto/Code/polyPod/features/facebookImport/src/model/analyses/ministories/json-files-bubbles.js">
        <metrics statements="17" coveredstatements="0" conditionals="6" coveredconditionals="0" methods="8" coveredmethods="0"/>
        <line num="8" count="0" type="stmt"/>
        <line num="12" count="0" type="stmt"/>
        <line num="15" count="0" type="stmt"/>
        <line num="19" count="0" type="cond" truecount="0" falsecount="2"/>
        <line num="22" count="0" type="stmt"/>
        <line num="26" count="0" type="stmt"/>
        <line num="27" count="0" type="stmt"/>
        <line num="28" count="0" type="cond" truecount="0" falsecount="2"/>
        <line num="30" count="0" type="stmt"/>
        <line num="31" count="0" type="stmt"/>
        <line num="32" count="0" type="stmt"/>
        <line num="34" count="0" type="stmt"/>
        <line num="37" count="0" type="stmt"/>
        <line num="41" count="0" type="stmt"/>
        <line num="47" count="0" type="stmt"/>
        <line num="49" count="0" type="stmt"/>
        <line num="52" count="0" type="cond" truecount="0" falsecount="2"/>
      </file>
      <file name="json-files-imported-analysis.js" path="/Users/richardsto/Code/polyPod/features/facebookImport/src/model/analyses/ministories/json-files-imported-analysis.js">
        <metrics statements="5" coveredstatements="0" conditionals="0" coveredconditionals="0" methods="4" coveredmethods="0"/>
        <line num="7" count="0" type="stmt"/>
        <line num="11" count="0" type="stmt"/>
        <line num="12" count="0" type="stmt"/>
        <line num="16" count="0" type="stmt"/>
        <line num="20" count="0" type="stmt"/>
      </file>
      <file name="message-threads-analysis.js" path="/Users/richardsto/Code/polyPod/features/facebookImport/src/model/analyses/ministories/message-threads-analysis.js">
        <metrics statements="24" coveredstatements="0" conditionals="19" coveredconditionals="0" methods="7" coveredmethods="0"/>
        <line num="7" count="0" type="stmt"/>
        <line num="11" count="0" type="stmt"/>
        <line num="12" count="0" type="stmt"/>
        <line num="13" count="0" type="stmt"/>
        <line num="14" count="0" type="cond" truecount="0" falsecount="2"/>
        <line num="15" count="0" type="stmt"/>
        <line num="18" count="0" type="stmt"/>
        <line num="19" count="0" type="stmt"/>
        <line num="20" count="0" type="stmt"/>
        <line num="21" count="0" type="stmt"/>
        <line num="22" count="0" type="stmt"/>
        <line num="23" count="0" type="stmt"/>
        <line num="25" count="0" type="stmt"/>
        <line num="26" count="0" type="cond" truecount="0" falsecount="2"/>
        <line num="31" count="0" type="stmt"/>
        <line num="33" count="0" type="cond" truecount="0" falsecount="2"/>
        <line num="34" count="0" type="stmt"/>
        <line num="39" count="0" type="cond" truecount="0" falsecount="2"/>
        <line num="41" count="0" type="cond" truecount="0" falsecount="2"/>
        <line num="43" count="0" type="stmt"/>
        <line num="53" count="0" type="stmt"/>
        <line num="54" count="0" type="stmt"/>
        <line num="59" count="0" type="stmt"/>
        <line num="69" count="0" type="stmt"/>
      </file>
      <file name="messages-activity-analysis.js" path="/Users/richardsto/Code/polyPod/features/facebookImport/src/model/analyses/ministories/messages-activity-analysis.js">
        <metrics statements="15" coveredstatements="0" conditionals="2" coveredconditionals="0" methods="6" coveredmethods="0"/>
        <line num="7" count="0" type="stmt"/>
        <line num="11" count="0" type="stmt"/>
        <line num="13" count="0" type="cond" truecount="0" falsecount="2"/>
        <line num="14" count="0" type="stmt"/>
        <line num="17" count="0" type="stmt"/>
        <line num="19" count="0" type="stmt"/>
        <line num="20" count="0" type="stmt"/>
        <line num="22" count="0" type="stmt"/>
        <line num="23" count="0" type="stmt"/>
        <line num="24" count="0" type="stmt"/>
        <line num="25" count="0" type="stmt"/>
        <line num="26" count="0" type="stmt"/>
        <line num="30" count="0" type="stmt"/>
        <line num="31" count="0" type="stmt"/>
        <line num="36" count="0" type="stmt"/>
      </file>
      <file name="messages-analysis.js" path="/Users/richardsto/Code/polyPod/features/facebookImport/src/model/analyses/ministories/messages-analysis.js">
        <metrics statements="22" coveredstatements="21" conditionals="13" coveredconditionals="10" methods="5" coveredmethods="4"/>
        <line num="6" count="0" type="stmt"/>
        <line num="10" count="4" type="stmt"/>
        <line num="11" count="4" type="stmt"/>
        <line num="12" count="4" type="stmt"/>
        <line num="14" count="4" type="stmt"/>
        <line num="15" count="2" type="stmt"/>
        <line num="16" count="2" type="stmt"/>
        <line num="18" count="2" type="stmt"/>
        <line num="19" count="4" type="stmt"/>
        <line num="21" count="2" type="stmt"/>
        <line num="22" count="7" type="cond" truecount="1" falsecount="1"/>
        <line num="27" count="7" type="stmt"/>
        <line num="29" count="7" type="cond" truecount="2" falsecount="0"/>
        <line num="30" count="2" type="stmt"/>
        <line num="35" count="2" type="cond" truecount="1" falsecount="1"/>
        <line num="37" count="2" type="cond" truecount="1" falsecount="1"/>
        <line num="39" count="2" type="stmt"/>
        <line num="49" count="4" type="stmt"/>
        <line num="51" count="4" type="cond" truecount="2" falsecount="0"/>
        <line num="52" count="1" type="stmt"/>
        <line num="54" count="1" type="stmt"/>
        <line num="55" count="1" type="stmt"/>
      </file>
      <file name="messages-details-analysis.js" path="/Users/richardsto/Code/polyPod/features/facebookImport/src/model/analyses/ministories/messages-details-analysis.js">
        <metrics statements="21" coveredstatements="0" conditionals="2" coveredconditionals="0" methods="4" coveredmethods="0"/>
        <line num="6" count="0" type="stmt"/>
        <line num="10" count="0" type="stmt"/>
        <line num="11" count="0" type="stmt"/>
        <line num="12" count="0" type="stmt"/>
        <line num="13" count="0" type="stmt"/>
        <line num="14" count="0" type="stmt"/>
        <line num="15" count="0" type="stmt"/>
        <line num="16" count="0" type="stmt"/>
        <line num="17" count="0" type="cond" truecount="0" falsecount="2"/>
        <line num="18" count="0" type="stmt"/>
        <line num="21" count="0" type="stmt"/>
        <line num="22" count="0" type="stmt"/>
        <line num="24" count="0" type="stmt"/>
        <line num="25" count="0" type="stmt"/>
        <line num="26" count="0" type="stmt"/>
        <line num="27" count="0" type="stmt"/>
        <line num="30" count="0" type="stmt"/>
        <line num="31" count="0" type="stmt"/>
        <line num="33" count="0" type="stmt"/>
        <line num="36" count="0" type="stmt"/>
        <line num="40" count="0" type="stmt"/>
      </file>
      <file name="off-facebook-events-types-analysis.js" path="/Users/richardsto/Code/polyPod/features/facebookImport/src/model/analyses/ministories/off-facebook-events-types-analysis.js">
        <metrics statements="7" coveredstatements="0" conditionals="2" coveredconditionals="0" methods="3" coveredmethods="0"/>
        <line num="8" count="0" type="stmt"/>
        <line num="12" count="0" type="stmt"/>
        <line num="13" count="0" type="stmt"/>
        <line num="14" count="0" type="cond" truecount="0" falsecount="2"/>
        <line num="15" count="0" type="stmt"/>
        <line num="18" count="0" type="stmt"/>
        <line num="22" count="0" type="stmt"/>
      </file>
      <file name="off-facebook-events-types-charts-analysis.js" path="/Users/richardsto/Code/polyPod/features/facebookImport/src/model/analyses/ministories/off-facebook-events-types-charts-analysis.js">
        <metrics statements="7" coveredstatements="0" conditionals="2" coveredconditionals="0" methods="3" coveredmethods="0"/>
        <line num="8" count="0" type="stmt"/>
        <line num="12" count="0" type="stmt"/>
        <line num="13" count="0" type="stmt"/>
        <line num="14" count="0" type="cond" truecount="0" falsecount="2"/>
        <line num="15" count="0" type="stmt"/>
        <line num="18" count="0" type="stmt"/>
        <line num="22" count="0" type="stmt"/>
      </file>
      <file name="on-off-facebook-advertisers-analysis.js" path="/Users/richardsto/Code/polyPod/features/facebookImport/src/model/analyses/ministories/on-off-facebook-advertisers-analysis.js">
        <metrics statements="8" coveredstatements="0" conditionals="2" coveredconditionals="0" methods="6" coveredmethods="0"/>
        <line num="7" count="0" type="stmt"/>
        <line num="11" count="0" type="stmt"/>
        <line num="15" count="0" type="stmt"/>
        <line num="16" count="0" type="stmt"/>
        <line num="19" count="0" type="cond" truecount="0" falsecount="2"/>
        <line num="22" count="0" type="stmt"/>
        <line num="26" count="0" type="stmt"/>
        <line num="51" count="0" type="stmt"/>
      </file>
      <file name="on-off-facebook-events-analysis.js" path="/Users/richardsto/Code/polyPod/features/facebookImport/src/model/analyses/ministories/on-off-facebook-events-analysis.js">
        <metrics statements="22" coveredstatements="22" conditionals="8" coveredconditionals="8" methods="5" coveredmethods="5"/>
        <line num="13" count="13" type="stmt"/>
        <line num="20" count="2" type="stmt"/>
        <line num="24" count="5" type="stmt"/>
        <line num="27" count="5" type="stmt"/>
        <line num="32" count="5" type="stmt"/>
        <line num="35" count="5" type="stmt"/>
        <line num="38" count="5" type="stmt"/>
        <line num="42" count="5" type="stmt"/>
        <line num="44" count="5" type="stmt"/>
        <line num="47" count="5" type="stmt"/>
        <line num="50" count="5" type="stmt"/>
        <line num="54" count="5" type="stmt"/>
        <line num="55" count="5" type="stmt"/>
        <line num="57" count="5" type="cond" truecount="2" falsecount="0"/>
        <line num="58" count="4" type="stmt"/>
        <line num="62" count="11" type="stmt"/>
        <line num="71" count="5" type="cond" truecount="2" falsecount="0"/>
        <line num="72" count="1" type="stmt"/>
        <line num="77" count="5" type="cond" truecount="2" falsecount="0"/>
        <line num="81" count="5" type="stmt"/>
        <line num="83" count="5" type="cond" truecount="2" falsecount="0"/>
        <line num="84" count="4" type="stmt"/>
      </file>
      <file name="pages-overview-activity.js" path="/Users/richardsto/Code/polyPod/features/facebookImport/src/model/analyses/ministories/pages-overview-activity.js">
        <metrics statements="4" coveredstatements="0" conditionals="0" coveredconditionals="0" methods="4" coveredmethods="0"/>
        <line num="7" count="0" type="stmt"/>
        <line num="11" count="0" type="stmt"/>
        <line num="32" count="0" type="stmt"/>
        <line num="36" count="0" type="stmt"/>
      </file>
      <file name="post-reactions-types-analysis.js" path="/Users/richardsto/Code/polyPod/features/facebookImport/src/model/analyses/ministories/post-reactions-types-analysis.js">
        <metrics statements="5" coveredstatements="5" conditionals="2" coveredconditionals="2" methods="2" coveredmethods="2"/>
        <line num="8" count="4" type="stmt"/>
        <line num="9" count="4" type="stmt"/>
        <line num="10" count="6" type="stmt"/>
        <line num="12" count="4" type="cond" truecount="2" falsecount="0"/>
        <line num="13" count="1" type="stmt"/>
      </file>
      <file name="searches-analysis.js" path="/Users/richardsto/Code/polyPod/features/facebookImport/src/model/analyses/ministories/searches-analysis.js">
        <metrics statements="4" coveredstatements="0" conditionals="0" coveredconditionals="0" methods="3" coveredmethods="0"/>
        <line num="5" count="0" type="stmt"/>
        <line num="9" count="0" type="stmt"/>
        <line num="10" count="0" type="stmt"/>
        <line num="14" count="0" type="stmt"/>
      </file>
    </package>
    <package name="src.model.analyses.report">
      <metrics statements="89" coveredstatements="54" conditionals="25" coveredconditionals="14" methods="40" coveredmethods="21"/>
      <file name="json-file-names-analysis.js" path="/Users/richardsto/Code/polyPod/features/facebookImport/src/model/analyses/report/json-file-names-analysis.js">
        <metrics statements="11" coveredstatements="10" conditionals="2" coveredconditionals="1" methods="5" coveredmethods="4"/>
        <line num="9" count="1" type="stmt"/>
        <line num="13" count="2" type="stmt"/>
        <line num="17" count="3" type="stmt"/>
        <line num="18" count="3" type="stmt"/>
        <line num="19" count="3" type="cond" truecount="1" falsecount="1"/>
        <line num="21" count="3" type="stmt"/>
        <line num="22" count="3" type="stmt"/>
        <line num="23" count="21" type="stmt"/>
        <line num="25" count="3" type="stmt"/>
        <line num="27" count="3" type="stmt"/>
        <line num="31" count="0" type="stmt"/>
      </file>
      <file name="missing-common-json-files.js" path="/Users/richardsto/Code/polyPod/features/facebookImport/src/model/analyses/report/missing-common-json-files.js">
        <metrics statements="7" coveredstatements="7" conditionals="2" coveredconditionals="2" methods="4" coveredmethods="4"/>
        <line num="7" count="4" type="stmt"/>
        <line num="8" count="13" type="stmt"/>
        <line num="9" count="4" type="stmt"/>
        <line num="10" count="48" type="stmt"/>
        <line num="11" count="40" type="stmt"/>
        <line num="12" count="4" type="cond" truecount="2" falsecount="0"/>
        <line num="13" count="3" type="stmt"/>
      </file>
      <file name="missing-known-json-files.js" path="/Users/richardsto/Code/polyPod/features/facebookImport/src/model/analyses/report/missing-known-json-files.js">
        <metrics statements="11" coveredstatements="11" conditionals="4" coveredconditionals="3" methods="6" coveredmethods="6"/>
        <line num="8" count="2" type="stmt"/>
        <line num="9" count="690" type="stmt"/>
        <line num="11" count="2" type="stmt"/>
        <line num="13" count="358" type="cond" truecount="2" falsecount="0"/>
        <line num="23" count="2" type="cond" truecount="1" falsecount="1"/>
        <line num="25" count="2" type="stmt"/>
        <line num="26" count="2" type="stmt"/>
        <line num="27" count="3" type="stmt"/>
        <line num="29" count="2" type="stmt"/>
        <line num="31" count="2" type="stmt"/>
        <line num="32" count="272" type="stmt"/>
      </file>
      <file name="no-data-folders.js" path="/Users/richardsto/Code/polyPod/features/facebookImport/src/model/analyses/report/no-data-folders.js">
        <metrics statements="14" coveredstatements="0" conditionals="4" coveredconditionals="0" methods="6" coveredmethods="0"/>
        <line num="9" count="0" type="stmt"/>
        <line num="13" count="0" type="stmt"/>
        <line num="17" count="0" type="stmt"/>
        <line num="18" count="0" type="stmt"/>
        <line num="19" count="0" type="stmt"/>
        <line num="20" count="0" type="cond" truecount="0" falsecount="2"/>
        <line num="21" count="0" type="stmt"/>
        <line num="22" count="0" type="cond" truecount="0" falsecount="2"/>
        <line num="23" count="0" type="stmt"/>
        <line num="27" count="0" type="stmt"/>
        <line num="30" count="0" type="stmt"/>
        <line num="31" count="0" type="stmt"/>
        <line num="33" count="0" type="stmt"/>
        <line num="37" count="0" type="stmt"/>
      </file>
      <file name="off-facebook-event-types-analysis.js" path="/Users/richardsto/Code/polyPod/features/facebookImport/src/model/analyses/report/off-facebook-event-types-analysis.js">
        <metrics statements="7" coveredstatements="6" conditionals="4" coveredconditionals="2" methods="3" coveredmethods="2"/>
        <line num="6" count="0" type="stmt"/>
        <line num="10" count="2" type="stmt"/>
        <line num="11" count="2" type="stmt"/>
        <line num="12" count="10" type="cond" truecount="1" falsecount="1"/>
        <line num="13" count="10" type="stmt"/>
        <line num="16" count="2" type="cond" truecount="1" falsecount="1"/>
        <line num="17" count="2" type="stmt"/>
      </file>
      <file name="report-metadata.js" path="/Users/richardsto/Code/polyPod/features/facebookImport/src/model/analyses/report/report-metadata.js">
        <metrics statements="9" coveredstatements="9" conditionals="2" coveredconditionals="2" methods="1" coveredmethods="1"/>
        <line num="6" count="3" type="stmt"/>
        <line num="7" count="3" type="stmt"/>
        <line num="8" count="3" type="stmt"/>
        <line num="10" count="3" type="stmt"/>
        <line num="13" count="3" type="stmt"/>
        <line num="15" count="3" type="stmt"/>
        <line num="16" count="3" type="stmt"/>
        <line num="19" count="3" type="stmt"/>
        <line num="20" count="3" type="stmt"/>
      </file>
      <file name="unknown-json-files.js" path="/Users/richardsto/Code/polyPod/features/facebookImport/src/model/analyses/report/unknown-json-files.js">
        <metrics statements="9" coveredstatements="0" conditionals="0" coveredconditionals="0" methods="6" coveredmethods="0"/>
        <line num="10" count="0" type="stmt"/>
        <line num="14" count="0" type="stmt"/>
        <line num="18" count="0" type="stmt"/>
        <line num="19" count="0" type="stmt"/>
        <line num="20" count="0" type="stmt"/>
        <line num="23" count="0" type="stmt"/>
        <line num="24" count="0" type="stmt"/>
        <line num="26" count="0" type="stmt"/>
        <line num="30" count="0" type="stmt"/>
      </file>
      <file name="unknown-top-level-folders-analysis.js" path="/Users/richardsto/Code/polyPod/features/facebookImport/src/model/analyses/report/unknown-top-level-folders-analysis.js">
        <metrics statements="10" coveredstatements="10" conditionals="5" coveredconditionals="4" methods="4" coveredmethods="4"/>
        <line num="7" count="3" type="stmt"/>
        <line num="8" count="3" type="stmt"/>
        <line num="10" count="3" type="stmt"/>
        <line num="11" count="8" type="stmt"/>
        <line num="12" count="8" type="cond" truecount="1" falsecount="1"/>
        <line num="17" count="8" type="stmt"/>
        <line num="20" count="3" type="stmt"/>
        <line num="25" count="3" type="stmt"/>
        <line num="29" count="3" type="stmt"/>
        <line num="31" count="8" type="stmt"/>
      </file>
      <file name="unkown-message-types-analysis.js" path="/Users/richardsto/Code/polyPod/features/facebookImport/src/model/analyses/report/unkown-message-types-analysis.js">
        <metrics statements="11" coveredstatements="1" conditionals="2" coveredconditionals="0" methods="5" coveredmethods="0"/>
        <line num="5" count="13" type="stmt"/>
        <line num="15" count="0" type="stmt"/>
        <line num="19" count="0" type="stmt"/>
        <line num="23" count="0" type="stmt"/>
        <line num="24" count="0" type="stmt"/>
        <line num="25" count="0" type="stmt"/>
        <line num="26" count="0" type="cond" truecount="0" falsecount="2"/>
        <line num="27" count="0" type="stmt"/>
        <line num="31" count="0" type="stmt"/>
        <line num="32" count="0" type="stmt"/>
        <line num="36" count="0" type="stmt"/>
      </file>
    </package>
    <package name="src.model.analyses.utils">
      <metrics statements="121" coveredstatements="115" conditionals="49" coveredconditionals="44" methods="41" coveredmethods="39"/>
      <file name="analysisKeys.js" path="/Users/richardsto/Code/polyPod/features/facebookImport/src/model/analyses/utils/analysisKeys.js">
        <metrics statements="0" coveredstatements="0" conditionals="0" coveredconditionals="0" methods="0" coveredmethods="0"/>
      </file>
      <file name="generate-scale.js" path="/Users/richardsto/Code/polyPod/features/facebookImport/src/model/analyses/utils/generate-scale.js">
        <metrics statements="15" coveredstatements="15" conditionals="8" coveredconditionals="8" methods="2" coveredmethods="2"/>
        <line num="1" count="14" type="stmt"/>
        <line num="22" count="13" type="stmt"/>
        <line num="23" count="13" type="stmt"/>
        <line num="24" count="13" type="stmt"/>
        <line num="25" count="13" type="cond" truecount="2" falsecount="0"/>
        <line num="26" count="13" type="cond" truecount="2" falsecount="0"/>
        <line num="27" count="3" type="stmt"/>
        <line num="28" count="3" type="stmt"/>
        <line num="30" count="13" type="stmt"/>
        <line num="31" count="13" type="stmt"/>
        <line num="32" count="13" type="stmt"/>
        <line num="36" count="57" type="stmt"/>
        <line num="38" count="13" type="cond" truecount="2" falsecount="0"/>
        <line num="39" count="13" type="cond" truecount="2" falsecount="0"/>
        <line num="43" count="23" type="stmt"/>
      </file>
      <file name="on-off-events-matching.js" path="/Users/richardsto/Code/polyPod/features/facebookImport/src/model/analyses/utils/on-off-events-matching.js">
        <metrics statements="35" coveredstatements="31" conditionals="18" coveredconditionals="15" methods="16" coveredmethods="14"/>
        <line num="4" count="658" type="cond" truecount="2" falsecount="0"/>
        <line num="10" count="323" type="cond" truecount="2" falsecount="0"/>
        <line num="11" count="1" type="stmt"/>
        <line num="13" count="322" type="stmt"/>
        <line num="14" count="322" type="cond" truecount="2" falsecount="0"/>
        <line num="15" count="157" type="stmt"/>
        <line num="17" count="165" type="stmt"/>
        <line num="21" count="323" type="stmt"/>
        <line num="28" count="177" type="stmt"/>
        <line num="39" count="90" type="stmt"/>
        <line num="46" count="78" type="stmt"/>
        <line num="52" count="16" type="stmt"/>
        <line num="58" count="90" type="stmt"/>
        <line num="60" count="168" type="stmt"/>
        <line num="79" count="6" type="stmt"/>
        <line num="80" count="6" type="stmt"/>
        <line num="81" count="6" type="stmt"/>
        <line num="83" count="6" type="stmt"/>
        <line num="84" count="12" type="stmt"/>
        <line num="86" count="84" type="stmt"/>
        <line num="88" count="12" type="cond" truecount="2" falsecount="0"/>
        <line num="89" count="10" type="stmt"/>
        <line num="97" count="6" type="stmt"/>
        <line num="101" count="0" type="stmt"/>
        <line num="102" count="0" type="cond" truecount="0" falsecount="2"/>
        <line num="103" count="0" type="stmt"/>
        <line num="105" count="0" type="stmt"/>
        <line num="110" count="1" type="stmt"/>
        <line num="111" count="1" type="stmt"/>
        <line num="112" count="8" type="cond" truecount="2" falsecount="0"/>
        <line num="113" count="3" type="stmt"/>
        <line num="116" count="1" type="stmt"/>
        <line num="120" count="1" type="stmt"/>
        <line num="121" count="7" type="cond" truecount="1" falsecount="1"/>
        <line num="122" count="8" type="stmt"/>
      </file>
      <file name="on-off-facebook-data-restructuring.js" path="/Users/richardsto/Code/polyPod/features/facebookImport/src/model/analyses/utils/on-off-facebook-data-restructuring.js">
        <metrics statements="50" coveredstatements="48" conditionals="19" coveredconditionals="17" methods="16" coveredmethods="16"/>
        <line num="1" count="13" type="stmt"/>
        <line num="4" count="37" type="stmt"/>
        <line num="8" count="7" type="stmt"/>
        <line num="9" count="637" type="stmt"/>
        <line num="14" count="6" type="cond" truecount="2" falsecount="0"/>
        <line num="15" count="2" type="stmt"/>
        <line num="16" count="2" type="stmt"/>
        <line num="22" count="2" type="stmt"/>
        <line num="23" count="2" type="stmt"/>
        <line num="24" count="2" type="stmt"/>
        <line num="26" count="64" type="stmt"/>
        <line num="27" count="64" type="stmt"/>
        <line num="30" count="25" type="stmt"/>
        <line num="37" count="2" type="stmt"/>
        <line num="38" count="10" type="cond" truecount="1" falsecount="1"/>
        <line num="39" count="10" type="cond" truecount="2" falsecount="0"/>
        <line num="43" count="4" type="stmt"/>
        <line num="44" count="4" type="stmt"/>
        <line num="46" count="6" type="cond" truecount="2" falsecount="0"/>
        <line num="50" count="1" type="stmt"/>
        <line num="51" count="1" type="stmt"/>
        <line num="53" count="5" type="cond" truecount="1" falsecount="1"/>
        <line num="57" count="0" type="stmt"/>
        <line num="58" count="0" type="stmt"/>
        <line num="64" count="2" type="stmt"/>
        <line num="69" count="2" type="stmt"/>
        <line num="70" count="6" type="cond" truecount="2" falsecount="0"/>
        <line num="71" count="3" type="stmt"/>
        <line num="72" count="3" type="stmt"/>
        <line num="73" count="15" type="cond" truecount="2" falsecount="0"/>
        <line num="74" count="11" type="cond" truecount="2" falsecount="0"/>
        <line num="78" count="4" type="stmt"/>
        <line num="82" count="3" type="stmt"/>
        <line num="86" count="2" type="stmt"/>
        <line num="90" count="2" type="stmt"/>
        <line num="91" count="2" type="stmt"/>
        <line num="92" count="5" type="stmt"/>
        <line num="93" count="455" type="stmt"/>
        <line num="96" count="2" type="stmt"/>
        <line num="103" count="2" type="stmt"/>
        <line num="104" count="2" type="stmt"/>
        <line num="105" count="6" type="stmt"/>
        <line num="106" count="6" type="stmt"/>
        <line num="107" count="19" type="stmt"/>
        <line num="111" count="6" type="stmt"/>
        <line num="112" count="16" type="stmt"/>
        <line num="117" count="2" type="stmt"/>
        <line num="121" count="4" type="stmt"/>
        <line num="123" count="12" type="stmt"/>
        <line num="125" count="8" type="stmt"/>
      </file>
      <file name="on-off-facebook-events-utils.js" path="/Users/richardsto/Code/polyPod/features/facebookImport/src/model/analyses/utils/on-off-facebook-events-utils.js">
        <metrics statements="10" coveredstatements="10" conditionals="2" coveredconditionals="2" methods="3" coveredmethods="3"/>
        <line num="2" count="4" type="stmt"/>
        <line num="3" count="4" type="stmt"/>
        <line num="4" count="19" type="cond" truecount="2" falsecount="0"/>
        <line num="5" count="11" type="stmt"/>
        <line num="7" count="19" type="stmt"/>
        <line num="10" count="4" type="stmt"/>
        <line num="11" count="4" type="stmt"/>
        <line num="12" count="11" type="stmt"/>
        <line num="18" count="4" type="stmt"/>
        <line num="19" count="11" type="stmt"/>
      </file>
      <file name="post-reactions-utils.js" path="/Users/richardsto/Code/polyPod/features/facebookImport/src/model/analyses/utils/post-reactions-utils.js">
        <metrics statements="11" coveredstatements="11" conditionals="2" coveredconditionals="2" methods="4" coveredmethods="4"/>
        <line num="2" count="4" type="stmt"/>
        <line num="3" count="4" type="stmt"/>
        <line num="4" count="9" type="cond" truecount="2" falsecount="0"/>
        <line num="5" count="6" type="stmt"/>
        <line num="7" count="9" type="stmt"/>
        <line num="10" count="4" type="stmt"/>
        <line num="11" count="4" type="stmt"/>
        <line num="12" count="6" type="stmt"/>
        <line num="17" count="4" type="stmt"/>
        <line num="18" count="5" type="stmt"/>
        <line num="23" count="4" type="stmt"/>
      </file>
    </package>
    <package name="src.model.entities">
      <metrics statements="182" coveredstatements="165" conditionals="34" coveredconditionals="24" methods="101" coveredmethods="94"/>
      <file name="connected-advertiser.js" path="/Users/richardsto/Code/polyPod/features/facebookImport/src/model/entities/connected-advertiser.js">
        <metrics statements="12" coveredstatements="10" conditionals="0" coveredconditionals="0" methods="9" coveredmethods="7"/>
        <line num="3" count="40" type="stmt"/>
        <line num="4" count="40" type="stmt"/>
        <line num="5" count="40" type="stmt"/>
        <line num="6" count="40" type="stmt"/>
        <line num="10" count="40" type="stmt"/>
        <line num="14" count="40" type="stmt"/>
        <line num="18" count="10" type="stmt"/>
        <line num="22" count="20" type="stmt"/>
        <line num="26" count="10" type="stmt"/>
        <line num="30" count="20" type="stmt"/>
        <line num="34" count="0" type="stmt"/>
        <line num="38" count="0" type="stmt"/>
      </file>
      <file name="consolidated-company.js" path="/Users/richardsto/Code/polyPod/features/facebookImport/src/model/entities/consolidated-company.js">
        <metrics statements="19" coveredstatements="19" conditionals="4" coveredconditionals="4" methods="11" coveredmethods="11"/>
        <line num="5" count="10" type="stmt"/>
        <line num="6" count="10" type="stmt"/>
        <line num="8" count="10" type="stmt"/>
        <line num="9" count="10" type="stmt"/>
        <line num="13" count="5" type="stmt"/>
        <line num="16" count="20" type="stmt"/>
        <line num="20" count="15" type="cond" truecount="2" falsecount="0"/>
        <line num="21" count="5" type="stmt"/>
        <line num="23" count="10" type="stmt"/>
        <line num="25" count="12" type="stmt"/>
        <line num="27" count="10" type="stmt"/>
        <line num="31" count="15" type="cond" truecount="2" falsecount="0"/>
        <line num="32" count="5" type="stmt"/>
        <line num="34" count="10" type="stmt"/>
        <line num="36" count="14" type="stmt"/>
        <line num="39" count="10" type="stmt"/>
        <line num="43" count="5" type="stmt"/>
        <line num="51" count="10" type="stmt"/>
        <line num="67" count="10" type="stmt"/>
      </file>
      <file name="facebook-account.js" path="/Users/richardsto/Code/polyPod/features/facebookImport/src/model/entities/facebook-account.js">
        <metrics statements="42" coveredstatements="39" conditionals="6" coveredconditionals="4" methods="17" coveredmethods="15"/>
        <line num="8" count="100" type="stmt"/>
        <line num="9" count="100" type="stmt"/>
        <line num="10" count="100" type="stmt"/>
        <line num="11" count="100" type="stmt"/>
        <line num="12" count="100" type="stmt"/>
        <line num="13" count="100" type="stmt"/>
        <line num="14" count="100" type="stmt"/>
        <line num="15" count="100" type="stmt"/>
        <line num="16" count="100" type="stmt"/>
        <line num="17" count="100" type="stmt"/>
        <line num="18" count="100" type="stmt"/>
        <line num="19" count="100" type="stmt"/>
        <line num="20" count="100" type="stmt"/>
        <line num="21" count="100" type="stmt"/>
        <line num="22" count="100" type="stmt"/>
        <line num="23" count="100" type="stmt"/>
        <line num="24" count="100" type="stmt"/>
        <line num="26" count="100" type="stmt"/>
        <line num="27" count="100" type="stmt"/>
        <line num="31" count="5" type="stmt"/>
        <line num="35" count="2" type="stmt"/>
        <line num="36" count="4" type="cond" truecount="1" falsecount="1"/>
        <line num="37" count="4" type="stmt"/>
        <line num="39" count="0" type="stmt"/>
        <line num="44" count="6" type="stmt"/>
        <line num="45" count="6" type="stmt"/>
        <line num="46" count="27" type="cond" truecount="2" falsecount="0"/>
        <line num="47" count="13" type="stmt"/>
        <line num="50" count="6" type="stmt"/>
        <line num="54" count="0" type="stmt"/>
        <line num="58" count="5" type="stmt"/>
        <line num="62" count="2" type="stmt"/>
        <line num="66" count="8" type="stmt"/>
        <line num="70" count="0" type="stmt"/>
        <line num="74" count="1" type="stmt"/>
        <line num="78" count="6" type="stmt"/>
        <line num="82" count="12" type="stmt"/>
        <line num="83" count="35" type="cond" truecount="1" falsecount="1"/>
        <line num="84" count="56" type="stmt"/>
        <line num="90" count="1" type="stmt"/>
        <line num="94" count="4" type="stmt"/>
        <line num="98" count="2" type="stmt"/>
      </file>
      <file name="message-thread.js" path="/Users/richardsto/Code/polyPod/features/facebookImport/src/model/entities/message-thread.js">
        <metrics statements="47" coveredstatements="39" conditionals="14" coveredconditionals="10" methods="16" coveredmethods="15"/>
        <line num="3" count="5" type="stmt"/>
        <line num="4" count="5" type="stmt"/>
        <line num="5" count="5" type="stmt"/>
        <line num="6" count="5" type="stmt"/>
        <line num="7" count="5" type="stmt"/>
        <line num="8" count="5" type="stmt"/>
        <line num="9" count="5" type="stmt"/>
        <line num="10" count="5" type="stmt"/>
        <line num="11" count="5" type="stmt"/>
        <line num="15" count="14" type="cond" truecount="1" falsecount="1"/>
        <line num="16" count="14" type="stmt"/>
        <line num="17" count="14" type="cond" truecount="1" falsecount="1"/>
        <line num="19" count="14" type="stmt"/>
        <line num="20" count="14" type="cond" truecount="2" falsecount="0"/>
        <line num="21" count="6" type="stmt"/>
        <line num="23" count="14" type="cond" truecount="2" falsecount="0"/>
        <line num="24" count="2" type="stmt"/>
        <line num="25" count="2" type="stmt"/>
        <line num="30" count="5" type="stmt"/>
        <line num="31" count="5" type="cond" truecount="2" falsecount="0"/>
        <line num="32" count="8" type="stmt"/>
        <line num="34" count="5" type="stmt"/>
        <line num="35" count="5" type="stmt"/>
        <line num="36" count="5" type="cond" truecount="2" falsecount="0"/>
        <line num="37" count="1" type="stmt"/>
        <line num="39" count="4" type="stmt"/>
        <line num="40" count="4" type="stmt"/>
        <line num="41" count="14" type="stmt"/>
        <line num="46" count="4" type="stmt"/>
        <line num="50" count="4" type="stmt"/>
        <line num="54" count="5" type="stmt"/>
        <line num="58" count="8" type="stmt"/>
        <line num="62" count="2" type="stmt"/>
        <line num="66" count="2" type="stmt"/>
        <line num="70" count="2" type="stmt"/>
        <line num="74" count="2" type="stmt"/>
        <line num="78" count="2" type="stmt"/>
        <line num="82" count="2" type="stmt"/>
        <line num="83" count="7" type="stmt"/>
        <line num="88" count="0" type="stmt"/>
        <line num="89" count="0" type="stmt"/>
        <line num="90" count="0" type="stmt"/>
        <line num="91" count="0" type="stmt"/>
        <line num="92" count="0" type="stmt"/>
        <line num="93" count="0" type="cond" truecount="0" falsecount="2"/>
        <line num="94" count="0" type="stmt"/>
        <line num="96" count="0" type="stmt"/>
      </file>
      <file name="message-threads-group.js" path="/Users/richardsto/Code/polyPod/features/facebookImport/src/model/entities/message-threads-group.js">
        <metrics statements="18" coveredstatements="14" conditionals="2" coveredconditionals="1" methods="11" coveredmethods="9"/>
        <line num="5" count="100" type="stmt"/>
        <line num="9" count="17" type="stmt"/>
        <line num="13" count="2" type="stmt"/>
        <line num="17" count="8" type="stmt"/>
        <line num="18" count="4" type="stmt"/>
        <line num="24" count="0" type="stmt"/>
        <line num="28" count="6" type="stmt"/>
        <line num="29" count="2" type="stmt"/>
        <line num="34" count="5" type="stmt"/>
        <line num="35" count="5" type="stmt"/>
        <line num="36" count="5" type="stmt"/>
        <line num="37" count="5" type="cond" truecount="1" falsecount="1"/>
        <line num="38" count="0" type="stmt"/>
        <line num="39" count="5" type="stmt"/>
        <line num="43" count="4" type="stmt"/>
        <line num="44" count="5" type="stmt"/>
        <line num="49" count="0" type="stmt"/>
        <line num="50" count="0" type="stmt"/>
      </file>
      <file name="related-account.js" path="/Users/richardsto/Code/polyPod/features/facebookImport/src/model/entities/related-account.js">
        <metrics statements="20" coveredstatements="20" conditionals="6" coveredconditionals="3" methods="17" coveredmethods="17"/>
        <line num="3" count="20" type="stmt"/>
        <line num="4" count="20" type="stmt"/>
        <line num="5" count="20" type="stmt"/>
        <line num="6" count="20" type="stmt"/>
        <line num="10" count="26" type="stmt"/>
        <line num="14" count="81" type="stmt"/>
        <line num="18" count="7" type="stmt"/>
        <line num="22" count="111" type="stmt"/>
        <line num="26" count="20" type="stmt"/>
        <line num="30" count="29" type="stmt"/>
        <line num="34" count="18" type="stmt"/>
        <line num="38" count="32" type="stmt"/>
        <line num="39" count="41" type="cond" truecount="1" falsecount="1"/>
        <line num="45" count="14" type="stmt"/>
        <line num="46" count="20" type="cond" truecount="1" falsecount="1"/>
        <line num="52" count="29" type="stmt"/>
        <line num="56" count="25" type="stmt"/>
        <line num="60" count="12" type="stmt"/>
        <line num="61" count="14" type="stmt"/>
        <line num="62" count="14" type="cond" truecount="1" falsecount="1"/>
      </file>
      <file name="related-accounts-group.js" path="/Users/richardsto/Code/polyPod/features/facebookImport/src/model/entities/related-accounts-group.js">
        <metrics statements="14" coveredstatements="14" conditionals="2" coveredconditionals="2" methods="12" coveredmethods="12"/>
        <line num="3" count="108" type="stmt"/>
        <line num="7" count="8" type="stmt"/>
        <line num="11" count="5" type="stmt"/>
        <line num="15" count="5" type="stmt"/>
        <line num="16" count="8" type="stmt"/>
        <line num="22" count="5" type="stmt"/>
        <line num="23" count="8" type="stmt"/>
        <line num="29" count="9" type="stmt"/>
        <line num="30" count="20" type="stmt"/>
        <line num="35" count="7" type="stmt"/>
        <line num="36" count="18" type="stmt"/>
        <line num="41" count="6" type="stmt"/>
        <line num="43" count="12" type="stmt"/>
        <line num="44" count="12" type="cond" truecount="2" falsecount="0"/>
      </file>
      <file name="related-post.js" path="/Users/richardsto/Code/polyPod/features/facebookImport/src/model/entities/related-post.js">
        <metrics statements="10" coveredstatements="10" conditionals="0" coveredconditionals="0" methods="8" coveredmethods="8"/>
        <line num="5" count="25" type="stmt"/>
        <line num="6" count="25" type="stmt"/>
        <line num="7" count="25" type="stmt"/>
        <line num="11" count="18" type="stmt"/>
        <line num="15" count="61" type="stmt"/>
        <line num="19" count="22" type="stmt"/>
        <line num="23" count="29" type="stmt"/>
        <line num="27" count="29" type="stmt"/>
        <line num="31" count="28" type="stmt"/>
        <line num="35" count="14" type="stmt"/>
      </file>
    </package>
    <package name="src.model.importers">
      <metrics statements="247" coveredstatements="243" conditionals="36" coveredconditionals="31" methods="71" coveredmethods="69"/>
      <file name="account-session-activities-importer.js" path="/Users/richardsto/Code/polyPod/features/facebookImport/src/model/importers/account-session-activities-importer.js">
        <metrics statements="5" coveredstatements="5" conditionals="0" coveredconditionals="0" methods="1" coveredmethods="1"/>
        <line num="4" count="14" type="stmt"/>
        <line num="5" count="14" type="stmt"/>
        <line num="6" count="14" type="stmt"/>
        <line num="10" count="23" type="stmt"/>
        <line num="18" count="14" type="stmt"/>
      </file>
      <file name="ad-interests-importer.js" path="/Users/richardsto/Code/polyPod/features/facebookImport/src/model/importers/ad-interests-importer.js">
        <metrics statements="5" coveredstatements="5" conditionals="0" coveredconditionals="0" methods="1" coveredmethods="1"/>
        <line num="4" count="31" type="stmt"/>
        <line num="5" count="31" type="stmt"/>
        <line num="6" count="31" type="stmt"/>
        <line num="10" count="23" type="stmt"/>
        <line num="18" count="31" type="stmt"/>
      </file>
      <file name="admin-records-importer.js" path="/Users/richardsto/Code/polyPod/features/facebookImport/src/model/importers/admin-records-importer.js">
        <metrics statements="5" coveredstatements="5" conditionals="0" coveredconditionals="0" methods="1" coveredmethods="1"/>
        <line num="4" count="14" type="stmt"/>
        <line num="5" count="14" type="stmt"/>
        <line num="6" count="14" type="stmt"/>
        <line num="10" count="23" type="stmt"/>
        <line num="17" count="14" type="stmt"/>
      </file>
      <file name="comments-importer.js" path="/Users/richardsto/Code/polyPod/features/facebookImport/src/model/importers/comments-importer.js">
        <metrics statements="8" coveredstatements="8" conditionals="0" coveredconditionals="0" methods="4" coveredmethods="4"/>
        <line num="3" count="31" type="stmt"/>
        <line num="4" count="31" type="stmt"/>
        <line num="5" count="31" type="stmt"/>
        <line num="9" count="23" type="stmt"/>
        <line num="13" count="6" type="stmt"/>
        <line num="19" count="1" type="stmt"/>
        <line num="20" count="6" type="stmt"/>
        <line num="25" count="31" type="stmt"/>
      </file>
      <file name="connected-advertisers-all-types-importer.js" path="/Users/richardsto/Code/polyPod/features/facebookImport/src/model/importers/connected-advertisers-all-types-importer.js">
        <metrics statements="13" coveredstatements="13" conditionals="0" coveredconditionals="0" methods="4" coveredmethods="4"/>
        <line num="5" count="31" type="stmt"/>
        <line num="7" count="31" type="stmt"/>
        <line num="10" count="31" type="stmt"/>
        <line num="14" count="23" type="stmt"/>
        <line num="22" count="20" type="stmt"/>
        <line num="23" count="20" type="stmt"/>
        <line num="25" count="20" type="stmt"/>
        <line num="27" count="20" type="stmt"/>
        <line num="29" count="20" type="stmt"/>
        <line num="32" count="20" type="stmt"/>
        <line num="36" count="2" type="stmt"/>
        <line num="37" count="20" type="stmt"/>
        <line num="42" count="31" type="stmt"/>
      </file>
      <file name="connected-advertisers-importer.js" path="/Users/richardsto/Code/polyPod/features/facebookImport/src/model/importers/connected-advertisers-importer.js">
        <metrics statements="10" coveredstatements="10" conditionals="0" coveredconditionals="0" methods="4" coveredmethods="4"/>
        <line num="5" count="31" type="stmt"/>
        <line num="6" count="31" type="stmt"/>
        <line num="7" count="31" type="stmt"/>
        <line num="11" count="23" type="stmt"/>
        <line num="19" count="20" type="stmt"/>
        <line num="20" count="20" type="stmt"/>
        <line num="21" count="20" type="stmt"/>
        <line num="25" count="2" type="stmt"/>
        <line num="26" count="20" type="stmt"/>
        <line num="31" count="31" type="stmt"/>
      </file>
      <file name="direct-key-data-importer.js" path="/Users/richardsto/Code/polyPod/features/facebookImport/src/model/importers/direct-key-data-importer.js">
        <metrics statements="6" coveredstatements="6" conditionals="2" coveredconditionals="2" methods="2" coveredmethods="2"/>
        <line num="6" count="449" type="stmt"/>
        <line num="7" count="449" type="stmt"/>
        <line num="8" count="449" type="stmt"/>
        <line num="9" count="449" type="stmt"/>
        <line num="13" count="449" type="stmt"/>
        <line num="19" count="27" type="stmt"/>
      </file>
      <file name="friend-requests-received-importer.js" path="/Users/richardsto/Code/polyPod/features/facebookImport/src/model/importers/friend-requests-received-importer.js">
        <metrics statements="5" coveredstatements="5" conditionals="0" coveredconditionals="0" methods="1" coveredmethods="1"/>
        <line num="4" count="14" type="stmt"/>
        <line num="5" count="14" type="stmt"/>
        <line num="6" count="14" type="stmt"/>
        <line num="10" count="23" type="stmt"/>
        <line num="18" count="14" type="stmt"/>
      </file>
      <file name="friends-importer.js" path="/Users/richardsto/Code/polyPod/features/facebookImport/src/model/importers/friends-importer.js">
        <metrics statements="5" coveredstatements="5" conditionals="0" coveredconditionals="0" methods="1" coveredmethods="1"/>
        <line num="3" count="31" type="stmt"/>
        <line num="4" count="31" type="stmt"/>
        <line num="5" count="31" type="stmt"/>
        <line num="9" count="23" type="stmt"/>
        <line num="13" count="31" type="stmt"/>
      </file>
      <file name="interacted-with-advertisers-importer.js" path="/Users/richardsto/Code/polyPod/features/facebookImport/src/model/importers/interacted-with-advertisers-importer.js">
        <metrics statements="5" coveredstatements="5" conditionals="0" coveredconditionals="0" methods="1" coveredmethods="1"/>
        <line num="4" count="31" type="stmt"/>
        <line num="5" count="31" type="stmt"/>
        <line num="6" count="31" type="stmt"/>
        <line num="10" count="23" type="stmt"/>
        <line num="18" count="31" type="stmt"/>
      </file>
      <file name="language-and-locale-importer.js" path="/Users/richardsto/Code/polyPod/features/facebookImport/src/model/importers/language-and-locale-importer.js">
        <metrics statements="17" coveredstatements="17" conditionals="10" coveredconditionals="9" methods="4" coveredmethods="4"/>
        <line num="5" count="31" type="stmt"/>
        <line num="6" count="31" type="stmt"/>
        <line num="7" count="31" type="stmt"/>
        <line num="42" count="26" type="stmt"/>
        <line num="50" count="5" type="stmt"/>
        <line num="51" count="4" type="cond" truecount="3" falsecount="1"/>
        <line num="52" count="4" type="stmt"/>
        <line num="53" count="4" type="stmt"/>
        <line num="58" count="5" type="cond" truecount="2" falsecount="0"/>
        <line num="59" count="4" type="stmt"/>
        <line num="60" count="4" type="stmt"/>
        <line num="67" count="26" type="stmt"/>
        <line num="68" count="5" type="stmt"/>
        <line num="70" count="5" type="cond" truecount="2" falsecount="0"/>
        <line num="71" count="1" type="stmt"/>
        <line num="81" count="4" type="stmt"/>
        <line num="87" count="31" type="stmt"/>
      </file>
      <file name="messages-importer.js" path="/Users/richardsto/Code/polyPod/features/facebookImport/src/model/importers/messages-importer.js">
        <metrics statements="3" coveredstatements="3" conditionals="0" coveredconditionals="0" methods="2" coveredmethods="2"/>
        <line num="5" count="59" type="stmt"/>
        <line num="11" count="4" type="stmt"/>
        <line num="17" count="31" type="stmt"/>
      </file>
      <file name="multiple-files-importer.js" path="/Users/richardsto/Code/polyPod/features/facebookImport/src/model/importers/multiple-files-importer.js">
        <metrics statements="28" coveredstatements="27" conditionals="4" coveredconditionals="4" methods="15" coveredmethods="13"/>
        <line num="12" count="0" type="stmt"/>
        <line num="19" count="48" type="stmt"/>
        <line num="20" count="120" type="stmt"/>
        <line num="24" count="18" type="stmt"/>
        <line num="26" count="12" type="stmt"/>
        <line num="35" count="6" type="stmt"/>
        <line num="45" count="11" type="stmt"/>
        <line num="47" count="18" type="stmt"/>
        <line num="51" count="11" type="stmt"/>
        <line num="52" count="18" type="stmt"/>
        <line num="55" count="11" type="stmt"/>
        <line num="56" count="12" type="stmt"/>
        <line num="58" count="12" type="stmt"/>
        <line num="59" count="11" type="stmt"/>
        <line num="61" count="8" type="stmt"/>
        <line num="62" count="15" type="stmt"/>
        <line num="63" count="6" type="stmt"/>
        <line num="67" count="37" type="stmt"/>
[...]
        <line num="12" count="1" type="stmt"/>
        <line num="16" count="1" type="stmt"/>
        <line num="117" count="1" type="stmt"/>
        <line num="123" count="1" type="stmt"/>
      </file>
      <file name="ad-interests-data.js" path="/Users/richardsto/Code/polyPod/features/facebookImport/test/datasets/ad-interests-data.js">
        <metrics statements="4" coveredstatements="4" conditionals="0" coveredconditionals="0" methods="3" coveredmethods="3"/>
        <line num="7" count="1" type="stmt"/>
        <line num="12" count="1" type="stmt"/>
        <line num="16" count="1" type="stmt"/>
        <line num="29" count="1" type="stmt"/>
      </file>
      <file name="ad-views-data.js" path="/Users/richardsto/Code/polyPod/features/facebookImport/test/datasets/ad-views-data.js">
        <metrics statements="16" coveredstatements="16" conditionals="0" coveredconditionals="0" methods="9" coveredmethods="9"/>
        <line num="4" count="9" type="stmt"/>
        <line num="7" count="4" type="stmt"/>
        <line num="60" count="4" type="stmt"/>
        <line num="67" count="3" type="stmt"/>
        <line num="68" count="3" type="stmt"/>
        <line num="117" count="1" type="stmt"/>
        <line num="121" count="1" type="stmt"/>
        <line num="125" count="1" type="stmt"/>
        <line num="129" count="1" type="stmt"/>
        <line num="130" count="1" type="stmt"/>
        <line num="169" count="1" type="stmt"/>
        <line num="170" count="1" type="stmt"/>
        <line num="188" count="1" type="stmt"/>
        <line num="189" count="1" type="stmt"/>
        <line num="204" count="1" type="stmt"/>
        <line num="205" count="1" type="stmt"/>
      </file>
      <file name="admin-records-data.js" path="/Users/richardsto/Code/polyPod/features/facebookImport/test/datasets/admin-records-data.js">
        <metrics statements="5" coveredstatements="5" conditionals="0" coveredconditionals="0" methods="4" coveredmethods="4"/>
        <line num="7" count="1" type="stmt"/>
        <line num="12" count="1" type="stmt"/>
        <line num="16" count="1" type="stmt"/>
        <line num="101" count="1" type="stmt"/>
        <line num="107" count="1" type="stmt"/>
      </file>
      <file name="comments-data.js" path="/Users/richardsto/Code/polyPod/features/facebookImport/test/datasets/comments-data.js">
        <metrics statements="5" coveredstatements="5" conditionals="1" coveredconditionals="1" methods="4" coveredmethods="4"/>
        <line num="7" count="1" type="stmt"/>
        <line num="12" count="1" type="stmt"/>
        <line num="20" count="6" type="stmt"/>
        <line num="36" count="1" type="stmt"/>
        <line num="47" count="1" type="stmt"/>
      </file>
      <file name="connected-advertisers-all-types-data.js" path="/Users/richardsto/Code/polyPod/features/facebookImport/test/datasets/connected-advertisers-all-types-data.js">
        <metrics statements="7" coveredstatements="7" conditionals="0" coveredconditionals="0" methods="5" coveredmethods="5"/>
        <line num="7" count="3" type="stmt"/>
        <line num="12" count="20" type="stmt"/>
        <line num="21" count="2" type="stmt"/>
        <line num="23" count="20" type="stmt"/>
        <line num="28" count="3" type="stmt"/>
        <line num="42" count="2" type="stmt"/>
        <line num="48" count="2" type="stmt"/>
      </file>
      <file name="connected-advertisers-data.js" path="/Users/richardsto/Code/polyPod/features/facebookImport/test/datasets/connected-advertisers-data.js">
        <metrics statements="5" coveredstatements="5" conditionals="0" coveredconditionals="0" methods="4" coveredmethods="4"/>
        <line num="8" count="2" type="stmt"/>
        <line num="13" count="2" type="stmt"/>
        <line num="14" count="20" type="stmt"/>
        <line num="19" count="2" type="stmt"/>
        <line num="25" count="2" type="stmt"/>
      </file>
      <file name="friend-requests-received-data.js" path="/Users/richardsto/Code/polyPod/features/facebookImport/test/datasets/friend-requests-received-data.js">
        <metrics statements="5" coveredstatements="5" conditionals="0" coveredconditionals="0" methods="4" coveredmethods="4"/>
        <line num="7" count="1" type="stmt"/>
        <line num="12" count="1" type="stmt"/>
        <line num="16" count="1" type="stmt"/>
        <line num="45" count="1" type="stmt"/>
        <line num="54" count="1" type="stmt"/>
      </file>
      <file name="friends-data.js" path="/Users/richardsto/Code/polyPod/features/facebookImport/test/datasets/friends-data.js">
        <metrics statements="5" coveredstatements="5" conditionals="0" coveredconditionals="0" methods="4" coveredmethods="4"/>
        <line num="7" count="1" type="stmt"/>
        <line num="12" count="1" type="stmt"/>
        <line num="16" count="1" type="stmt"/>
        <line num="41" count="1" type="stmt"/>
        <line num="45" count="1" type="stmt"/>
      </file>
      <file name="interacted-with-advertisers-data.js" path="/Users/richardsto/Code/polyPod/features/facebookImport/test/datasets/interacted-with-advertisers-data.js">
        <metrics statements="4" coveredstatements="4" conditionals="0" coveredconditionals="0" methods="3" coveredmethods="3"/>
        <line num="7" count="3" type="stmt"/>
        <line num="12" count="3" type="stmt"/>
        <line num="16" count="3" type="stmt"/>
        <line num="51" count="1" type="stmt"/>
      </file>
      <file name="language-and-locale-data.js" path="/Users/richardsto/Code/polyPod/features/facebookImport/test/datasets/language-and-locale-data.js">
        <metrics statements="18" coveredstatements="18" conditionals="10" coveredconditionals="9" methods="4" coveredmethods="4"/>
        <line num="3" count="2" type="stmt"/>
        <line num="116" count="5" type="stmt"/>
        <line num="117" count="5" type="stmt"/>
        <line num="118" count="5" type="cond" truecount="2" falsecount="0"/>
        <line num="119" count="4" type="stmt"/>
        <line num="133" count="4" type="cond" truecount="1" falsecount="1"/>
        <line num="134" count="4" type="stmt"/>
        <line num="138" count="8" type="stmt"/>
        <line num="147" count="4" type="stmt"/>
        <line num="154" count="5" type="cond" truecount="2" falsecount="0"/>
        <line num="155" count="4" type="stmt"/>
        <line num="168" count="5" type="cond" truecount="2" falsecount="0"/>
        <line num="169" count="4" type="stmt"/>
        <line num="173" count="8" type="stmt"/>
        <line num="182" count="5" type="cond" truecount="2" falsecount="0"/>
        <line num="183" count="4" type="stmt"/>
        <line num="196" count="5" type="stmt"/>
        <line num="204" count="4" type="stmt"/>
      </file>
      <file name="messages-data.js" path="/Users/richardsto/Code/polyPod/features/facebookImport/test/datasets/messages-data.js">
        <metrics statements="13" coveredstatements="13" conditionals="2" coveredconditionals="1" methods="6" coveredmethods="6"/>
        <line num="3" count="2" type="stmt"/>
        <line num="10" count="2" type="stmt"/>
        <line num="54" count="2" type="stmt"/>
        <line num="91" count="7" type="stmt"/>
        <line num="95" count="4" type="stmt"/>
        <line num="99" count="2" type="stmt"/>
        <line num="100" count="2" type="stmt"/>
        <line num="101" count="2" type="stmt"/>
        <line num="108" count="1" type="stmt"/>
        <line num="109" count="1" type="stmt"/>
        <line num="113" count="1" type="stmt"/>
        <line num="117" count="1" type="stmt"/>
        <line num="121" count="1" type="stmt"/>
      </file>
      <file name="off-facebook-events-data.js" path="/Users/richardsto/Code/polyPod/features/facebookImport/test/datasets/off-facebook-events-data.js">
        <metrics statements="3" coveredstatements="3" conditionals="0" coveredconditionals="0" methods="2" coveredmethods="2"/>
        <line num="4" count="5" type="stmt"/>
        <line num="10" count="5" type="stmt"/>
        <line num="52" count="3" type="stmt"/>
      </file>
      <file name="on-off-events-comparison-data.js" path="/Users/richardsto/Code/polyPod/features/facebookImport/test/datasets/on-off-events-comparison-data.js">
        <metrics statements="3" coveredstatements="3" conditionals="0" coveredconditionals="0" methods="3" coveredmethods="3"/>
        <line num="29" count="2" type="stmt"/>
        <line num="138" count="2" type="stmt"/>
        <line num="223" count="2" type="stmt"/>
      </file>
      <file name="on-off-facebook-events-data.js" path="/Users/richardsto/Code/polyPod/features/facebookImport/test/datasets/on-off-facebook-events-data.js">
        <metrics statements="1" coveredstatements="1" conditionals="0" coveredconditionals="0" methods="1" coveredmethods="1"/>
        <line num="4" count="1" type="stmt"/>
      </file>
      <file name="page-followed-data.js" path="/Users/richardsto/Code/polyPod/features/facebookImport/test/datasets/page-followed-data.js">
        <metrics statements="5" coveredstatements="5" conditionals="0" coveredconditionals="0" methods="4" coveredmethods="4"/>
        <line num="7" count="1" type="stmt"/>
        <line num="12" count="1" type="stmt"/>
        <line num="16" count="1" type="stmt"/>
        <line num="48" count="1" type="stmt"/>
        <line num="54" count="1" type="stmt"/>
      </file>
      <file name="page-liked-data.js" path="/Users/richardsto/Code/polyPod/features/facebookImport/test/datasets/page-liked-data.js">
        <metrics statements="5" coveredstatements="5" conditionals="0" coveredconditionals="0" methods="4" coveredmethods="4"/>
        <line num="7" count="1" type="stmt"/>
        <line num="12" count="1" type="stmt"/>
        <line num="16" count="1" type="stmt"/>
        <line num="37" count="1" type="stmt"/>
        <line num="43" count="1" type="stmt"/>
      </file>
      <file name="page-recommended-data.js" path="/Users/richardsto/Code/polyPod/features/facebookImport/test/datasets/page-recommended-data.js">
        <metrics statements="5" coveredstatements="5" conditionals="0" coveredconditionals="0" methods="4" coveredmethods="4"/>
        <line num="7" count="1" type="stmt"/>
        <line num="12" count="1" type="stmt"/>
        <line num="16" count="1" type="stmt"/>
        <line num="51" count="1" type="stmt"/>
        <line num="57" count="1" type="stmt"/>
      </file>
      <file name="pages-unfollowed-data.js" path="/Users/richardsto/Code/polyPod/features/facebookImport/test/datasets/pages-unfollowed-data.js">
        <metrics statements="5" coveredstatements="5" conditionals="0" coveredconditionals="0" methods="4" coveredmethods="4"/>
        <line num="7" count="1" type="stmt"/>
        <line num="12" count="1" type="stmt"/>
        <line num="16" count="1" type="stmt"/>
        <line num="39" count="1" type="stmt"/>
        <line num="45" count="1" type="stmt"/>
      </file>
      <file name="post-reactions-data.js" path="/Users/richardsto/Code/polyPod/features/facebookImport/test/datasets/post-reactions-data.js">
        <metrics statements="5" coveredstatements="5" conditionals="0" coveredconditionals="0" methods="4" coveredmethods="4"/>
        <line num="7" count="2" type="stmt"/>
        <line num="13" count="4" type="stmt"/>
        <line num="17" count="36" type="stmt"/>
        <line num="32" count="4" type="stmt"/>
        <line num="46" count="2" type="stmt"/>
      </file>
      <file name="posts-data.js" path="/Users/richardsto/Code/polyPod/features/facebookImport/test/datasets/posts-data.js">
        <metrics statements="18" coveredstatements="18" conditionals="1" coveredconditionals="1" methods="10" coveredmethods="10"/>
        <line num="4" count="1" type="stmt"/>
        <line num="6" count="7" type="stmt"/>
        <line num="9" count="1" type="stmt"/>
        <line num="13" count="1" type="stmt"/>
        <line num="18" count="19" type="stmt"/>
        <line num="29" count="3" type="stmt"/>
        <line num="30" count="15" type="stmt"/>
        <line num="35" count="1" type="stmt"/>
        <line num="36" count="4" type="stmt"/>
        <line num="41" count="1" type="stmt"/>
        <line num="48" count="1" type="stmt"/>
        <line num="52" count="1" type="stmt"/>
        <line num="55" count="1" type="stmt"/>
        <line num="56" count="1" type="stmt"/>
        <line num="60" count="1" type="stmt"/>
        <line num="61" count="1" type="stmt"/>
        <line num="62" count="1" type="stmt"/>
        <line num="63" count="1" type="stmt"/>
      </file>
      <file name="searches-data.js" path="/Users/richardsto/Code/polyPod/features/facebookImport/test/datasets/searches-data.js">
        <metrics statements="5" coveredstatements="5" conditionals="0" coveredconditionals="0" methods="4" coveredmethods="4"/>
        <line num="7" count="1" type="stmt"/>
        <line num="12" count="1" type="stmt"/>
        <line num="16" count="9" type="stmt"/>
        <line num="37" count="1" type="stmt"/>
        <line num="51" count="1" type="stmt"/>
      </file>
    </package>
    <package name="test.importers.test-definition">
      <metrics statements="16" coveredstatements="16" conditionals="0" coveredconditionals="0" methods="7" coveredmethods="7"/>
      <file name="importer-tests-definition.js" path="/Users/richardsto/Code/polyPod/features/facebookImport/test/importers/test-definition/importer-tests-definition.js">
        <metrics statements="16" coveredstatements="16" conditionals="0" coveredconditionals="0" methods="7" coveredmethods="7"/>
        <line num="10" count="3" type="stmt"/>
        <line num="11" count="3" type="stmt"/>
        <line num="12" count="3" type="stmt"/>
        <line num="15" count="8" type="stmt"/>
        <line num="16" count="8" type="stmt"/>
        <line num="20" count="8" type="stmt"/>
        <line num="25" count="3" type="stmt"/>
        <line num="26" count="3" type="stmt"/>
        <line num="29" count="8" type="stmt"/>
        <line num="30" count="8" type="stmt"/>
        <line num="34" count="8" type="stmt"/>
        <line num="39" count="3" type="stmt"/>
        <line num="40" count="3" type="stmt"/>
        <line num="49" count="8" type="stmt"/>
        <line num="54" count="8" type="stmt"/>
        <line num="56" count="8" type="stmt"/>
      </file>
    </package>
    <package name="test.mocks">
      <metrics statements="1" coveredstatements="1" conditionals="0" coveredconditionals="0" methods="1" coveredmethods="1"/>
      <file name="i18n-mock.js" path="/Users/richardsto/Code/polyPod/features/facebookImport/test/mocks/i18n-mock.js">
        <metrics statements="1" coveredstatements="1" conditionals="0" coveredconditionals="0" methods="1" coveredmethods="1"/>
        <line num="3" count="74" type="stmt"/>
      </file>
    </package>
    <package name="test.utils">
      <metrics statements="74" coveredstatements="68" conditionals="4" coveredconditionals="3" methods="44" coveredmethods="40"/>
      <file name="analyses-execution.js" path="/Users/richardsto/Code/polyPod/features/facebookImport/test/utils/analyses-execution.js">
        <metrics statements="20" coveredstatements="20" conditionals="2" coveredconditionals="2" methods="7" coveredmethods="7"/>
        <line num="19" count="18" type="stmt"/>
        <line num="20" count="18" type="stmt"/>
        <line num="25" count="18" type="stmt"/>
        <line num="30" count="18" type="stmt"/>
        <line num="31" count="18" type="stmt"/>
        <line num="32" count="18" type="stmt"/>
        <line num="40" count="8" type="stmt"/>
        <line num="41" count="8" type="stmt"/>
        <line num="45" count="2" type="stmt"/>
        <line num="46" count="2" type="stmt"/>
        <line num="51" count="2" type="stmt"/>
        <line num="58" count="2" type="stmt"/>
        <line num="61" count="2" type="stmt"/>
        <line num="62" count="12" type="stmt"/>
        <line num="65" count="2" type="stmt"/>
        <line num="66" count="18" type="stmt"/>
        <line num="69" count="2" type="stmt"/>
        <line num="70" count="12" type="stmt"/>
        <line num="72" count="2" type="stmt"/>
        <line num="76" count="2" type="stmt"/>
      </file>
      <file name="analysis-assertions.js" path="/Users/richardsto/Code/polyPod/features/facebookImport/test/utils/analysis-assertions.js">
        <metrics statements="4" coveredstatements="4" conditionals="0" coveredconditionals="0" methods="4" coveredmethods="4"/>
        <line num="2" count="18" type="stmt"/>
        <line num="6" count="7" type="stmt"/>
        <line num="10" count="25" type="stmt"/>
        <line num="14" count="24" type="stmt"/>
      </file>
      <file name="data-creation.js" path="/Users/richardsto/Code/polyPod/features/facebookImport/test/utils/data-creation.js">
        <metrics statements="4" coveredstatements="4" conditionals="0" coveredconditionals="0" methods="3" coveredmethods="3"/>
        <line num="4" count="48" type="stmt"/>
        <line num="5" count="55" type="stmt"/>
        <line num="6" count="48" type="stmt"/>
        <line num="10" count="17" type="stmt"/>
      </file>
      <file name="data-importing.js" path="/Users/richardsto/Code/polyPod/features/facebookImport/test/utils/data-importing.js">
        <metrics statements="33" coveredstatements="28" conditionals="2" coveredconditionals="1" methods="21" coveredmethods="18"/>
        <line num="30" count="1" type="stmt"/>
        <line num="31" count="1" type="stmt"/>
        <line num="40" count="63" type="stmt"/>
        <line num="41" count="63" type="stmt"/>
        <line num="47" count="63" type="stmt"/>
        <line num="51" count="0" type="stmt"/>
        <line num="52" count="0" type="stmt"/>
        <line num="57" count="0" type="stmt"/>
        <line num="61" count="8" type="stmt"/>
        <line num="62" count="8" type="stmt"/>
        <line num="67" count="8" type="stmt"/>
        <line num="71" count="3" type="stmt"/>
        <line num="75" count="3" type="stmt"/>
        <line num="79" count="3" type="stmt"/>
        <line num="83" count="6" type="stmt"/>
        <line num="87" count="6" type="stmt"/>
        <line num="95" count="3" type="stmt"/>
        <line num="99" count="2" type="stmt"/>
        <line num="103" count="3" type="stmt"/>
        <line num="107" count="0" type="stmt"/>
        <line num="111" count="0" type="stmt"/>
        <line num="115" count="3" type="stmt"/>
        <line num="119" count="3" type="stmt"/>
        <line num="123" count="3" type="stmt"/>
        <line num="127" count="3" type="stmt"/>
        <line num="131" count="5" type="stmt"/>
        <line num="135" count="7" type="stmt"/>
        <line num="136" count="7" type="stmt"/>
        <line num="138" count="7" type="stmt"/>
        <line num="142" count="7" type="stmt"/>
        <line num="147" count="7" type="stmt"/>
        <line num="148" count="7" type="cond" truecount="1" falsecount="1"/>
        <line num="149" count="7" type="stmt"/>
      </file>
      <file name="importer-assertions.js" path="/Users/richardsto/Code/polyPod/features/facebookImport/test/utils/importer-assertions.js">
        <metrics statements="13" coveredstatements="12" conditionals="0" coveredconditionals="0" methods="9" coveredmethods="8"/>
        <line num="7" count="47" type="stmt"/>
        <line num="8" count="47" type="stmt"/>
        <line num="12" count="41" type="stmt"/>
        <line num="13" count="41" type="stmt"/>
        <line num="17" count="19" type="stmt"/>
        <line num="21" count="19" type="stmt"/>
        <line num="25" count="0" type="stmt"/>
        <line num="29" count="31" type="stmt"/>
        <line num="33" count="1" type="stmt"/>
        <line num="34" count="2" type="stmt"/>
        <line num="38" count="2" type="stmt"/>
        <line num="39" count="2" type="stmt"/>
        <line num="40" count="2" type="stmt"/>
      </file>
    </package>
  </project>
</coverage>
