{"/Users/richardsto/Code/polyPod/features/facebookImport/src/components/activitiesMiniStory/activitiesMiniStory.jsx": {"path":"/Users/richardsto/Code/polyPod/features/facebookImport/src/components/activitiesMiniStory/activitiesMiniStory.jsx","statementMap":{"0":{"start":{"line":14,"column":27},"end":{"line":14,"column":74}},"1":{"start":{"line":17,"column":19},"end":{"line":54,"column":1}},"2":{"start":{"line":18,"column":23},"end":{"line":18,"column":46}},"3":{"start":{"line":19,"column":4},"end":{"line":53,"column":6}},"4":{"start":{"line":24,"column":35},"end":{"line":24,"column":74}},"5":{"start":{"line":40,"column":35},"end":{"line":40,"column":74}},"6":{"start":{"line":56,"column":42},"end":{"line":70,"column":1}},"7":{"start":{"line":57,"column":4},"end":{"line":69,"column":6}},"8":{"start":{"line":72,"column":42},"end":{"line":212,"column":1}},"9":{"start":{"line":73,"column":22},"end":{"line":73,"column":64}},"10":{"start":{"line":75,"column":25},"end":{"line":80,"column":6}},"11":{"start":{"line":76,"column":8},"end":{"line":79,"column":10}},"12":{"start":{"line":82,"column":44},"end":{"line":84,"column":5}},"13":{"start":{"line":86,"column":26},"end":{"line":91,"column":6}},"14":{"start":{"line":87,"column":8},"end":{"line":90,"column":10}},"15":{"start":{"line":93,"column":17},"end":{"line":102,"column":5}},"16":{"start":{"line":104,"column":38},"end":{"line":104,"column":55}},"17":{"start":{"line":105,"column":28},"end":{"line":125,"column":19}},"18":{"start":{"line":128,"column":29},"end":{"line":140,"column":8}},"19":{"start":{"line":129,"column":24},"end":{"line":129,"column":75}},"20":{"start":{"line":130,"column":8},"end":{"line":138,"column":9}},"21":{"start":{"line":131,"column":12},"end":{"line":136,"column":14}},"22":{"start":{"line":132,"column":78},"end":{"line":135,"column":17}},"23":{"start":{"line":137,"column":12},"end":{"line":137,"column":24}},"24":{"start":{"line":139,"column":8},"end":{"line":139,"column":17}},"25":{"start":{"line":142,"column":33},"end":{"line":146,"column":5}},"26":{"start":{"line":148,"column":4},"end":{"line":211,"column":6}},"27":{"start":{"line":158,"column":24},"end":{"line":171,"column":30}},"28":{"start":{"line":165,"column":43},"end":{"line":165,"column":60}}},"fnMap":{"0":{"name":"(anonymous_0)","decl":{"start":{"line":17,"column":19},"end":{"line":17,"column":20}},"loc":{"start":{"line":17,"column":58},"end":{"line":54,"column":1}},"line":17},"1":{"name":"(anonymous_1)","decl":{"start":{"line":24,"column":29},"end":{"line":24,"column":30}},"loc":{"start":{"line":24,"column":35},"end":{"line":24,"column":74}},"line":24},"2":{"name":"(anonymous_2)","decl":{"start":{"line":40,"column":29},"end":{"line":40,"column":30}},"loc":{"start":{"line":40,"column":35},"end":{"line":40,"column":74}},"line":40},"3":{"name":"(anonymous_3)","decl":{"start":{"line":56,"column":42},"end":{"line":56,"column":43}},"loc":{"start":{"line":56,"column":63},"end":{"line":70,"column":1}},"line":56},"4":{"name":"(anonymous_4)","decl":{"start":{"line":72,"column":42},"end":{"line":72,"column":43}},"loc":{"start":{"line":72,"column":63},"end":{"line":212,"column":1}},"line":72},"5":{"name":"(anonymous_5)","decl":{"start":{"line":75,"column":39},"end":{"line":75,"column":40}},"loc":{"start":{"line":75,"column":49},"end":{"line":80,"column":5}},"line":75},"6":{"name":"(anonymous_6)","decl":{"start":{"line":86,"column":49},"end":{"line":86,"column":50}},"loc":{"start":{"line":86,"column":67},"end":{"line":91,"column":5}},"line":86},"7":{"name":"(anonymous_7)","decl":{"start":{"line":128,"column":30},"end":{"line":128,"column":31}},"loc":{"start":{"line":128,"column":36},"end":{"line":140,"column":5}},"line":128},"8":{"name":"(anonymous_8)","decl":{"start":{"line":132,"column":60},"end":{"line":132,"column":61}},"loc":{"start":{"line":132,"column":78},"end":{"line":135,"column":17}},"line":132},"9":{"name":"(anonymous_9)","decl":{"start":{"line":157,"column":30},"end":{"line":157,"column":31}},"loc":{"start":{"line":158,"column":24},"end":{"line":171,"column":30}},"line":158},"10":{"name":"(anonymous_10)","decl":{"start":{"line":165,"column":37},"end":{"line":165,"column":38}},"loc":{"start":{"line":165,"column":43},"end":{"line":165,"column":60}},"line":165}},"branchMap":{"0":{"loc":{"start":{"line":21,"column":13},"end":{"line":35,"column":13}},"type":"cond-expr","locations":[{"start":{"line":22,"column":16},"end":{"line":32,"column":25}},{"start":{"line":34,"column":16},"end":{"line":34,"column":52}}],"line":21},"1":{"loc":{"start":{"line":37,"column":13},"end":{"line":51,"column":13}},"type":"cond-expr","locations":[{"start":{"line":38,"column":16},"end":{"line":48,"column":25}},{"start":{"line":50,"column":16},"end":{"line":50,"column":52}}],"line":37},"2":{"loc":{"start":{"line":78,"column":19},"end":{"line":78,"column":55}},"type":"binary-expr","locations":[{"start":{"line":78,"column":19},"end":{"line":78,"column":50}},{"start":{"line":78,"column":54},"end":{"line":78,"column":55}}],"line":78},"3":{"loc":{"start":{"line":89,"column":19},"end":{"line":89,"column":71}},"type":"binary-expr","locations":[{"start":{"line":89,"column":19},"end":{"line":89,"column":66}},{"start":{"line":89,"column":70},"end":{"line":89,"column":71}}],"line":89},"4":{"loc":{"start":{"line":120,"column":35},"end":{"line":120,"column":79}},"type":"binary-expr","locations":[{"start":{"line":120,"column":35},"end":{"line":120,"column":74}},{"start":{"line":120,"column":78},"end":{"line":120,"column":79}}],"line":120},"5":{"loc":{"start":{"line":130,"column":8},"end":{"line":138,"column":9}},"type":"if","locations":[{"start":{"line":130,"column":8},"end":{"line":138,"column":9}},{"start":{},"end":{}}],"line":130},"6":{"loc":{"start":{"line":144,"column":12},"end":{"line":144,"column":52}},"type":"cond-expr","locations":[{"start":{"line":144,"column":35},"end":{"line":144,"column":47}},{"start":{"line":144,"column":50},"end":{"line":144,"column":52}}],"line":144},"7":{"loc":{"start":{"line":161,"column":32},"end":{"line":163,"column":50}},"type":"cond-expr","locations":[{"start":{"line":162,"column":38},"end":{"line":162,"column":57}},{"start":{"line":163,"column":38},"end":{"line":163,"column":50}}],"line":161},"8":{"loc":{"start":{"line":168,"column":29},"end":{"line":170,"column":36}},"type":"cond-expr","locations":[{"start":{"line":169,"column":32},"end":{"line":169,"column":62}},{"start":{"line":170,"column":32},"end":{"line":170,"column":36}}],"line":168},"9":{"loc":{"start":{"line":174,"column":17},"end":{"line":182,"column":17}},"type":"cond-expr","locations":[{"start":{"line":175,"column":20},"end":{"line":179,"column":22}},{"start":{"line":181,"column":20},"end":{"line":181,"column":57}}],"line":174},"10":{"loc":{"start":{"line":201,"column":21},"end":{"line":203,"column":38}},"type":"cond-expr","locations":[{"start":{"line":202,"column":26},"end":{"line":202,"column":54}},{"start":{"line":203,"column":26},"end":{"line":203,"column":38}}],"line":201}},"s":{"0":13,"1":13,"2":0,"3":0,"4":0,"5":0,"6":13,"7":0,"8":13,"9":0,"10":0,"11":0,"12":0,"13":0,"14":0,"15":0,"16":0,"17":0,"18":0,"19":0,"20":0,"21":0,"22":0,"23":0,"24":0,"25":0,"26":0,"27":0,"28":0},"f":{"0":0,"1":0,"2":0,"3":0,"4":0,"5":0,"6":0,"7":0,"8":0,"9":0,"10":0},"b":{"0":[0,0],"1":[0,0],"2":[0,0],"3":[0,0],"4":[0,0],"5":[0,0],"6":[0,0],"7":[0,0],"8":[0,0],"9":[0,0],"10":[0,0]},"_coverageSchema":"1a1c01bbd47fc00a2c39e90264f33305004495a9","hash":"ea0cdb57e2c80db54827324a4a699b8caa86945f"}
,"/Users/richardsto/Code/polyPod/features/facebookImport/src/components/advertisingValueMiniStory/advertisingValueMiniStory.jsx": {"path":"/Users/richardsto/Code/polyPod/features/facebookImport/src/components/advertisingValueMiniStory/advertisingValueMiniStory.jsx","statementMap":{"0":{"start":{"line":6,"column":48},"end":{"line":34,"column":1}},"1":{"start":{"line":10,"column":4},"end":{"line":33,"column":6}},"2":{"start":{"line":21,"column":20},"end":{"line":25,"column":22}},"3":{"start":{"line":36,"column":48},"end":{"line":53,"column":1}},"4":{"start":{"line":40,"column":4},"end":{"line":52,"column":6}}},"fnMap":{"0":{"name":"(anonymous_0)","decl":{"start":{"line":6,"column":48},"end":{"line":6,"column":49}},"loc":{"start":{"line":9,"column":6},"end":{"line":34,"column":1}},"line":9},"1":{"name":"(anonymous_1)","decl":{"start":{"line":20,"column":39},"end":{"line":20,"column":40}},"loc":{"start":{"line":20,"column":60},"end":{"line":26,"column":17}},"line":20},"2":{"name":"(anonymous_2)","decl":{"start":{"line":36,"column":48},"end":{"line":36,"column":49}},"loc":{"start":{"line":39,"column":6},"end":{"line":53,"column":1}},"line":39}},"branchMap":{},"s":{"0":13,"1":0,"2":0,"3":13,"4":0},"f":{"0":0,"1":0,"2":0},"b":{},"_coverageSchema":"1a1c01bbd47fc00a2c39e90264f33305004495a9","hash":"1128b57cf51a2d50371b873b57c19aefe6091096"}
,"/Users/richardsto/Code/polyPod/features/facebookImport/src/components/basicDataCountTable/basicDataCountTable.jsx": {"path":"/Users/richardsto/Code/polyPod/features/facebookImport/src/components/basicDataCountTable/basicDataCountTable.jsx","statementMap":{"0":{"start":{"line":3,"column":28},"end":{"line":19,"column":1}},"1":{"start":{"line":4,"column":4},"end":{"line":18,"column":6}},"2":{"start":{"line":10,"column":24},"end":{"line":13,"column":29}}},"fnMap":{"0":{"name":"(anonymous_0)","decl":{"start":{"line":3,"column":28},"end":{"line":3,"column":29}},"loc":{"start":{"line":3,"column":62},"end":{"line":19,"column":1}},"line":3},"1":{"name":"(anonymous_1)","decl":{"start":{"line":9,"column":31},"end":{"line":9,"column":32}},"loc":{"start":{"line":10,"column":24},"end":{"line":13,"column":29}},"line":10}},"branchMap":{"0":{"loc":{"start":{"line":3,"column":31},"end":{"line":3,"column":43}},"type":"default-arg","locations":[{"start":{"line":3,"column":39},"end":{"line":3,"column":43}}],"line":3},"1":{"loc":{"start":{"line":3,"column":45},"end":{"line":3,"column":55}},"type":"default-arg","locations":[{"start":{"line":3,"column":53},"end":{"line":3,"column":55}}],"line":3},"2":{"loc":{"start":{"line":6,"column":13},"end":{"line":6,"column":24}},"type":"binary-expr","locations":[{"start":{"line":6,"column":13},"end":{"line":6,"column":18}},{"start":{"line":6,"column":22},"end":{"line":6,"column":24}}],"line":6}},"s":{"0":13,"1":0,"2":0},"f":{"0":0,"1":0},"b":{"0":[0],"1":[0],"2":[0,0]},"_coverageSchema":"1a1c01bbd47fc00a2c39e90264f33305004495a9","hash":"5e94fa394d692be2be9eee4a9c3997dd31a4cdd6"}
,"/Users/richardsto/Code/polyPod/features/facebookImport/src/components/basicList/basicList.jsx": {"path":"/Users/richardsto/Code/polyPod/features/facebookImport/src/components/basicList/basicList.jsx","statementMap":{"0":{"start":{"line":3,"column":18},"end":{"line":14,"column":1}},"1":{"start":{"line":4,"column":4},"end":{"line":13,"column":6}},"2":{"start":{"line":9,"column":20},"end":{"line":9,"column":48}}},"fnMap":{"0":{"name":"(anonymous_0)","decl":{"start":{"line":3,"column":18},"end":{"line":3,"column":19}},"loc":{"start":{"line":3,"column":52},"end":{"line":14,"column":1}},"line":3},"1":{"name":"(anonymous_1)","decl":{"start":{"line":8,"column":27},"end":{"line":8,"column":28}},"loc":{"start":{"line":9,"column":20},"end":{"line":9,"column":48}},"line":9}},"branchMap":{"0":{"loc":{"start":{"line":3,"column":21},"end":{"line":3,"column":33}},"type":"default-arg","locations":[{"start":{"line":3,"column":29},"end":{"line":3,"column":33}}],"line":3},"1":{"loc":{"start":{"line":3,"column":35},"end":{"line":3,"column":45}},"type":"default-arg","locations":[{"start":{"line":3,"column":43},"end":{"line":3,"column":45}}],"line":3},"2":{"loc":{"start":{"line":6,"column":13},"end":{"line":6,"column":24}},"type":"binary-expr","locations":[{"start":{"line":6,"column":13},"end":{"line":6,"column":18}},{"start":{"line":6,"column":22},"end":{"line":6,"column":24}}],"line":6}},"s":{"0":13,"1":0,"2":0},"f":{"0":0,"1":0},"b":{"0":[0],"1":[0],"2":[0,0]},"_coverageSchema":"1a1c01bbd47fc00a2c39e90264f33305004495a9","hash":"55b5200741a31811fda108c3a7d41cdfd4d6aa9a"}
,"/Users/richardsto/Code/polyPod/features/facebookImport/src/components/buttons/infoButton/infoButton.jsx": {"path":"/Users/richardsto/Code/polyPod/features/facebookImport/src/components/buttons/infoButton/infoButton.jsx","statementMap":{"0":{"start":{"line":6,"column":19},"end":{"line":17,"column":1}},"1":{"start":{"line":7,"column":28},"end":{"line":7,"column":55}},"2":{"start":{"line":9,"column":24},"end":{"line":11,"column":5}},"3":{"start":{"line":10,"column":8},"end":{"line":10,"column":42}},"4":{"start":{"line":12,"column":4},"end":{"line":16,"column":6}}},"fnMap":{"0":{"name":"(anonymous_0)","decl":{"start":{"line":6,"column":19},"end":{"line":6,"column":20}},"loc":{"start":{"line":6,"column":39},"end":{"line":17,"column":1}},"line":6},"1":{"name":"(anonymous_1)","decl":{"start":{"line":9,"column":24},"end":{"line":9,"column":25}},"loc":{"start":{"line":9,"column":30},"end":{"line":11,"column":5}},"line":9}},"branchMap":{},"s":{"0":13,"1":0,"2":0,"3":0,"4":0},"f":{"0":0,"1":0},"b":{},"_coverageSchema":"1a1c01bbd47fc00a2c39e90264f33305004495a9","hash":"976e68008a23ac90d3ff17ca70427e21e9e8b590"}
,"/Users/richardsto/Code/polyPod/features/facebookImport/src/components/chartButtons/chartButtons.jsx": {"path":"/Users/richardsto/Code/polyPod/features/facebookImport/src/components/chartButtons/chartButtons.jsx","statementMap":{"0":{"start":{"line":5,"column":21},"end":{"line":25,"column":1}},"1":{"start":{"line":6,"column":4},"end":{"line":24,"column":6}},"2":{"start":{"line":9,"column":16},"end":{"line":21,"column":18}},"3":{"start":{"line":16,"column":39},"end":{"line":16,"column":57}}},"fnMap":{"0":{"name":"(anonymous_0)","decl":{"start":{"line":5,"column":21},"end":{"line":5,"column":22}},"loc":{"start":{"line":5,"column":75},"end":{"line":25,"column":1}},"line":5},"1":{"name":"(anonymous_1)","decl":{"start":{"line":8,"column":32},"end":{"line":8,"column":33}},"loc":{"start":{"line":8,"column":57},"end":{"line":22,"column":13}},"line":8},"2":{"name":"(anonymous_2)","decl":{"start":{"line":16,"column":33},"end":{"line":16,"column":34}},"loc":{"start":{"line":16,"column":39},"end":{"line":16,"column":57}},"line":16}},"branchMap":{"0":{"loc":{"start":{"line":12,"column":28},"end":{"line":14,"column":48}},"type":"cond-expr","locations":[{"start":{"line":13,"column":34},"end":{"line":13,"column":57}},{"start":{"line":14,"column":34},"end":{"line":14,"column":48}}],"line":12},"1":{"loc":{"start":{"line":19,"column":25},"end":{"line":19,"column":42}},"type":"binary-expr","locations":[{"start":{"line":19,"column":25},"end":{"line":19,"column":36}},{"start":{"line":19,"column":40},"end":{"line":19,"column":42}}],"line":19}},"s":{"0":13,"1":0,"2":0,"3":0},"f":{"0":0,"1":0,"2":0},"b":{"0":[0,0],"1":[0,0]},"_coverageSchema":"1a1c01bbd47fc00a2c39e90264f33305004495a9","hash":"46bddf31db7b30b149ae5cc23f01bb0094202357"}
,"/Users/richardsto/Code/polyPod/features/facebookImport/src/components/dataStructureMiniStory/dataStructureMiniStory.jsx": {"path":"/Users/richardsto/Code/polyPod/features/facebookImport/src/components/dataStructureMiniStory/dataStructureMiniStory.jsx","statementMap":{"0":{"start":{"line":9,"column":31},"end":{"line":101,"column":1}},"1":{"start":{"line":10,"column":4},"end":{"line":12,"column":7}},"2":{"start":{"line":11,"column":8},"end":{"line":11,"column":26}},"3":{"start":{"line":13,"column":4},"end":{"line":15,"column":7}},"4":{"start":{"line":14,"column":8},"end":{"line":14,"column":33}},"5":{"start":{"line":17,"column":23},"end":{"line":20,"column":5}},"6":{"start":{"line":18,"column":31},"end":{"line":18,"column":55}},"7":{"start":{"line":22,"column":27},"end":{"line":22,"column":30}},"8":{"start":{"line":23,"column":28},"end":{"line":23,"column":31}},"9":{"start":{"line":24,"column":33},"end":{"line":24,"column":42}},"10":{"start":{"line":25,"column":34},"end":{"line":25,"column":43}},"11":{"start":{"line":26,"column":48},"end":{"line":26,"column":71}},"12":{"start":{"line":28,"column":23},"end":{"line":28,"column":66}},"13":{"start":{"line":30,"column":26},"end":{"line":33,"column":5}},"14":{"start":{"line":35,"column":26},"end":{"line":37,"column":12}},"15":{"start":{"line":36,"column":20},"end":{"line":36,"column":51}},"16":{"start":{"line":39,"column":33},"end":{"line":41,"column":5}},"17":{"start":{"line":40,"column":8},"end":{"line":40,"column":41}},"18":{"start":{"line":43,"column":30},"end":{"line":45,"column":5}},"19":{"start":{"line":44,"column":8},"end":{"line":44,"column":43}},"20":{"start":{"line":47,"column":24},"end":{"line":53,"column":5}},"21":{"start":{"line":48,"column":8},"end":{"line":52,"column":9}},"22":{"start":{"line":49,"column":12},"end":{"line":49,"column":41}},"23":{"start":{"line":51,"column":12},"end":{"line":51,"column":40}},"24":{"start":{"line":56,"column":8},"end":{"line":58,"column":55}},"25":{"start":{"line":60,"column":4},"end":{"line":100,"column":6}},"26":{"start":{"line":88,"column":20},"end":{"line":88,"column":43}}},"fnMap":{"0":{"name":"(anonymous_0)","decl":{"start":{"line":9,"column":31},"end":{"line":9,"column":32}},"loc":{"start":{"line":9,"column":45},"end":{"line":101,"column":1}},"line":9},"1":{"name":"(anonymous_1)","decl":{"start":{"line":10,"column":17},"end":{"line":10,"column":18}},"loc":{"start":{"line":10,"column":24},"end":{"line":12,"column":5}},"line":10},"2":{"name":"(anonymous_2)","decl":{"start":{"line":13,"column":14},"end":{"line":13,"column":15}},"loc":{"start":{"line":13,"column":30},"end":{"line":15,"column":5}},"line":13},"3":{"name":"(anonymous_3)","decl":{"start":{"line":18,"column":8},"end":{"line":18,"column":9}},"loc":{"start":{"line":18,"column":31},"end":{"line":18,"column":55}},"line":18},"4":{"name":"(anonymous_4)","decl":{"start":{"line":36,"column":8},"end":{"line":36,"column":9}},"loc":{"start":{"line":36,"column":20},"end":{"line":36,"column":51}},"line":36},"5":{"name":"(anonymous_5)","decl":{"start":{"line":39,"column":33},"end":{"line":39,"column":34}},"loc":{"start":{"line":39,"column":52},"end":{"line":41,"column":5}},"line":39},"6":{"name":"(anonymous_6)","decl":{"start":{"line":43,"column":30},"end":{"line":43,"column":31}},"loc":{"start":{"line":43,"column":43},"end":{"line":45,"column":5}},"line":43},"7":{"name":"(anonymous_7)","decl":{"start":{"line":47,"column":24},"end":{"line":47,"column":25}},"loc":{"start":{"line":47,"column":36},"end":{"line":53,"column":5}},"line":47},"8":{"name":"(anonymous_8)","decl":{"start":{"line":87,"column":48},"end":{"line":87,"column":49}},"loc":{"start":{"line":87,"column":55},"end":{"line":89,"column":17}},"line":87}},"branchMap":{"0":{"loc":{"start":{"line":48,"column":8},"end":{"line":52,"column":9}},"type":"if","locations":[{"start":{"line":48,"column":8},"end":{"line":52,"column":9}},{"start":{"line":50,"column":15},"end":{"line":52,"column":9}}],"line":48},"1":{"loc":{"start":{"line":56,"column":8},"end":{"line":58,"column":55}},"type":"cond-expr","locations":[{"start":{"line":57,"column":14},"end":{"line":57,"column":16}},{"start":{"line":58,"column":14},"end":{"line":58,"column":55}}],"line":56},"2":{"loc":{"start":{"line":78,"column":24},"end":{"line":80,"column":41}},"type":"cond-expr","locations":[{"start":{"line":79,"column":30},"end":{"line":79,"column":51}},{"start":{"line":80,"column":30},"end":{"line":80,"column":41}}],"line":78}},"s":{"0":13,"1":0,"2":0,"3":0,"4":0,"5":0,"6":0,"7":0,"8":0,"9":0,"10":0,"11":0,"12":0,"13":0,"14":0,"15":0,"16":0,"17":0,"18":0,"19":0,"20":0,"21":0,"22":0,"23":0,"24":0,"25":0,"26":0},"f":{"0":0,"1":0,"2":0,"3":0,"4":0,"5":0,"6":0,"7":0,"8":0},"b":{"0":[0,0],"1":[0,0],"2":[0,0]},"_coverageSchema":"1a1c01bbd47fc00a2c39e90264f33305004495a9","hash":"d09a19ee1d54f491a1979d458b91119b9c76218c"}
,"/Users/richardsto/Code/polyPod/features/facebookImport/src/components/dataViz/barChart.jsx": {"path":"/Users/richardsto/Code/polyPod/features/facebookImport/src/components/dataViz/barChart.jsx","statementMap":{"0":{"start":{"line":7,"column":17},"end":{"line":128,"column":1}},"1":{"start":{"line":16,"column":4},"end":{"line":16,"column":62}},"2":{"start":{"line":16,"column":15},"end":{"line":16,"column":62}},"3":{"start":{"line":16,"column":35},"end":{"line":16,"column":59}},"4":{"start":{"line":17,"column":28},"end":{"line":23,"column":5}},"5":{"start":{"line":18,"column":22},"end":{"line":18,"column":23}},"6":{"start":{"line":19,"column":8},"end":{"line":21,"column":11}},"7":{"start":{"line":20,"column":12},"end":{"line":20,"column":59}},"8":{"start":{"line":22,"column":8},"end":{"line":22,"column":23}},"9":{"start":{"line":25,"column":4},"end":{"line":27,"column":5}},"10":{"start":{"line":26,"column":8},"end":{"line":26,"column":47}},"11":{"start":{"line":26,"column":28},"end":{"line":26,"column":45}},"12":{"start":{"line":29,"column":25},"end":{"line":29,"column":42}},"13":{"start":{"line":30,"column":24},"end":{"line":30,"column":51}},"14":{"start":{"line":32,"column":25},"end":{"line":32,"column":27}},"15":{"start":{"line":35,"column":8},"end":{"line":62,"column":14}},"16":{"start":{"line":42,"column":20},"end":{"line":46,"column":26}},"17":{"start":{"line":66,"column":8},"end":{"line":119,"column":14}},"18":{"start":{"line":68,"column":16},"end":{"line":117,"column":22}},"19":{"start":{"line":122,"column":4},"end":{"line":127,"column":6}}},"fnMap":{"0":{"name":"(anonymous_0)","decl":{"start":{"line":7,"column":17},"end":{"line":7,"column":18}},"loc":{"start":{"line":15,"column":6},"end":{"line":128,"column":1}},"line":15},"1":{"name":"(anonymous_1)","decl":{"start":{"line":11,"column":17},"end":{"line":11,"column":18}},"loc":{"start":{"line":11,"column":23},"end":{"line":11,"column":25}},"line":11},"2":{"name":"(anonymous_2)","decl":{"start":{"line":16,"column":24},"end":{"line":16,"column":25}},"loc":{"start":{"line":16,"column":35},"end":{"line":16,"column":59}},"line":16},"3":{"name":"(anonymous_3)","decl":{"start":{"line":17,"column":28},"end":{"line":17,"column":29}},"loc":{"start":{"line":17,"column":34},"end":{"line":23,"column":5}},"line":17},"4":{"name":"(anonymous_4)","decl":{"start":{"line":19,"column":21},"end":{"line":19,"column":22}},"loc":{"start":{"line":19,"column":28},"end":{"line":21,"column":9}},"line":19},"5":{"name":"(anonymous_5)","decl":{"start":{"line":26,"column":18},"end":{"line":26,"column":19}},"loc":{"start":{"line":26,"column":28},"end":{"line":26,"column":45}},"line":26},"6":{"name":"(anonymous_6)","decl":{"start":{"line":41,"column":33},"end":{"line":41,"column":34}},"loc":{"start":{"line":42,"column":20},"end":{"line":46,"column":26}},"line":42},"7":{"name":"(anonymous_7)","decl":{"start":{"line":67,"column":22},"end":{"line":67,"column":23}},"loc":{"start":{"line":68,"column":16},"end":{"line":117,"column":22}},"line":68}},"branchMap":{"0":{"loc":{"start":{"line":10,"column":4},"end":{"line":10,"column":21}},"type":"default-arg","locations":[{"start":{"line":10,"column":17},"end":{"line":10,"column":21}}],"line":10},"1":{"loc":{"start":{"line":11,"column":4},"end":{"line":11,"column":25}},"type":"default-arg","locations":[{"start":{"line":11,"column":17},"end":{"line":11,"column":25}}],"line":11},"2":{"loc":{"start":{"line":13,"column":4},"end":{"line":13,"column":21}},"type":"default-arg","locations":[{"start":{"line":13,"column":20},"end":{"line":13,"column":21}}],"line":13},"3":{"loc":{"start":{"line":14,"column":4},"end":{"line":14,"column":24}},"type":"default-arg","locations":[{"start":{"line":14,"column":19},"end":{"line":14,"column":24}}],"line":14},"4":{"loc":{"start":{"line":16,"column":4},"end":{"line":16,"column":62}},"type":"if","locations":[{"start":{"line":16,"column":4},"end":{"line":16,"column":62}},{"start":{},"end":{}}],"line":16},"5":{"loc":{"start":{"line":20,"column":12},"end":{"line":20,"column":58}},"type":"cond-expr","locations":[{"start":{"line":20,"column":33},"end":{"line":20,"column":50}},{"start":{"line":20,"column":54},"end":{"line":20,"column":58}}],"line":20},"6":{"loc":{"start":{"line":25,"column":4},"end":{"line":27,"column":5}},"type":"if","locations":[{"start":{"line":25,"column":4},"end":{"line":27,"column":5}},{"start":{},"end":{}}],"line":25},"7":{"loc":{"start":{"line":45,"column":28},"end":{"line":45,"column":50}},"type":"cond-expr","locations":[{"start":{"line":45,"column":40},"end":{"line":45,"column":45}},{"start":{"line":45,"column":48},"end":{"line":45,"column":50}}],"line":45},"8":{"loc":{"start":{"line":70,"column":25},"end":{"line":77,"column":25}},"type":"cond-expr","locations":[{"start":{"line":71,"column":28},"end":{"line":74,"column":30}},{"start":{"line":76,"column":28},"end":{"line":76,"column":33}}],"line":70},"9":{"loc":{"start":{"line":70,"column":25},"end":{"line":70,"column":64}},"type":"binary-expr","locations":[{"start":{"line":70,"column":25},"end":{"line":70,"column":37}},{"start":{"line":70,"column":41},"end":{"line":70,"column":64}}],"line":70},"10":{"loc":{"start":{"line":91,"column":32},"end":{"line":103,"column":42}},"type":"cond-expr","locations":[{"start":{"line":95,"column":38},"end":{"line":102,"column":39}},{"start":{"line":103,"column":38},"end":{"line":103,"column":42}}],"line":91},"11":{"loc":{"start":{"line":110,"column":21},"end":{"line":116,"column":21}},"type":"cond-expr","locations":[{"start":{"line":111,"column":24},"end":{"line":113,"column":30}},{"start":{"line":115,"column":24},"end":{"line":115,"column":29}}],"line":110}},"s":{"0":13,"1":0,"2":0,"3":0,"4":0,"5":0,"6":0,"7":0,"8":0,"9":0,"10":0,"11":0,"12":0,"13":0,"14":0,"15":0,"16":0,"17":0,"18":0,"19":0},"f":{"0":0,"1":0,"2":0,"3":0,"4":0,"5":0,"6":0,"7":0},"b":{"0":[0],"1":[0],"2":[0],"3":[0],"4":[0,0],"5":[0,0],"6":[0,0],"7":[0,0],"8":[0,0],"9":[0,0],"10":[0,0],"11":[0,0]},"_coverageSchema":"1a1c01bbd47fc00a2c39e90264f33305004495a9","hash":"12f2618d2a6265e34be75f9d97306b11b224ab5e"}
,"/Users/richardsto/Code/polyPod/features/facebookImport/src/components/dataViz/utils.jsx": {"path":"/Users/richardsto/Code/polyPod/features/facebookImport/src/components/dataViz/utils.jsx","statementMap":{"0":{"start":{"line":2,"column":25},"end":{"line":8,"column":1}},"1":{"start":{"line":3,"column":22},"end":{"line":3,"column":47}},"2":{"start":{"line":3,"column":41},"end":{"line":3,"column":46}},"3":{"start":{"line":4,"column":17},"end":{"line":4,"column":19}},"4":{"start":{"line":5,"column":4},"end":{"line":6,"column":23}},"5":{"start":{"line":5,"column":17},"end":{"line":5,"column":39}},"6":{"start":{"line":6,"column":8},"end":{"line":6,"column":23}},"7":{"start":{"line":7,"column":4},"end":{"line":7,"column":18}}},"fnMap":{"0":{"name":"(anonymous_0)","decl":{"start":{"line":2,"column":25},"end":{"line":2,"column":26}},"loc":{"start":{"line":2,"column":34},"end":{"line":8,"column":1}},"line":2},"1":{"name":"(anonymous_1)","decl":{"start":{"line":3,"column":31},"end":{"line":3,"column":32}},"loc":{"start":{"line":3,"column":41},"end":{"line":3,"column":46}},"line":3}},"branchMap":{},"s":{"0":13,"1":0,"2":0,"3":0,"4":0,"5":0,"6":0,"7":0},"f":{"0":0,"1":0},"b":{},"_coverageSchema":"1a1c01bbd47fc00a2c39e90264f33305004495a9","hash":"cc75b545bbd2654c7a68467e0e97fc6568259d2f"}
,"/Users/richardsto/Code/polyPod/features/facebookImport/src/components/infographic/infographic.jsx": {"path":"/Users/richardsto/Code/polyPod/features/facebookImport/src/components/infographic/infographic.jsx","statementMap":{"0":{"start":{"line":16,"column":20},"end":{"line":60,"column":1}},"1":{"start":{"line":17,"column":24},"end":{"line":17,"column":42}},"2":{"start":{"line":20,"column":8},"end":{"line":20,"column":80}},"3":{"start":{"line":23,"column":4},"end":{"line":52,"column":7}},"4":{"start":{"line":24,"column":26},"end":{"line":24,"column":47}},"5":{"start":{"line":25,"column":8},"end":{"line":51,"column":11}},"6":{"start":{"line":26,"column":30},"end":{"line":26,"column":57}},"7":{"start":{"line":27,"column":24},"end":{"line":27,"column":50}},"8":{"start":{"line":28,"column":12},"end":{"line":28,"column":31}},"9":{"start":{"line":29,"column":24},"end":{"line":29,"column":51}},"10":{"start":{"line":30,"column":28},"end":{"line":30,"column":47}},"11":{"start":{"line":31,"column":34},"end":{"line":34,"column":41}},"12":{"start":{"line":35,"column":24},"end":{"line":35,"column":74}},"13":{"start":{"line":36,"column":12},"end":{"line":44,"column":49}},"14":{"start":{"line":37,"column":16},"end":{"line":37,"column":60}},"15":{"start":{"line":38,"column":17},"end":{"line":44,"column":49}},"16":{"start":{"line":39,"column":16},"end":{"line":39,"column":53}},"17":{"start":{"line":40,"column":17},"end":{"line":44,"column":49}},"18":{"start":{"line":41,"column":16},"end":{"line":41,"column":57}},"19":{"start":{"line":42,"column":17},"end":{"line":44,"column":49}},"20":{"start":{"line":43,"column":16},"end":{"line":43,"column":53}},"21":{"start":{"line":44,"column":17},"end":{"line":44,"column":49}},"22":{"start":{"line":46,"column":16},"end":{"line":47,"column":65}},"23":{"start":{"line":48,"column":12},"end":{"line":50,"column":43}},"24":{"start":{"line":54,"column":4},"end":{"line":59,"column":6}}},"fnMap":{"0":{"name":"(anonymous_0)","decl":{"start":{"line":16,"column":20},"end":{"line":16,"column":21}},"loc":{"start":{"line":16,"column":41},"end":{"line":60,"column":1}},"line":16},"1":{"name":"scaleFactor","decl":{"start":{"line":19,"column":13},"end":{"line":19,"column":24}},"loc":{"start":{"line":19,"column":39},"end":{"line":21,"column":5}},"line":19},"2":{"name":"(anonymous_2)","decl":{"start":{"line":23,"column":14},"end":{"line":23,"column":15}},"loc":{"start":{"line":23,"column":20},"end":{"line":52,"column":5}},"line":23},"3":{"name":"(anonymous_3)","decl":{"start":{"line":25,"column":35},"end":{"line":25,"column":36}},"loc":{"start":{"line":25,"column":44},"end":{"line":51,"column":9}},"line":25}},"branchMap":{"0":{"loc":{"start":{"line":36,"column":12},"end":{"line":44,"column":49}},"type":"if","locations":[{"start":{"line":36,"column":12},"end":{"line":44,"column":49}},{"start":{"line":38,"column":17},"end":{"line":44,"column":49}}],"line":36},"1":{"loc":{"start":{"line":38,"column":17},"end":{"line":44,"column":49}},"type":"if","locations":[{"start":{"line":38,"column":17},"end":{"line":44,"column":49}},{"start":{"line":40,"column":17},"end":{"line":44,"column":49}}],"line":38},"2":{"loc":{"start":{"line":40,"column":17},"end":{"line":44,"column":49}},"type":"if","locations":[{"start":{"line":40,"column":17},"end":{"line":44,"column":49}},{"start":{"line":42,"column":17},"end":{"line":44,"column":49}}],"line":40},"3":{"loc":{"start":{"line":42,"column":17},"end":{"line":44,"column":49}},"type":"if","locations":[{"start":{"line":42,"column":17},"end":{"line":44,"column":49}},{"start":{"line":44,"column":17},"end":{"line":44,"column":49}}],"line":42}},"s":{"0":13,"1":0,"2":0,"3":0,"4":0,"5":0,"6":0,"7":0,"8":0,"9":0,"10":0,"11":0,"12":0,"13":0,"14":0,"15":0,"16":0,"17":0,"18":0,"19":0,"20":0,"21":0,"22":0,"23":0,"24":0},"f":{"0":0,"1":0,"2":0,"3":0},"b":{"0":[0,0],"1":[0,0],"2":[0,0],"3":[0,0]},"_coverageSchema":"1a1c01bbd47fc00a2c39e90264f33305004495a9","hash":"407550e335a7c817ae73dc891e7d208633a54253"}
,"/Users/richardsto/Code/polyPod/features/facebookImport/src/components/listOfDetails/listOfDetails.jsx": {"path":"/Users/richardsto/Code/polyPod/features/facebookImport/src/components/listOfDetails/listOfDetails.jsx","statementMap":{"0":{"start":{"line":4,"column":38},"end":{"line":4,"column":42}},"1":{"start":{"line":6,"column":22},"end":{"line":33,"column":1}},"2":{"start":{"line":7,"column":21},"end":{"line":7,"column":29}},"3":{"start":{"line":8,"column":20},"end":{"line":8,"column":28}},"4":{"start":{"line":9,"column":25},"end":{"line":18,"column":5}},"5":{"start":{"line":10,"column":8},"end":{"line":17,"column":9}},"6":{"start":{"line":14,"column":12},"end":{"line":14,"column":58}},"7":{"start":{"line":16,"column":12},"end":{"line":16,"column":55}},"8":{"start":{"line":19,"column":4},"end":{"line":32,"column":6}},"9":{"start":{"line":23,"column":20},"end":{"line":27,"column":22}}},"fnMap":{"0":{"name":"(anonymous_0)","decl":{"start":{"line":6,"column":22},"end":{"line":6,"column":23}},"loc":{"start":{"line":6,"column":36},"end":{"line":33,"column":1}},"line":6},"1":{"name":"(anonymous_1)","decl":{"start":{"line":9,"column":25},"end":{"line":9,"column":26}},"loc":{"start":{"line":9,"column":32},"end":{"line":18,"column":5}},"line":9},"2":{"name":"(anonymous_2)","decl":{"start":{"line":22,"column":26},"end":{"line":22,"column":27}},"loc":{"start":{"line":22,"column":47},"end":{"line":28,"column":17}},"line":22}},"branchMap":{"0":{"loc":{"start":{"line":10,"column":8},"end":{"line":17,"column":9}},"type":"if","locations":[{"start":{"line":10,"column":8},"end":{"line":17,"column":9}},{"start":{"line":15,"column":15},"end":{"line":17,"column":9}}],"line":10}},"s":{"0":13,"1":13,"2":0,"3":0,"4":0,"5":0,"6":0,"7":0,"8":0,"9":0},"f":{"0":0,"1":0,"2":0},"b":{"0":[0,0]},"_coverageSchema":"1a1c01bbd47fc00a2c39e90264f33305004495a9","hash":"e71a95f6d96e4485c29265000ba329d95f719364"}
,"/Users/richardsto/Code/polyPod/features/facebookImport/src/components/messagesMiniStory/messagesMiniStory.jsx": {"path":"/Users/richardsto/Code/polyPod/features/facebookImport/src/components/messagesMiniStory/messagesMiniStory.jsx","statementMap":{"0":{"start":{"line":5,"column":14},"end":{"line":5,"column":35}},"1":{"start":{"line":5,"column":21},"end":{"line":5,"column":35}},"2":{"start":{"line":12,"column":20},"end":{"line":24,"column":1}},"3":{"start":{"line":17,"column":4},"end":{"line":23,"column":8}},"4":{"start":{"line":26,"column":40},"end":{"line":41,"column":1}},"5":{"start":{"line":31,"column":4},"end":{"line":40,"column":6}},"6":{"start":{"line":43,"column":40},"end":{"line":88,"column":1}},"7":{"start":{"line":48,"column":4},"end":{"line":87,"column":6}},"8":{"start":{"line":61,"column":20},"end":{"line":76,"column":23}}},"fnMap":{"0":{"name":"(anonymous_0)","decl":{"start":{"line":5,"column":14},"end":{"line":5,"column":15}},"loc":{"start":{"line":5,"column":21},"end":{"line":5,"column":35}},"line":5},"1":{"name":"(anonymous_1)","decl":{"start":{"line":12,"column":20},"end":{"line":12,"column":21}},"loc":{"start":{"line":17,"column":4},"end":{"line":23,"column":8}},"line":17},"2":{"name":"(anonymous_2)","decl":{"start":{"line":26,"column":40},"end":{"line":26,"column":41}},"loc":{"start":{"line":30,"column":6},"end":{"line":41,"column":1}},"line":30},"3":{"name":"(anonymous_3)","decl":{"start":{"line":43,"column":40},"end":{"line":43,"column":41}},"loc":{"start":{"line":47,"column":6},"end":{"line":88,"column":1}},"line":47},"4":{"name":"(anonymous_4)","decl":{"start":{"line":60,"column":31},"end":{"line":60,"column":32}},"loc":{"start":{"line":61,"column":20},"end":{"line":76,"column":23}},"line":61}},"branchMap":{"0":{"loc":{"start":{"line":64,"column":29},"end":{"line":66,"column":43}},"type":"cond-expr","locations":[{"start":{"line":65,"column":34},"end":{"line":65,"column":64}},{"start":{"line":66,"column":34},"end":{"line":66,"column":43}}],"line":64},"1":{"loc":{"start":{"line":72,"column":29},"end":{"line":74,"column":43}},"type":"cond-expr","locations":[{"start":{"line":73,"column":34},"end":{"line":73,"column":63}},{"start":{"line":74,"column":34},"end":{"line":74,"column":43}}],"line":72}},"s":{"0":13,"1":0,"2":13,"3":0,"4":13,"5":0,"6":13,"7":0,"8":0},"f":{"0":0,"1":0,"2":0,"3":0,"4":0},"b":{"0":[0,0],"1":[0,0]},"_coverageSchema":"1a1c01bbd47fc00a2c39e90264f33305004495a9","hash":"242a2340f3558d7579e73c6d3c0fa532e8e258d4"}
,"/Users/richardsto/Code/polyPod/features/facebookImport/src/components/onOffFacebookMiniStory/onOffFacebookMiniStory.jsx": {"path":"/Users/richardsto/Code/polyPod/features/facebookImport/src/components/onOffFacebookMiniStory/onOffFacebookMiniStory.jsx","statementMap":{"0":{"start":{"line":10,"column":4},"end":{"line":26,"column":10}},"1":{"start":{"line":29,"column":45},"end":{"line":70,"column":1}},"2":{"start":{"line":33,"column":4},"end":{"line":69,"column":6}},"3":{"start":{"line":72,"column":45},"end":{"line":149,"column":1}},"4":{"start":{"line":73,"column":4},"end":{"line":148,"column":6}},"5":{"start":{"line":106,"column":28},"end":{"line":131,"column":34}}},"fnMap":{"0":{"name":"(anonymous_0)","decl":{"start":{"line":29,"column":45},"end":{"line":29,"column":46}},"loc":{"start":{"line":32,"column":6},"end":{"line":70,"column":1}},"line":32},"1":{"name":"(anonymous_1)","decl":{"start":{"line":72,"column":45},"end":{"line":72,"column":46}},"loc":{"start":{"line":72,"column":66},"end":{"line":149,"column":1}},"line":72},"2":{"name":"(anonymous_2)","decl":{"start":{"line":105,"column":24},"end":{"line":105,"column":25}},"loc":{"start":{"line":106,"column":28},"end":{"line":131,"column":34}},"line":106}},"branchMap":{"0":{"loc":{"start":{"line":48,"column":13},"end":{"line":64,"column":13}},"type":"cond-expr","locations":[{"start":{"line":48,"column":43},"end":{"line":48,"column":47}},{"start":{"line":49,"column":16},"end":{"line":63,"column":19}}],"line":48},"1":{"loc":{"start":{"line":90,"column":13},"end":{"line":146,"column":20}},"type":"cond-expr","locations":[{"start":{"line":91,"column":16},"end":{"line":145,"column":19}},{"start":{"line":146,"column":16},"end":{"line":146,"column":20}}],"line":90}},"s":{"0":13,"1":13,"2":0,"3":13,"4":0,"5":0},"f":{"0":0,"1":0,"2":0},"b":{"0":[0,0],"1":[0,0]},"_coverageSchema":"1a1c01bbd47fc00a2c39e90264f33305004495a9","hash":"4458bcc4c4b6408ee404e348748718b36cfc6df3"}
,"/Users/richardsto/Code/polyPod/features/facebookImport/src/components/picturesMiniStory/picturesMiniStory.jsx": {"path":"/Users/richardsto/Code/polyPod/features/facebookImport/src/components/picturesMiniStory/picturesMiniStory.jsx","statementMap":{"0":{"start":{"line":10,"column":14},"end":{"line":15,"column":1}},"1":{"start":{"line":17,"column":32},"end":{"line":17,"column":41}},"2":{"start":{"line":19,"column":26},"end":{"line":90,"column":1}},"3":{"start":{"line":20,"column":40},"end":{"line":20,"column":62}},"4":{"start":{"line":21,"column":28},"end":{"line":21,"column":36}},"5":{"start":{"line":25,"column":8},"end":{"line":25,"column":53}},"6":{"start":{"line":29,"column":8},"end":{"line":32,"column":39}},"7":{"start":{"line":36,"column":8},"end":{"line":40,"column":39}},"8":{"start":{"line":43,"column":4},"end":{"line":55,"column":7}},"9":{"start":{"line":44,"column":20},"end":{"line":44,"column":68}},"10":{"start":{"line":45,"column":8},"end":{"line":45,"column":43}},"11":{"start":{"line":46,"column":8},"end":{"line":54,"column":9}},"12":{"start":{"line":47,"column":33},"end":{"line":47,"column":60}},"13":{"start":{"line":48,"column":12},"end":{"line":50,"column":39}},"14":{"start":{"line":49,"column":35},"end":{"line":49,"column":54}},"15":{"start":{"line":51,"column":12},"end":{"line":53,"column":42}},"16":{"start":{"line":57,"column":4},"end":{"line":89,"column":6}}},"fnMap":{"0":{"name":"(anonymous_0)","decl":{"start":{"line":19,"column":26},"end":{"line":19,"column":27}},"loc":{"start":{"line":19,"column":32},"end":{"line":90,"column":1}},"line":19},"1":{"name":"removeFixedSvgDimensionValues","decl":{"start":{"line":24,"column":13},"end":{"line":24,"column":42}},"loc":{"start":{"line":24,"column":48},"end":{"line":26,"column":5}},"line":24},"2":{"name":"styleHighlightedPart","decl":{"start":{"line":28,"column":13},"end":{"line":28,"column":33}},"loc":{"start":{"line":28,"column":40},"end":{"line":33,"column":5}},"line":28},"3":{"name":"stylePart","decl":{"start":{"line":35,"column":13},"end":{"line":35,"column":22}},"loc":{"start":{"line":35,"column":29},"end":{"line":41,"column":5}},"line":35},"4":{"name":"(anonymous_4)","decl":{"start":{"line":43,"column":14},"end":{"line":43,"column":15}},"loc":{"start":{"line":43,"column":20},"end":{"line":55,"column":5}},"line":43},"5":{"name":"(anonymous_5)","decl":{"start":{"line":49,"column":29},"end":{"line":49,"column":30}},"loc":{"start":{"line":49,"column":35},"end":{"line":49,"column":54}},"line":49}},"branchMap":{"0":{"loc":{"start":{"line":51,"column":12},"end":{"line":53,"column":41}},"type":"cond-expr","locations":[{"start":{"line":52,"column":18},"end":{"line":52,"column":52}},{"start":{"line":53,"column":18},"end":{"line":53,"column":41}}],"line":51},"1":{"loc":{"start":{"line":78,"column":20},"end":{"line":80,"column":51}},"type":"cond-expr","locations":[{"start":{"line":79,"column":26},"end":{"line":79,"column":62}},{"start":{"line":80,"column":26},"end":{"line":80,"column":51}}],"line":78}},"s":{"0":13,"1":13,"2":13,"3":0,"4":0,"5":0,"6":0,"7":0,"8":0,"9":0,"10":0,"11":0,"12":0,"13":0,"14":0,"15":0,"16":0},"f":{"0":0,"1":0,"2":0,"3":0,"4":0,"5":0},"b":{"0":[0,0],"1":[0,0]},"_coverageSchema":"1a1c01bbd47fc00a2c39e90264f33305004495a9","hash":"2f3006b90cad59e779389909a0da7141dbd50bc1"}
,"/Users/richardsto/Code/polyPod/features/facebookImport/src/components/postReactionTypesMiniStory/postReactionTypesMiniStory.jsx": {"path":"/Users/richardsto/Code/polyPod/features/facebookImport/src/components/postReactionTypesMiniStory/postReactionTypesMiniStory.jsx","statementMap":{"0":{"start":{"line":19,"column":22},"end":{"line":27,"column":1}},"1":{"start":{"line":30,"column":4},"end":{"line":36,"column":7}},"2":{"start":{"line":31,"column":8},"end":{"line":35,"column":10}},"3":{"start":{"line":39,"column":35},"end":{"line":110,"column":1}},"4":{"start":{"line":40,"column":52},"end":{"line":40,"column":69}},"5":{"start":{"line":41,"column":31},"end":{"line":41,"column":74}},"6":{"start":{"line":41,"column":41},"end":{"line":41,"column":74}},"7":{"start":{"line":42,"column":23},"end":{"line":49,"column":5}},"8":{"start":{"line":48,"column":12},"end":{"line":48,"column":75}},"9":{"start":{"line":51,"column":35},"end":{"line":54,"column":5}},"10":{"start":{"line":52,"column":24},"end":{"line":52,"column":57}},"11":{"start":{"line":56,"column":33},"end":{"line":59,"column":5}},"12":{"start":{"line":61,"column":4},"end":{"line":109,"column":6}},"13":{"start":{"line":77,"column":35},"end":{"line":77,"column":61}},"14":{"start":{"line":92,"column":20},"end":{"line":95,"column":22}},"15":{"start":{"line":99,"column":20},"end":{"line":99,"column":54}}},"fnMap":{"0":{"name":"mapEmojiToReaction","decl":{"start":{"line":29,"column":16},"end":{"line":29,"column":34}},"loc":{"start":{"line":29,"column":46},"end":{"line":37,"column":1}},"line":29},"1":{"name":"(anonymous_1)","decl":{"start":{"line":30,"column":25},"end":{"line":30,"column":26}},"loc":{"start":{"line":30,"column":39},"end":{"line":36,"column":5}},"line":30},"2":{"name":"(anonymous_2)","decl":{"start":{"line":39,"column":35},"end":{"line":39,"column":36}},"loc":{"start":{"line":39,"column":57},"end":{"line":110,"column":1}},"line":39},"3":{"name":"(anonymous_3)","decl":{"start":{"line":41,"column":31},"end":{"line":41,"column":32}},"loc":{"start":{"line":41,"column":41},"end":{"line":41,"column":74}},"line":41},"4":{"name":"(anonymous_4)","decl":{"start":{"line":47,"column":29},"end":{"line":47,"column":30}},"loc":{"start":{"line":48,"column":12},"end":{"line":48,"column":75}},"line":48},"5":{"name":"(anonymous_5)","decl":{"start":{"line":52,"column":8},"end":{"line":52,"column":9}},"loc":{"start":{"line":52,"column":24},"end":{"line":52,"column":57}},"line":52},"6":{"name":"(anonymous_6)","decl":{"start":{"line":77,"column":28},"end":{"line":77,"column":29}},"loc":{"start":{"line":77,"column":35},"end":{"line":77,"column":61}},"line":77},"7":{"name":"(anonymous_7)","decl":{"start":{"line":91,"column":57},"end":{"line":91,"column":58}},"loc":{"start":{"line":91,"column":64},"end":{"line":96,"column":17}},"line":91},"8":{"name":"(anonymous_8)","decl":{"start":{"line":98,"column":32},"end":{"line":98,"column":33}},"loc":{"start":{"line":99,"column":20},"end":{"line":99,"column":54}},"line":99}},"branchMap":{"0":{"loc":{"start":{"line":48,"column":12},"end":{"line":48,"column":75}},"type":"binary-expr","locations":[{"start":{"line":48,"column":12},"end":{"line":48,"column":44}},{"start":{"line":48,"column":48},"end":{"line":48,"column":75}}],"line":48},"1":{"loc":{"start":{"line":52,"column":25},"end":{"line":52,"column":43}},"type":"binary-expr","locations":[{"start":{"line":52,"column":25},"end":{"line":52,"column":35}},{"start":{"line":52,"column":39},"end":{"line":52,"column":43}}],"line":52}},"s":{"0":13,"1":0,"2":0,"3":13,"4":0,"5":0,"6":0,"7":0,"8":0,"9":0,"10":0,"11":0,"12":0,"13":0,"14":0,"15":0},"f":{"0":0,"1":0,"2":0,"3":0,"4":0,"5":0,"6":0,"7":0,"8":0},"b":{"0":[0,0],"1":[0,0]},"_coverageSchema":"1a1c01bbd47fc00a2c39e90264f33305004495a9","hash":"e2459d0e81dedd13ed5c3b19f27c66d0ae5c8551"}
,"/Users/richardsto/Code/polyPod/features/facebookImport/src/context/facebook-context.jsx": {"path":"/Users/richardsto/Code/polyPod/features/facebookImport/src/context/facebook-context.jsx","statementMap":{"0":{"start":{"line":8,"column":31},"end":{"line":8,"column":52}},"1":{"start":{"line":11,"column":4},"end":{"line":13,"column":6}},"2":{"start":{"line":12,"column":20},"end":{"line":12,"column":32}},"3":{"start":{"line":14,"column":4},"end":{"line":18,"column":43}},"4":{"start":{"line":22,"column":4},"end":{"line":28,"column":6}},"5":{"start":{"line":31,"column":32},"end":{"line":94,"column":1}},"6":{"start":{"line":32,"column":26},"end":{"line":32,"column":40}},"7":{"start":{"line":33,"column":38},"end":{"line":33,"column":52}},"8":{"start":{"line":34,"column":42},"end":{"line":34,"column":56}},"9":{"start":{"line":35,"column":44},"end":{"line":35,"column":58}},"10":{"start":{"line":36,"column":30},"end":{"line":36,"column":44}},"11":{"start":{"line":38,"column":20},"end":{"line":38,"column":32}},"12":{"start":{"line":39,"column":21},"end":{"line":39,"column":34}},"13":{"start":{"line":42,"column":8},"end":{"line":42,"column":27}},"14":{"start":{"line":43,"column":8},"end":{"line":43,"column":21}},"15":{"start":{"line":44,"column":8},"end":{"line":44,"column":28}},"16":{"start":{"line":48,"column":8},"end":{"line":48,"column":46}},"17":{"start":{"line":52,"column":8},"end":{"line":52,"column":23}},"18":{"start":{"line":56,"column":8},"end":{"line":56,"column":41}},"19":{"start":{"line":56,"column":19},"end":{"line":56,"column":41}},"20":{"start":{"line":57,"column":8},"end":{"line":57,"column":47}},"21":{"start":{"line":60,"column":20},"end":{"line":60,"column":48}},"22":{"start":{"line":60,"column":32},"end":{"line":60,"column":48}},"23":{"start":{"line":63,"column":4},"end":{"line":65,"column":11}},"24":{"start":{"line":64,"column":8},"end":{"line":64,"column":51}},"25":{"start":{"line":64,"column":35},"end":{"line":64,"column":49}},"26":{"start":{"line":68,"column":4},"end":{"line":72,"column":7}},"27":{"start":{"line":69,"column":8},"end":{"line":69,"column":25}},"28":{"start":{"line":69,"column":18},"end":{"line":69,"column":25}},"29":{"start":{"line":70,"column":8},"end":{"line":70,"column":64}},"30":{"start":{"line":71,"column":8},"end":{"line":71,"column":42}},"31":{"start":{"line":74,"column":4},"end":{"line":93,"column":6}}},"fnMap":{"0":{"name":"updatePodNavigation","decl":{"start":{"line":10,"column":9},"end":{"line":10,"column":28}},"loc":{"start":{"line":10,"column":65},"end":{"line":19,"column":1}},"line":10},"1":{"name":"(anonymous_1)","decl":{"start":{"line":12,"column":14},"end":{"line":12,"column":15}},"loc":{"start":{"line":12,"column":20},"end":{"line":12,"column":32}},"line":12},"2":{"name":"updateTitle","decl":{"start":{"line":21,"column":9},"end":{"line":21,"column":20}},"loc":{"start":{"line":21,"column":43},"end":{"line":29,"column":1}},"line":21},"3":{"name":"(anonymous_3)","decl":{"start":{"line":31,"column":32},"end":{"line":31,"column":33}},"loc":{"start":{"line":31,"column":50},"end":{"line":94,"column":1}},"line":31},"4":{"name":"runWithLoadingScreen","decl":{"start":{"line":41,"column":19},"end":{"line":41,"column":39}},"loc":{"start":{"line":41,"column":46},"end":{"line":45,"column":5}},"line":41},"5":{"name":"createPopUp","decl":{"start":{"line":47,"column":13},"end":{"line":47,"column":24}},"loc":{"start":{"line":47,"column":35},"end":{"line":49,"column":5}},"line":47},"6":{"name":"closePopUp","decl":{"start":{"line":51,"column":13},"end":{"line":51,"column":23}},"loc":{"start":{"line":51,"column":26},"end":{"line":53,"column":5}},"line":51},"7":{"name":"handleBack","decl":{"start":{"line":55,"column":13},"end":{"line":55,"column":23}},"loc":{"start":{"line":55,"column":26},"end":{"line":58,"column":5}},"line":55},"8":{"name":"(anonymous_8)","decl":{"start":{"line":60,"column":20},"end":{"line":60,"column":21}},"loc":{"start":{"line":60,"column":32},"end":{"line":60,"column":48}},"line":60},"9":{"name":"(anonymous_9)","decl":{"start":{"line":63,"column":14},"end":{"line":63,"column":15}},"loc":{"start":{"line":63,"column":20},"end":{"line":65,"column":5}},"line":63},"10":{"name":"(anonymous_10)","decl":{"start":{"line":64,"column":23},"end":{"line":64,"column":24}},"loc":{"start":{"line":64,"column":35},"end":{"line":64,"column":49}},"line":64},"11":{"name":"(anonymous_11)","decl":{"start":{"line":68,"column":14},"end":{"line":68,"column":15}},"loc":{"start":{"line":68,"column":20},"end":{"line":72,"column":5}},"line":68}},"branchMap":{"0":{"loc":{"start":{"line":14,"column":4},"end":{"line":18,"column":42}},"type":"cond-expr","locations":[{"start":{"line":17,"column":10},"end":{"line":17,"column":48}},{"start":{"line":18,"column":10},"end":{"line":18,"column":42}}],"line":14},"1":{"loc":{"start":{"line":14,"column":4},"end":{"line":16,"column":35}},"type":"binary-expr","locations":[{"start":{"line":14,"column":4},"end":{"line":14,"column":22}},{"start":{"line":15,"column":4},"end":{"line":15,"column":37}},{"start":{"line":16,"column":4},"end":{"line":16,"column":35}}],"line":14},"2":{"loc":{"start":{"line":23,"column":8},"end":{"line":27,"column":70}},"type":"cond-expr","locations":[{"start":{"line":24,"column":14},"end":{"line":24,"column":16}},{"start":{"line":25,"column":14},"end":{"line":27,"column":70}}],"line":23},"3":{"loc":{"start":{"line":25,"column":14},"end":{"line":27,"column":70}},"type":"cond-expr","locations":[{"start":{"line":26,"column":14},"end":{"line":26,"column":41}},{"start":{"line":27,"column":14},"end":{"line":27,"column":70}}],"line":25},"4":{"loc":{"start":{"line":56,"column":8},"end":{"line":56,"column":41}},"type":"if","locations":[{"start":{"line":56,"column":8},"end":{"line":56,"column":41}},{"start":{},"end":{}}],"line":56},"5":{"loc":{"start":{"line":57,"column":8},"end":{"line":57,"column":46}},"type":"binary-expr","locations":[{"start":{"line":57,"column":8},"end":{"line":57,"column":26}},{"start":{"line":57,"column":30},"end":{"line":57,"column":46}}],"line":57},"6":{"loc":{"start":{"line":69,"column":8},"end":{"line":69,"column":25}},"type":"if","locations":[{"start":{"line":69,"column":8},"end":{"line":69,"column":25}},{"start":{},"end":{}}],"line":69}},"s":{"0":13,"1":0,"2":0,"3":0,"4":0,"5":13,"6":0,"7":0,"8":0,"9":0,"10":0,"11":0,"12":0,"13":0,"14":0,"15":0,"16":0,"17":0,"18":0,"19":0,"20":0,"21":0,"22":0,"23":0,"24":0,"25":0,"26":0,"27":0,"28":0,"29":0,"30":0,"31":0},"f":{"0":0,"1":0,"2":0,"3":0,"4":0,"5":0,"6":0,"7":0,"8":0,"9":0,"10":0,"11":0},"b":{"0":[0,0],"1":[0,0,0],"2":[0,0],"3":[0,0],"4":[0,0],"5":[0,0],"6":[0,0]},"_coverageSchema":"1a1c01bbd47fc00a2c39e90264f33305004495a9","hash":"dea8a571ebcbe8852e587c7ff1227571d0f1f206"}
,"/Users/richardsto/Code/polyPod/features/facebookImport/src/globals/index.js": {"path":"/Users/richardsto/Code/polyPod/features/facebookImport/src/globals/index.js","statementMap":{"0":{"start":{"line":1,"column":30},"end":{"line":1,"column":43}}},"fnMap":{},"branchMap":{},"s":{"0":13},"f":{},"b":{},"_coverageSchema":"1a1c01bbd47fc00a2c39e90264f33305004495a9","hash":"1d02f21c54a8894080922c3073aa445d0e147aa1"}
,"/Users/richardsto/Code/polyPod/features/facebookImport/src/infographics/infographics.js": {"path":"/Users/richardsto/Code/polyPod/features/facebookImport/src/infographics/infographics.js","statementMap":{},"fnMap":{},"branchMap":{},"s":{},"f":{},"b":{},"_coverageSchema":"1a1c01bbd47fc00a2c39e90264f33305004495a9","hash":"e7b2c552a7a9ef7db8d55077fd4c9c266e6cb602"}
,"/Users/richardsto/Code/polyPod/features/facebookImport/src/model/analysis.js": {"path":"/Users/richardsto/Code/polyPod/features/facebookImport/src/model/analysis.js","statementMap":{"0":{"start":{"line":39,"column":32},"end":{"line":112,"column":2}},"1":{"start":{"line":84,"column":4},"end":{"line":111,"column":25}},"2":{"start":{"line":114,"column":34},"end":{"line":114,"column":57}}},"fnMap":{"0":{"name":"(anonymous_0)","decl":{"start":{"line":79,"column":9},"end":{"line":79,"column":10}},"loc":{"start":{"line":79,"column":23},"end":{"line":112,"column":1}},"line":79}},"branchMap":{},"s":{"0":13,"1":481,"2":13},"f":{"0":481},"b":{},"_coverageSchema":"1a1c01bbd47fc00a2c39e90264f33305004495a9","hash":"8928965a8a325df8335174e887281ee058651169"}
,"/Users/richardsto/Code/polyPod/features/facebookImport/src/model/importer.js": {"path":"/Users/richardsto/Code/polyPod/features/facebookImport/src/model/importer.js","statementMap":{"0":{"start":{"line":27,"column":29},"end":{"line":53,"column":1}},"1":{"start":{"line":55,"column":35},"end":{"line":55,"column":55}}},"fnMap":{},"branchMap":{},"s":{"0":13,"1":13},"f":{},"b":{},"_coverageSchema":"1a1c01bbd47fc00a2c39e90264f33305004495a9","hash":"d2ba8afa4f37a64eddf2b26165f1a4ee8731c646"}
,"/Users/richardsto/Code/polyPod/features/facebookImport/src/model/analyses/ministories/about-pictures-data-analysis.js": {"path":"/Users/richardsto/Code/polyPod/features/facebookImport/src/model/analyses/ministories/about-pictures-data-analysis.js","statementMap":{"0":{"start":{"line":9,"column":27},"end":{"line":9,"column":28}},"1":{"start":{"line":35,"column":29},"end":{"line":38,"column":9}},"2":{"start":{"line":39,"column":8},"end":{"line":41,"column":78}},"3":{"start":{"line":40,"column":28},"end":{"line":40,"column":38}},"4":{"start":{"line":41,"column":30},"end":{"line":41,"column":76}},"5":{"start":{"line":41,"column":59},"end":{"line":41,"column":75}},"6":{"start":{"line":45,"column":31},"end":{"line":45,"column":74}},"7":{"start":{"line":46,"column":8},"end":{"line":48,"column":38}},"8":{"start":{"line":47,"column":12},"end":{"line":48,"column":38}}},"fnMap":{"0":{"name":"(anonymous_0)","decl":{"start":{"line":34,"column":4},"end":{"line":34,"column":5}},"loc":{"start":{"line":34,"column":43},"end":{"line":42,"column":5}},"line":34},"1":{"name":"(anonymous_1)","decl":{"start":{"line":40,"column":17},"end":{"line":40,"column":18}},"loc":{"start":{"line":40,"column":28},"end":{"line":40,"column":38}},"line":40},"2":{"name":"(anonymous_2)","decl":{"start":{"line":41,"column":20},"end":{"line":41,"column":21}},"loc":{"start":{"line":41,"column":30},"end":{"line":41,"column":76}},"line":41},"3":{"name":"(anonymous_3)","decl":{"start":{"line":41,"column":48},"end":{"line":41,"column":49}},"loc":{"start":{"line":41,"column":59},"end":{"line":41,"column":75}},"line":41},"4":{"name":"(anonymous_4)","decl":{"start":{"line":44,"column":4},"end":{"line":44,"column":5}},"loc":{"start":{"line":44,"column":44},"end":{"line":49,"column":5}},"line":44}},"branchMap":{"0":{"loc":{"start":{"line":46,"column":8},"end":{"line":48,"column":38}},"type":"if","locations":[{"start":{"line":46,"column":8},"end":{"line":48,"column":38}},{"start":{},"end":{}}],"line":46}},"s":{"0":13,"1":5,"2":5,"3":8,"4":8,"5":15,"6":5,"7":5,"8":2},"f":{"0":5,"1":8,"2":8,"3":15,"4":5},"b":{"0":[2,3]},"_coverageSchema":"1a1c01bbd47fc00a2c39e90264f33305004495a9","hash":"048fb9d14055f3d3c511946df91451d3b3ca97fc"}
,"/Users/richardsto/Code/polyPod/features/facebookImport/src/model/analyses/ministories/activities-analysis.js": {"path":"/Users/richardsto/Code/polyPod/features/facebookImport/src/model/analyses/ministories/activities-analysis.js","statementMap":{"0":{"start":{"line":5,"column":30},"end":{"line":17,"column":56}},"1":{"start":{"line":17,"column":24},"end":{"line":17,"column":55}},"2":{"start":{"line":20,"column":8},"end":{"line":24,"column":10}},"3":{"start":{"line":21,"column":12},"end":{"line":23,"column":13}},"4":{"start":{"line":22,"column":48},"end":{"line":22,"column":79}},"5":{"start":{"line":26,"column":8},"end":{"line":32,"column":10}},"6":{"start":{"line":27,"column":12},"end":{"line":31,"column":13}},"7":{"start":{"line":29,"column":38},"end":{"line":29,"column":60}},"8":{"start":{"line":34,"column":32},"end":{"line":34,"column":56}},"9":{"start":{"line":36,"column":8},"end":{"line":58,"column":11}},"10":{"start":{"line":37,"column":33},"end":{"line":37,"column":51}},"11":{"start":{"line":38,"column":34},"end":{"line":38,"column":49}},"12":{"start":{"line":39,"column":12},"end":{"line":56,"column":13}},"13":{"start":{"line":44,"column":16},"end":{"line":44,"column":79}},"14":{"start":{"line":45,"column":16},"end":{"line":45,"column":63}},"15":{"start":{"line":47,"column":16},"end":{"line":52,"column":70}},"16":{"start":{"line":48,"column":20},"end":{"line":51,"column":22}},"17":{"start":{"line":52,"column":23},"end":{"line":52,"column":70}},"18":{"start":{"line":53,"column":16},"end":{"line":55,"column":22}},"19":{"start":{"line":57,"column":12},"end":{"line":57,"column":38}},"20":{"start":{"line":60,"column":8},"end":{"line":61,"column":61}}},"fnMap":{"0":{"name":"(anonymous_0)","decl":{"start":{"line":4,"column":4},"end":{"line":4,"column":5}},"loc":{"start":{"line":4,"column":35},"end":{"line":62,"column":5}},"line":4},"1":{"name":"(anonymous_1)","decl":{"start":{"line":17,"column":14},"end":{"line":17,"column":15}},"loc":{"start":{"line":17,"column":24},"end":{"line":17,"column":55}},"line":17},"2":{"name":"(anonymous_2)","decl":{"start":{"line":20,"column":49},"end":{"line":20,"column":50}},"loc":{"start":{"line":21,"column":12},"end":{"line":23,"column":13}},"line":21},"3":{"name":"(anonymous_3)","decl":{"start":{"line":22,"column":38},"end":{"line":22,"column":39}},"loc":{"start":{"line":22,"column":48},"end":{"line":22,"column":79}},"line":22},"4":{"name":"(anonymous_4)","decl":{"start":{"line":26,"column":41},"end":{"line":26,"column":42}},"loc":{"start":{"line":27,"column":12},"end":{"line":31,"column":13}},"line":27},"5":{"name":"(anonymous_5)","decl":{"start":{"line":29,"column":20},"end":{"line":29,"column":21}},"loc":{"start":{"line":29,"column":38},"end":{"line":29,"column":60}},"line":29},"6":{"name":"(anonymous_6)","decl":{"start":{"line":36,"column":30},"end":{"line":36,"column":31}},"loc":{"start":{"line":36,"column":40},"end":{"line":58,"column":9}},"line":36}},"branchMap":{"0":{"loc":{"start":{"line":39,"column":12},"end":{"line":56,"column":13}},"type":"if","locations":[{"start":{"line":39,"column":12},"end":{"line":56,"column":13}},{"start":{"line":46,"column":19},"end":{"line":56,"column":13}}],"line":39},"1":{"loc":{"start":{"line":47,"column":16},"end":{"line":52,"column":70}},"type":"if","locations":[{"start":{"line":47,"column":16},"end":{"line":52,"column":70}},{"start":{"line":52,"column":23},"end":{"line":52,"column":70}}],"line":47},"2":{"loc":{"start":{"line":61,"column":12},"end":{"line":61,"column":60}},"type":"binary-expr","locations":[{"start":{"line":61,"column":12},"end":{"line":61,"column":39}},{"start":{"line":61,"column":43},"end":{"line":61,"column":60}}],"line":61}},"s":{"0":2,"1":0,"2":2,"3":4,"4":10,"5":2,"6":0,"7":0,"8":2,"9":2,"10":10,"11":10,"12":10,"13":4,"14":4,"15":6,"16":2,"17":4,"18":6,"19":10,"20":2},"f":{"0":2,"1":0,"2":4,"3":10,"4":0,"5":0,"6":10},"b":{"0":[4,6],"1":[2,4],"2":[2,2]},"_coverageSchema":"1a1c01bbd47fc00a2c39e90264f33305004495a9","hash":"e372f82eb8f1c169f108fc92f0182d9920c3753b"}
,"/Users/richardsto/Code/polyPod/features/facebookImport/src/model/analyses/ministories/activity-locations-analysis.js": {"path":"/Users/richardsto/Code/polyPod/features/facebookImport/src/model/analyses/ministories/activity-locations-analysis.js","statementMap":{"0":{"start":{"line":6,"column":40},"end":{"line":6,"column":42}},"1":{"start":{"line":7,"column":8},"end":{"line":22,"column":15}},"2":{"start":{"line":10,"column":20},"end":{"line":10,"column":72}},"3":{"start":{"line":14,"column":20},"end":{"line":18,"column":36}},"4":{"start":{"line":19,"column":16},"end":{"line":21,"column":58}},"5":{"start":{"line":24,"column":30},"end":{"line":24,"column":32}},"6":{"start":{"line":25,"column":8},"end":{"line":29,"column":9}},"7":{"start":{"line":28,"column":12},"end":{"line":28,"column":65}},"8":{"start":{"line":31,"column":8},"end":{"line":32,"column":77}},"9":{"start":{"line":32,"column":12},"end":{"line":32,"column":77}}},"fnMap":{"0":{"name":"(anonymous_0)","decl":{"start":{"line":5,"column":4},"end":{"line":5,"column":5}},"loc":{"start":{"line":5,"column":35},"end":{"line":33,"column":5}},"line":5},"1":{"name":"(anonymous_1)","decl":{"start":{"line":9,"column":16},"end":{"line":9,"column":17}},"loc":{"start":{"line":10,"column":20},"end":{"line":10,"column":72}},"line":10},"2":{"name":"(anonymous_2)","decl":{"start":{"line":12,"column":21},"end":{"line":12,"column":22}},"loc":{"start":{"line":12,"column":35},"end":{"line":22,"column":13}},"line":12}},"branchMap":{"0":{"loc":{"start":{"line":10,"column":20},"end":{"line":10,"column":72}},"type":"binary-expr","locations":[{"start":{"line":10,"column":20},"end":{"line":10,"column":35}},{"start":{"line":10,"column":39},"end":{"line":10,"column":52}},{"start":{"line":10,"column":56},"end":{"line":10,"column":72}}],"line":10},"1":{"loc":{"start":{"line":19,"column":16},"end":{"line":21,"column":57}},"type":"cond-expr","locations":[{"start":{"line":20,"column":23},"end":{"line":20,"column":60}},{"start":{"line":21,"column":22},"end":{"line":21,"column":57}}],"line":19},"2":{"loc":{"start":{"line":31,"column":8},"end":{"line":32,"column":77}},"type":"if","locations":[{"start":{"line":31,"column":8},"end":{"line":32,"column":77}},{"start":{},"end":{}}],"line":31}},"s":{"0":0,"1":0,"2":0,"3":0,"4":0,"5":0,"6":0,"7":0,"8":0,"9":0},"f":{"0":0,"1":0,"2":0},"b":{"0":[0,0,0],"1":[0,0],"2":[0,0]},"_coverageSchema":"1a1c01bbd47fc00a2c39e90264f33305004495a9","hash":"b32f5e9ac87c7028941e7f5354d21543540f2a58"}
,"/Users/richardsto/Code/polyPod/features/facebookImport/src/model/analyses/ministories/ad-interests-analysis.js": {"path":"/Users/richardsto/Code/polyPod/features/facebookImport/src/model/analyses/ministories/ad-interests-analysis.js","statementMap":{"0":{"start":{"line":5,"column":8},"end":{"line":5,"column":31}},"1":{"start":{"line":9,"column":8},"end":{"line":9,"column":64}},"2":{"start":{"line":10,"column":8},"end":{"line":10,"column":49}},"3":{"start":{"line":14,"column":8},"end":{"line":14,"column":162}}},"fnMap":{"0":{"name":"(anonymous_0)","decl":{"start":{"line":4,"column":4},"end":{"line":4,"column":5}},"loc":{"start":{"line":4,"column":16},"end":{"line":6,"column":5}},"line":4},"1":{"name":"(anonymous_1)","decl":{"start":{"line":8,"column":4},"end":{"line":8,"column":5}},"loc":{"start":{"line":8,"column":35},"end":{"line":11,"column":5}},"line":8},"2":{"name":"(anonymous_2)","decl":{"start":{"line":13,"column":4},"end":{"line":13,"column":5}},"loc":{"start":{"line":13,"column":20},"end":{"line":15,"column":5}},"line":13}},"branchMap":{},"s":{"0":0,"1":0,"2":0,"3":0},"f":{"0":0,"1":0,"2":0},"b":{},"_coverageSchema":"1a1c01bbd47fc00a2c39e90264f33305004495a9","hash":"6c3ade7a79b51922996a4ea17465e2e6616a1320"}
,"/Users/richardsto/Code/polyPod/features/facebookImport/src/model/analyses/ministories/ad-views-analysis.js": {"path":"/Users/richardsto/Code/polyPod/features/facebookImport/src/model/analyses/ministories/ad-views-analysis.js","statementMap":{"0":{"start":{"line":7,"column":8},"end":{"line":7,"column":26}},"1":{"start":{"line":11,"column":32},"end":{"line":11,"column":59}},"2":{"start":{"line":12,"column":8},"end":{"line":20,"column":47}},"3":{"start":{"line":15,"column":16},"end":{"line":18,"column":18}},"4":{"start":{"line":20,"column":28},"end":{"line":20,"column":45}},"5":{"start":{"line":22,"column":8},"end":{"line":22,"column":65}},"6":{"start":{"line":23,"column":8},"end":{"line":23,"column":53}},"7":{"start":{"line":24,"column":8},"end":{"line":24,"column":61}},"8":{"start":{"line":25,"column":8},"end":{"line":25,"column":52}},"9":{"start":{"line":29,"column":8},"end":{"line":48,"column":10}}},"fnMap":{"0":{"name":"(anonymous_0)","decl":{"start":{"line":6,"column":4},"end":{"line":6,"column":5}},"loc":{"start":{"line":6,"column":16},"end":{"line":8,"column":5}},"line":6},"1":{"name":"(anonymous_1)","decl":{"start":{"line":10,"column":4},"end":{"line":10,"column":5}},"loc":{"start":{"line":10,"column":35},"end":{"line":26,"column":5}},"line":10},"2":{"name":"(anonymous_2)","decl":{"start":{"line":14,"column":17},"end":{"line":14,"column":18}},"loc":{"start":{"line":14,"column":33},"end":{"line":19,"column":13}},"line":14},"3":{"name":"(anonymous_3)","decl":{"start":{"line":20,"column":18},"end":{"line":20,"column":19}},"loc":{"start":{"line":20,"column":28},"end":{"line":20,"column":45}},"line":20},"4":{"name":"(anonymous_4)","decl":{"start":{"line":28,"column":4},"end":{"line":28,"column":5}},"loc":{"start":{"line":28,"column":20},"end":{"line":49,"column":5}},"line":28}},"branchMap":{"0":{"loc":{"start":{"line":33,"column":21},"end":{"line":35,"column":44}},"type":"cond-expr","locations":[{"start":{"line":34,"column":26},"end":{"line":34,"column":42}},{"start":{"line":35,"column":26},"end":{"line":35,"column":44}}],"line":33},"1":{"loc":{"start":{"line":37,"column":21},"end":{"line":37,"column":59}},"type":"cond-expr","locations":[{"start":{"line":37,"column":47},"end":{"line":37,"column":51}},{"start":{"line":37,"column":54},"end":{"line":37,"column":59}}],"line":37},"2":{"loc":{"start":{"line":39,"column":21},"end":{"line":39,"column":67}},"type":"cond-expr","locations":[{"start":{"line":39,"column":51},"end":{"line":39,"column":57}},{"start":{"line":39,"column":60},"end":{"line":39,"column":67}}],"line":39}},"s":{"0":0,"1":0,"2":0,"3":0,"4":0,"5":0,"6":0,"7":0,"8":0,"9":0},"f":{"0":0,"1":0,"2":0,"3":0,"4":0},"b":{"0":[0,0],"1":[0,0],"2":[0,0]},"_coverageSchema":"1a1c01bbd47fc00a2c39e90264f33305004495a9","hash":"a84de937ccfe4d6bac9f72cb2bf7f48539314f77"}
,"/Users/richardsto/Code/polyPod/features/facebookImport/src/model/analyses/ministories/advertising-value-analysis.js": {"path":"/Users/richardsto/Code/polyPod/features/facebookImport/src/model/analyses/ministories/advertising-value-analysis.js","statementMap":{"0":{"start":{"line":6,"column":28},"end":{"line":6,"column":51}},"1":{"start":{"line":7,"column":32},"end":{"line":7,"column":57}},"2":{"start":{"line":8,"column":34},"end":{"line":8,"column":43}},"3":{"start":{"line":9,"column":8},"end":{"line":18,"column":9}},"4":{"start":{"line":10,"column":12},"end":{"line":14,"column":13}},"5":{"start":{"line":11,"column":16},"end":{"line":13,"column":18}},"6":{"start":{"line":15,"column":12},"end":{"line":17,"column":14}},"7":{"start":{"line":19,"column":8},"end":{"line":19,"column":77}},"8":{"start":{"line":21,"column":8},"end":{"line":25,"column":10}},"9":{"start":{"line":23,"column":16},"end":{"line":23,"column":70}}},"fnMap":{"0":{"name":"(anonymous_0)","decl":{"start":{"line":5,"column":4},"end":{"line":5,"column":5}},"loc":{"start":{"line":5,"column":35},"end":{"line":26,"column":5}},"line":5},"1":{"name":"(anonymous_1)","decl":{"start":{"line":22,"column":12},"end":{"line":22,"column":13}},"loc":{"start":{"line":22,"column":22},"end":{"line":24,"column":13}},"line":22}},"branchMap":{"0":{"loc":{"start":{"line":9,"column":8},"end":{"line":18,"column":9}},"type":"if","locations":[{"start":{"line":9,"column":8},"end":{"line":18,"column":9}},{"start":{},"end":{}}],"line":9}},"s":{"0":7,"1":7,"2":7,"3":7,"4":4,"5":15,"6":4,"7":7,"8":7,"9":11},"f":{"0":7,"1":11},"b":{"0":[4,3]},"_coverageSchema":"1a1c01bbd47fc00a2c39e90264f33305004495a9","hash":"39f5602d439de2ea489fec1d96feece88fd0b609"}
,"/Users/richardsto/Code/polyPod/features/facebookImport/src/model/analyses/ministories/connected-advertisers-analysis.js": {"path":"/Users/richardsto/Code/polyPod/features/facebookImport/src/model/analyses/ministories/connected-advertisers-analysis.js","statementMap":{"0":{"start":{"line":6,"column":8},"end":{"line":13,"column":9}},"1":{"start":{"line":7,"column":12},"end":{"line":8,"column":56}},"2":{"start":{"line":9,"column":12},"end":{"line":12,"column":18}},"3":{"start":{"line":11,"column":45},"end":{"line":11,"column":69}},"4":{"start":{"line":14,"column":8},"end":{"line":21,"column":9}},"5":{"start":{"line":15,"column":12},"end":{"line":16,"column":64}},"6":{"start":{"line":17,"column":12},"end":{"line":20,"column":18}},"7":{"start":{"line":19,"column":45},"end":{"line":19,"column":69}}},"fnMap":{"0":{"name":"(anonymous_0)","decl":{"start":{"line":5,"column":4},"end":{"line":5,"column":5}},"loc":{"start":{"line":5,"column":35},"end":{"line":22,"column":5}},"line":5},"1":{"name":"(anonymous_1)","decl":{"start":{"line":11,"column":20},"end":{"line":11,"column":21}},"loc":{"start":{"line":11,"column":45},"end":{"line":11,"column":69}},"line":11},"2":{"name":"(anonymous_2)","decl":{"start":{"line":19,"column":20},"end":{"line":19,"column":21}},"loc":{"start":{"line":19,"column":45},"end":{"line":19,"column":69}},"line":19}},"branchMap":{"0":{"loc":{"start":{"line":6,"column":8},"end":{"line":13,"column":9}},"type":"if","locations":[{"start":{"line":6,"column":8},"end":{"line":13,"column":9}},{"start":{},"end":{}}],"line":6},"1":{"loc":{"start":{"line":14,"column":8},"end":{"line":21,"column":9}},"type":"if","locations":[{"start":{"line":14,"column":8},"end":{"line":21,"column":9}},{"start":{},"end":{}}],"line":14}},"s":{"0":5,"1":1,"2":1,"3":10,"4":5,"5":1,"6":1,"7":10},"f":{"0":5,"1":10,"2":10},"b":{"0":[1,4],"1":[1,4]},"_coverageSchema":"1a1c01bbd47fc00a2c39e90264f33305004495a9","hash":"0061b16ccf2779ae9beb96f6ee2c95d905c148af"}
,"/Users/richardsto/Code/polyPod/features/facebookImport/src/model/analyses/ministories/data-groups-analysis.js": {"path":"/Users/richardsto/Code/polyPod/features/facebookImport/src/model/analyses/ministories/data-groups-analysis.js","statementMap":{"0":{"start":{"line":7,"column":8},"end":{"line":7,"column":29}},"1":{"start":{"line":11,"column":8},"end":{"line":13,"column":10}},"2":{"start":{"line":12,"column":27},"end":{"line":12,"column":36}},"3":{"start":{"line":14,"column":8},"end":{"line":14,"column":51}},"4":{"start":{"line":17,"column":8},"end":{"line":17,"column":58}}},"fnMap":{"0":{"name":"(anonymous_0)","decl":{"start":{"line":6,"column":4},"end":{"line":6,"column":5}},"loc":{"start":{"line":6,"column":16},"end":{"line":8,"column":5}},"line":6},"1":{"name":"(anonymous_1)","decl":{"start":{"line":10,"column":4},"end":{"line":10,"column":5}},"loc":{"start":{"line":10,"column":35},"end":{"line":15,"column":5}},"line":10},"2":{"name":"(anonymous_2)","decl":{"start":{"line":12,"column":12},"end":{"line":12,"column":13}},"loc":{"start":{"line":12,"column":27},"end":{"line":12,"column":36}},"line":12},"3":{"name":"(anonymous_3)","decl":{"start":{"line":16,"column":4},"end":{"line":16,"column":5}},"loc":{"start":{"line":16,"column":20},"end":{"line":18,"column":5}},"line":16}},"branchMap":{},"s":{"0":0,"1":0,"2":0,"3":0,"4":0},"f":{"0":0,"1":0,"2":0,"3":0},"b":{},"_coverageSchema":"1a1c01bbd47fc00a2c39e90264f33305004495a9","hash":"71b6688a72da671d11d3a5e75e529616b0511155"}
,"/Users/richardsto/Code/polyPod/features/facebookImport/src/model/analyses/ministories/data-points-charts-analysis.js": {"path":"/Users/richardsto/Code/polyPod/features/facebookImport/src/model/analyses/ministories/data-points-charts-analysis.js","statementMap":{"0":{"start":{"line":7,"column":8},"end":{"line":7,"column":29}},"1":{"start":{"line":11,"column":8},"end":{"line":13,"column":10}},"2":{"start":{"line":12,"column":27},"end":{"line":12,"column":36}},"3":{"start":{"line":14,"column":8},"end":{"line":14,"column":51}},"4":{"start":{"line":18,"column":8},"end":{"line":18,"column":53}}},"fnMap":{"0":{"name":"(anonymous_0)","decl":{"start":{"line":6,"column":4},"end":{"line":6,"column":5}},"loc":{"start":{"line":6,"column":16},"end":{"line":8,"column":5}},"line":6},"1":{"name":"(anonymous_1)","decl":{"start":{"line":10,"column":4},"end":{"line":10,"column":5}},"loc":{"start":{"line":10,"column":35},"end":{"line":15,"column":5}},"line":10},"2":{"name":"(anonymous_2)","decl":{"start":{"line":12,"column":12},"end":{"line":12,"column":13}},"loc":{"start":{"line":12,"column":27},"end":{"line":12,"column":36}},"line":12},"3":{"name":"(anonymous_3)","decl":{"start":{"line":17,"column":4},"end":{"line":17,"column":5}},"loc":{"start":{"line":17,"column":20},"end":{"line":19,"column":5}},"line":17}},"branchMap":{},"s":{"0":0,"1":0,"2":0,"3":0,"4":0},"f":{"0":0,"1":0,"2":0,"3":0},"b":{},"_coverageSchema":"1a1c01bbd47fc00a2c39e90264f33305004495a9","hash":"4f7957af69b1bfc305f484ca0366756dc4631177"}
,"/Users/richardsto/Code/polyPod/features/facebookImport/src/model/analyses/ministories/email-addresses-analysis.js": {"path":"/Users/richardsto/Code/polyPod/features/facebookImport/src/model/analyses/ministories/email-addresses-analysis.js","statementMap":{"0":{"start":{"line":7,"column":8},"end":{"line":7,"column":51}},"1":{"start":{"line":11,"column":8},"end":{"line":11,"column":58}},"2":{"start":{"line":12,"column":8},"end":{"line":12,"column":41}},"3":{"start":{"line":13,"column":8},"end":{"line":15,"column":9}},"4":{"start":{"line":14,"column":12},"end":{"line":14,"column":19}},"5":{"start":{"line":17,"column":8},"end":{"line":28,"column":11}},"6":{"start":{"line":18,"column":12},"end":{"line":20,"column":13}},"7":{"start":{"line":19,"column":16},"end":{"line":19,"column":23}},"8":{"start":{"line":21,"column":30},"end":{"line":21,"column":47}},"9":{"start":{"line":22,"column":12},"end":{"line":24,"column":13}},"10":{"start":{"line":23,"column":16},"end":{"line":23,"column":62}},"11":{"start":{"line":25,"column":12},"end":{"line":27,"column":13}},"12":{"start":{"line":26,"column":16},"end":{"line":26,"column":62}},"13":{"start":{"line":29,"column":8},"end":{"line":29,"column":52}},"14":{"start":{"line":33,"column":8},"end":{"line":40,"column":10}}},"fnMap":{"0":{"name":"(anonymous_0)","decl":{"start":{"line":6,"column":4},"end":{"line":6,"column":5}},"loc":{"start":{"line":6,"column":16},"end":{"line":8,"column":5}},"line":6},"1":{"name":"(anonymous_1)","decl":{"start":{"line":10,"column":4},"end":{"line":10,"column":5}},"loc":{"start":{"line":10,"column":35},"end":{"line":30,"column":5}},"line":10},"2":{"name":"(anonymous_2)","decl":{"start":{"line":17,"column":41},"end":{"line":17,"column":42}},"loc":{"start":{"line":17,"column":53},"end":{"line":28,"column":9}},"line":17},"3":{"name":"(anonymous_3)","decl":{"start":{"line":32,"column":4},"end":{"line":32,"column":5}},"loc":{"start":{"line":32,"column":20},"end":{"line":41,"column":5}},"line":32}},"branchMap":{"0":{"loc":{"start":{"line":13,"column":8},"end":{"line":15,"column":9}},"type":"if","locations":[{"start":{"line":13,"column":8},"end":{"line":15,"column":9}},{"start":{},"end":{}}],"line":13},"1":{"loc":{"start":{"line":18,"column":12},"end":{"line":20,"column":13}},"type":"if","locations":[{"start":{"line":18,"column":12},"end":{"line":20,"column":13}},{"start":{},"end":{}}],"line":18},"2":{"loc":{"start":{"line":22,"column":12},"end":{"line":24,"column":13}},"type":"if","locations":[{"start":{"line":22,"column":12},"end":{"line":24,"column":13}},{"start":{},"end":{}}],"line":22},"3":{"loc":{"start":{"line":25,"column":12},"end":{"line":27,"column":13}},"type":"if","locations":[{"start":{"line":25,"column":12},"end":{"line":27,"column":13}},{"start":{},"end":{}}],"line":25}},"s":{"0":0,"1":0,"2":0,"3":0,"4":0,"5":0,"6":0,"7":0,"8":0,"9":0,"10":0,"11":0,"12":0,"13":0,"14":0},"f":{"0":0,"1":0,"2":0,"3":0},"b":{"0":[0,0],"1":[0,0],"2":[0,0],"3":[0,0]},"_coverageSchema":"1a1c01bbd47fc00a2c39e90264f33305004495a9","hash":"f19401093f8b790ab1a579b630a43155dc6efcea"}
,"/Users/richardsto/Code/polyPod/features/facebookImport/src/model/analyses/ministories/export-size-analysis.js": {"path":"/Users/richardsto/Code/polyPod/features/facebookImport/src/model/analyses/ministories/export-size-analysis.js","statementMap":{"0":{"start":{"line":5,"column":8},"end":{"line":5,"column":27}},"1":{"start":{"line":9,"column":8},"end":{"line":9,"column":27}},"2":{"start":{"line":10,"column":8},"end":{"line":10,"column":26}},"3":{"start":{"line":14,"column":8},"end":{"line":14,"column":31}}},"fnMap":{"0":{"name":"(anonymous_0)","decl":{"start":{"line":4,"column":4},"end":{"line":4,"column":5}},"loc":{"start":{"line":4,"column":16},"end":{"line":6,"column":5}},"line":4},"1":{"name":"(anonymous_1)","decl":{"start":{"line":8,"column":4},"end":{"line":8,"column":5}},"loc":{"start":{"line":8,"column":28},"end":{"line":11,"column":5}},"line":8},"2":{"name":"(anonymous_2)","decl":{"start":{"line":13,"column":4},"end":{"line":13,"column":5}},"loc":{"start":{"line":13,"column":20},"end":{"line":15,"column":5}},"line":13}},"branchMap":{},"s":{"0":0,"1":0,"2":0,"3":0},"f":{"0":0,"1":0,"2":0},"b":{},"_coverageSchema":"1a1c01bbd47fc00a2c39e90264f33305004495a9","hash":"6f675576fa6f8e825b6266dcc942953ad265923c"}
,"/Users/richardsto/Code/polyPod/features/facebookImport/src/model/analyses/ministories/export-title-analysis.js": {"path":"/Users/richardsto/Code/polyPod/features/facebookImport/src/model/analyses/ministories/export-title-analysis.js","statementMap":{"0":{"start":{"line":5,"column":8},"end":{"line":5,"column":27}},"1":{"start":{"line":9,"column":8},"end":{"line":9,"column":27}},"2":{"start":{"line":10,"column":8},"end":{"line":10,"column":26}},"3":{"start":{"line":14,"column":8},"end":{"line":14,"column":31}}},"fnMap":{"0":{"name":"(anonymous_0)","decl":{"start":{"line":4,"column":4},"end":{"line":4,"column":5}},"loc":{"start":{"line":4,"column":16},"end":{"line":6,"column":5}},"line":4},"1":{"name":"(anonymous_1)","decl":{"start":{"line":8,"column":4},"end":{"line":8,"column":5}},"loc":{"start":{"line":8,"column":28},"end":{"line":11,"column":5}},"line":8},"2":{"name":"(anonymous_2)","decl":{"start":{"line":13,"column":4},"end":{"line":13,"column":5}},"loc":{"start":{"line":13,"column":20},"end":{"line":15,"column":5}},"line":13}},"branchMap":{},"s":{"0":0,"1":0,"2":0,"3":0},"f":{"0":0,"1":0,"2":0},"b":{},"_coverageSchema":"1a1c01bbd47fc00a2c39e90264f33305004495a9","hash":"398378b1561eb11ac3580276a7aa12a38bd6bbc8"}
,"/Users/richardsto/Code/polyPod/features/facebookImport/src/model/analyses/ministories/friend-requests-received-analysis.js": {"path":"/Users/richardsto/Code/polyPod/features/facebookImport/src/model/analyses/ministories/friend-requests-received-analysis.js","statementMap":{"0":{"start":{"line":5,"column":8},"end":{"line":5,"column":42}},"1":{"start":{"line":9,"column":8},"end":{"line":10,"column":54}},"2":{"start":{"line":11,"column":8},"end":{"line":11,"column":60}},"3":{"start":{"line":15,"column":8},"end":{"line":17,"column":61}}},"fnMap":{"0":{"name":"(anonymous_0)","decl":{"start":{"line":4,"column":4},"end":{"line":4,"column":5}},"loc":{"start":{"line":4,"column":16},"end":{"line":6,"column":5}},"line":4},"1":{"name":"(anonymous_1)","decl":{"start":{"line":8,"column":4},"end":{"line":8,"column":5}},"loc":{"start":{"line":8,"column":35},"end":{"line":12,"column":5}},"line":8},"2":{"name":"(anonymous_2)","decl":{"start":{"line":14,"column":4},"end":{"line":14,"column":5}},"loc":{"start":{"line":14,"column":20},"end":{"line":18,"column":5}},"line":14}},"branchMap":{"0":{"loc":{"start":{"line":16,"column":12},"end":{"line":16,"column":76}},"type":"cond-expr","locations":[{"start":{"line":16,"column":54},"end":{"line":16,"column":63}},{"start":{"line":16,"column":66},"end":{"line":16,"column":76}}],"line":16}},"s":{"0":0,"1":0,"2":0,"3":0},"f":{"0":0,"1":0,"2":0},"b":{"0":[0,0]},"_coverageSchema":"1a1c01bbd47fc00a2c39e90264f33305004495a9","hash":"9aff892743803f1533cffe573704d90438f6553b"}
[...]
rters/test-definition/importer-tests-definition.js","statementMap":{"0":{"start":{"line":10,"column":52},"end":{"line":60,"column":1}},"1":{"start":{"line":11,"column":4},"end":{"line":23,"column":7}},"2":{"start":{"line":12,"column":8},"end":{"line":22,"column":10}},"3":{"start":{"line":15,"column":32},"end":{"line":15,"column":49}},"4":{"start":{"line":16,"column":35},"end":{"line":19,"column":17}},"5":{"start":{"line":20,"column":16},"end":{"line":20,"column":62}},"6":{"start":{"line":25,"column":4},"end":{"line":37,"column":7}},"7":{"start":{"line":26,"column":8},"end":{"line":36,"column":10}},"8":{"start":{"line":29,"column":32},"end":{"line":29,"column":68}},"9":{"start":{"line":30,"column":35},"end":{"line":33,"column":17}},"10":{"start":{"line":34,"column":16},"end":{"line":34,"column":65}},"11":{"start":{"line":39,"column":4},"end":{"line":59,"column":7}},"12":{"start":{"line":40,"column":8},"end":{"line":58,"column":10}},"13":{"start":{"line":49,"column":43},"end":{"line":52,"column":17}},"14":{"start":{"line":54,"column":16},"end":{"line":54,"column":44}},"15":{"start":{"line":56,"column":16},"end":{"line":56,"column":76}}},"fnMap":{"0":{"name":"(anonymous_0)","decl":{"start":{"line":10,"column":52},"end":{"line":10,"column":53}},"loc":{"start":{"line":10,"column":72},"end":{"line":60,"column":1}},"line":10},"1":{"name":"(anonymous_1)","decl":{"start":{"line":11,"column":70},"end":{"line":11,"column":71}},"loc":{"start":{"line":11,"column":76},"end":{"line":23,"column":5}},"line":11},"2":{"name":"(anonymous_2)","decl":{"start":{"line":14,"column":12},"end":{"line":14,"column":13}},"loc":{"start":{"line":14,"column":51},"end":{"line":21,"column":13}},"line":14},"3":{"name":"(anonymous_3)","decl":{"start":{"line":25,"column":88},"end":{"line":25,"column":89}},"loc":{"start":{"line":25,"column":94},"end":{"line":37,"column":5}},"line":25},"4":{"name":"(anonymous_4)","decl":{"start":{"line":28,"column":12},"end":{"line":28,"column":13}},"loc":{"start":{"line":28,"column":65},"end":{"line":35,"column":13}},"line":28},"5":{"name":"(anonymous_5)","decl":{"start":{"line":39,"column":67},"end":{"line":39,"column":68}},"loc":{"start":{"line":39,"column":73},"end":{"line":59,"column":5}},"line":39},"6":{"name":"(anonymous_6)","decl":{"start":{"line":42,"column":12},"end":{"line":42,"column":13}},"loc":{"start":{"line":48,"column":17},"end":{"line":57,"column":13}},"line":48}},"branchMap":{},"s":{"0":3,"1":3,"2":3,"3":8,"4":8,"5":8,"6":3,"7":3,"8":8,"9":8,"10":8,"11":3,"12":3,"13":8,"14":8,"15":8},"f":{"0":3,"1":3,"2":8,"3":3,"4":8,"5":3,"6":8},"b":{},"_coverageSchema":"1a1c01bbd47fc00a2c39e90264f33305004495a9","hash":"ffbb74fcffcbed7f4ea59d673b46a37eb3de1315"}
,"/Users/richardsto/Code/polyPod/features/facebookImport/test/mocks/i18n-mock.js": {"path":"/Users/richardsto/Code/polyPod/features/facebookImport/test/mocks/i18n-mock.js","statementMap":{"0":{"start":{"line":3,"column":8},"end":{"line":3,"column":19}}},"fnMap":{"0":{"name":"(anonymous_0)","decl":{"start":{"line":2,"column":4},"end":{"line":2,"column":5}},"loc":{"start":{"line":2,"column":11},"end":{"line":4,"column":5}},"line":2}},"branchMap":{},"s":{"0":74},"f":{"0":74},"b":{},"_coverageSchema":"1a1c01bbd47fc00a2c39e90264f33305004495a9","hash":"622694eddabf8ac7c0bcb699f6fd38fee66ffe4a"}
,"/Users/richardsto/Code/polyPod/features/facebookImport/test/utils/analyses-execution.js": {"path":"/Users/richardsto/Code/polyPod/features/facebookImport/test/utils/analyses-execution.js","statementMap":{"0":{"start":{"line":19,"column":28},"end":{"line":19,"column":49}},"1":{"start":{"line":20,"column":4},"end":{"line":24,"column":7}},"2":{"start":{"line":25,"column":25},"end":{"line":29,"column":5}},"3":{"start":{"line":30,"column":27},"end":{"line":30,"column":73}},"4":{"start":{"line":31,"column":4},"end":{"line":31,"column":32}},"5":{"start":{"line":32,"column":4},"end":{"line":32,"column":47}},"6":{"start":{"line":40,"column":25},"end":{"line":40,"column":62}},"7":{"start":{"line":41,"column":4},"end":{"line":41,"column":52}},"8":{"start":{"line":45,"column":28},"end":{"line":45,"column":49}},"9":{"start":{"line":46,"column":4},"end":{"line":50,"column":7}},"10":{"start":{"line":51,"column":4},"end":{"line":57,"column":7}},"11":{"start":{"line":58,"column":4},"end":{"line":58,"column":27}},"12":{"start":{"line":61,"column":38},"end":{"line":63,"column":5}},"13":{"start":{"line":62,"column":25},"end":{"line":62,"column":70}},"14":{"start":{"line":65,"column":32},"end":{"line":67,"column":5}},"15":{"start":{"line":66,"column":28},"end":{"line":66,"column":76}},"16":{"start":{"line":69,"column":32},"end":{"line":71,"column":5}},"17":{"start":{"line":70,"column":25},"end":{"line":70,"column":43}},"18":{"start":{"line":72,"column":25},"end":{"line":74,"column":6}},"19":{"start":{"line":76,"column":4},"end":{"line":76,"column":69}}},"fnMap":{"0":{"name":"runAnalysisForExport","decl":{"start":{"line":14,"column":22},"end":{"line":14,"column":42}},"loc":{"start":{"line":18,"column":2},"end":{"line":33,"column":1}},"line":18},"1":{"name":"runAnalysisForAccount","decl":{"start":{"line":35,"column":22},"end":{"line":35,"column":43}},"loc":{"start":{"line":39,"column":2},"end":{"line":42,"column":1}},"line":39},"2":{"name":"runAnalysesForZip","decl":{"start":{"line":44,"column":22},"end":{"line":44,"column":39}},"loc":{"start":{"line":44,"column":49},"end":{"line":59,"column":1}},"line":44},"3":{"name":"getReportStories","decl":{"start":{"line":60,"column":16},"end":{"line":60,"column":32}},"loc":{"start":{"line":60,"column":50},"end":{"line":77,"column":1}},"line":60},"4":{"name":"(anonymous_4)","decl":{"start":{"line":62,"column":8},"end":{"line":62,"column":9}},"loc":{"start":{"line":62,"column":25},"end":{"line":62,"column":70}},"line":62},"5":{"name":"(anonymous_5)","decl":{"start":{"line":66,"column":8},"end":{"line":66,"column":9}},"loc":{"start":{"line":66,"column":28},"end":{"line":66,"column":76}},"line":66},"6":{"name":"(anonymous_6)","decl":{"start":{"line":70,"column":8},"end":{"line":70,"column":9}},"loc":{"start":{"line":70,"column":25},"end":{"line":70,"column":43}},"line":70}},"branchMap":{"0":{"loc":{"start":{"line":17,"column":4},"end":{"line":17,"column":23}},"type":"default-arg","locations":[{"start":{"line":17,"column":10},"end":{"line":17,"column":23}}],"line":17},"1":{"loc":{"start":{"line":38,"column":4},"end":{"line":38,"column":23}},"type":"default-arg","locations":[{"start":{"line":38,"column":10},"end":{"line":38,"column":23}}],"line":38}},"s":{"0":18,"1":18,"2":18,"3":18,"4":18,"5":18,"6":8,"7":8,"8":2,"9":2,"10":2,"11":2,"12":2,"13":12,"14":2,"15":18,"16":2,"17":12,"18":2,"19":2},"f":{"0":18,"1":8,"2":2,"3":2,"4":12,"5":18,"6":12},"b":{"0":[18],"1":[8]},"_coverageSchema":"1a1c01bbd47fc00a2c39e90264f33305004495a9","hash":"aff4fee6d7d1a9f5a4b1b15546d18006db9dd3ad"}
,"/Users/richardsto/Code/polyPod/features/facebookImport/test/utils/analysis-assertions.js": {"path":"/Users/richardsto/Code/polyPod/features/facebookImport/test/utils/analysis-assertions.js","statementMap":{"0":{"start":{"line":2,"column":4},"end":{"line":2,"column":45}},"1":{"start":{"line":6,"column":4},"end":{"line":6,"column":46}},"2":{"start":{"line":10,"column":4},"end":{"line":10,"column":47}},"3":{"start":{"line":14,"column":4},"end":{"line":14,"column":40}}},"fnMap":{"0":{"name":"expectActiveAnalysis","decl":{"start":{"line":1,"column":16},"end":{"line":1,"column":36}},"loc":{"start":{"line":1,"column":47},"end":{"line":3,"column":1}},"line":1},"1":{"name":"expectInactiveAnalysis","decl":{"start":{"line":5,"column":16},"end":{"line":5,"column":38}},"loc":{"start":{"line":5,"column":49},"end":{"line":7,"column":1}},"line":5},"2":{"name":"expectAnalysisActivation","decl":{"start":{"line":9,"column":9},"end":{"line":9,"column":33}},"loc":{"start":{"line":9,"column":58},"end":{"line":11,"column":1}},"line":9},"3":{"name":"expectAnalysisSuccessStatus","decl":{"start":{"line":13,"column":16},"end":{"line":13,"column":43}},"loc":{"start":{"line":13,"column":52},"end":{"line":15,"column":1}},"line":13}},"branchMap":{},"s":{"0":18,"1":7,"2":25,"3":24},"f":{"0":18,"1":7,"2":25,"3":24},"b":{},"_coverageSchema":"1a1c01bbd47fc00a2c39e90264f33305004495a9","hash":"905d8b2ea59d4cb2ebbcc1621d38240eb21f1ade"}
,"/Users/richardsto/Code/polyPod/features/facebookImport/test/utils/data-creation.js": {"path":"/Users/richardsto/Code/polyPod/features/facebookImport/test/utils/data-creation.js","statementMap":{"0":{"start":{"line":4,"column":18},"end":{"line":4,"column":35}},"1":{"start":{"line":5,"column":4},"end":{"line":5,"column":79}},"2":{"start":{"line":5,"column":42},"end":{"line":5,"column":77}},"3":{"start":{"line":6,"column":4},"end":{"line":6,"column":19}},"4":{"start":{"line":10,"column":4},"end":{"line":10,"column":60}}},"fnMap":{"0":{"name":"createMockedZip","decl":{"start":{"line":3,"column":16},"end":{"line":3,"column":31}},"loc":{"start":{"line":3,"column":42},"end":{"line":7,"column":1}},"line":3},"1":{"name":"(anonymous_1)","decl":{"start":{"line":5,"column":21},"end":{"line":5,"column":22}},"loc":{"start":{"line":5,"column":42},"end":{"line":5,"column":77}},"line":5},"2":{"name":"zipWithWrongDatasetKey","decl":{"start":{"line":9,"column":16},"end":{"line":9,"column":38}},"loc":{"start":{"line":9,"column":49},"end":{"line":11,"column":1}},"line":9}},"branchMap":{},"s":{"0":48,"1":48,"2":55,"3":48,"4":17},"f":{"0":48,"1":55,"2":17},"b":{},"_coverageSchema":"1a1c01bbd47fc00a2c39e90264f33305004495a9","hash":"b3170b134d48d8ff8ee1e649c70fa9ef8bd06cd3"}
,"/Users/richardsto/Code/polyPod/features/facebookImport/test/utils/data-importing.js": {"path":"/Users/richardsto/Code/polyPod/features/facebookImport/test/utils/data-importing.js","statementMap":{"0":{"start":{"line":30,"column":28},"end":{"line":30,"column":49}},"1":{"start":{"line":31,"column":4},"end":{"line":36,"column":7}},"2":{"start":{"line":40,"column":28},"end":{"line":40,"column":49}},"3":{"start":{"line":41,"column":31},"end":{"line":46,"column":6}},"4":{"start":{"line":47,"column":4},"end":{"line":47,"column":47}},"5":{"start":{"line":51,"column":28},"end":{"line":51,"column":49}},"6":{"start":{"line":52,"column":20},"end":{"line":56,"column":5}},"7":{"start":{"line":57,"column":4},"end":{"line":57,"column":40}},"8":{"start":{"line":61,"column":28},"end":{"line":61,"column":49}},"9":{"start":{"line":62,"column":19},"end":{"line":66,"column":5}},"10":{"start":{"line":67,"column":4},"end":{"line":67,"column":39}},"11":{"start":{"line":71,"column":4},"end":{"line":71,"column":59}},"12":{"start":{"line":75,"column":4},"end":{"line":75,"column":68}},"13":{"start":{"line":79,"column":4},"end":{"line":79,"column":76}},"14":{"start":{"line":83,"column":4},"end":{"line":83,"column":65}},"15":{"start":{"line":87,"column":4},"end":{"line":91,"column":7}},"16":{"start":{"line":95,"column":4},"end":{"line":95,"column":64}},"17":{"start":{"line":99,"column":4},"end":{"line":99,"column":65}},"18":{"start":{"line":103,"column":4},"end":{"line":103,"column":65}},"19":{"start":{"line":107,"column":4},"end":{"line":107,"column":55}},"20":{"start":{"line":111,"column":4},"end":{"line":111,"column":58}},"21":{"start":{"line":115,"column":4},"end":{"line":115,"column":56}},"22":{"start":{"line":119,"column":4},"end":{"line":119,"column":73}},"23":{"start":{"line":123,"column":4},"end":{"line":123,"column":56}},"24":{"start":{"line":127,"column":4},"end":{"line":127,"column":61}},"25":{"start":{"line":131,"column":4},"end":{"line":131,"column":61}},"26":{"start":{"line":135,"column":20},"end":{"line":135,"column":37}},"27":{"start":{"line":136,"column":4},"end":{"line":136,"column":44}},"28":{"start":{"line":138,"column":4},"end":{"line":138,"column":59}},"29":{"start":{"line":142,"column":31},"end":{"line":146,"column":5}},"30":{"start":{"line":147,"column":28},"end":{"line":147,"column":54}},"31":{"start":{"line":148,"column":4},"end":{"line":148,"column":47}},"32":{"start":{"line":148,"column":16},"end":{"line":148,"column":47}},"33":{"start":{"line":149,"column":4},"end":{"line":149,"column":39}}},"fnMap":{"0":{"name":"runMultipleImporters","decl":{"start":{"line":29,"column":22},"end":{"line":29,"column":42}},"loc":{"start":{"line":29,"column":69},"end":{"line":37,"column":1}},"line":29},"1":{"name":"runSingleImporter","decl":{"start":{"line":39,"column":22},"end":{"line":39,"column":39}},"loc":{"start":{"line":39,"column":64},"end":{"line":48,"column":1}},"line":39},"2":{"name":"runMultipleOutdatedImporters","decl":{"start":{"line":50,"column":22},"end":{"line":50,"column":50}},"loc":{"start":{"line":50,"column":77},"end":{"line":58,"column":1}},"line":50},"3":{"name":"runSingleOutdatedImporter","decl":{"start":{"line":60,"column":22},"end":{"line":60,"column":47}},"loc":{"start":{"line":60,"column":72},"end":{"line":68,"column":1}},"line":60},"4":{"name":"runAdInterestsImporter","decl":{"start":{"line":70,"column":22},"end":{"line":70,"column":44}},"loc":{"start":{"line":70,"column":54},"end":{"line":72,"column":1}},"line":70},"5":{"name":"runConnectedAdvertisersImporter","decl":{"start":{"line":74,"column":22},"end":{"line":74,"column":53}},"loc":{"start":{"line":74,"column":63},"end":{"line":76,"column":1}},"line":74},"6":{"name":"runConnectedAdvertisersWithAllTypesImporter","decl":{"start":{"line":78,"column":22},"end":{"line":78,"column":65}},"loc":{"start":{"line":78,"column":75},"end":{"line":80,"column":1}},"line":78},"7":{"name":"runLanguageAndLocaleImporter","decl":{"start":{"line":82,"column":22},"end":{"line":82,"column":50}},"loc":{"start":{"line":82,"column":60},"end":{"line":84,"column":1}},"line":82},"8":{"name":"runPersonalDataImporter","decl":{"start":{"line":86,"column":22},"end":{"line":86,"column":45}},"loc":{"start":{"line":86,"column":55},"end":{"line":92,"column":1}},"line":86},"9":{"name":"runMessagesImporter","decl":{"start":{"line":94,"column":22},"end":{"line":94,"column":41}},"loc":{"start":{"line":94,"column":51},"end":{"line":96,"column":1}},"line":94},"10":{"name":"runRecentlyViewedAdsImporter","decl":{"start":{"line":98,"column":22},"end":{"line":98,"column":50}},"loc":{"start":{"line":98,"column":60},"end":{"line":100,"column":1}},"line":98},"11":{"name":"runOffFacebookEventsImporter","decl":{"start":{"line":102,"column":22},"end":{"line":102,"column":50}},"loc":{"start":{"line":102,"column":60},"end":{"line":104,"column":1}},"line":102},"12":{"name":"runFriendsImporter","decl":{"start":{"line":106,"column":22},"end":{"line":106,"column":40}},"loc":{"start":{"line":106,"column":50},"end":{"line":108,"column":1}},"line":106},"13":{"name":"runLikedPagesImporter","decl":{"start":{"line":110,"column":22},"end":{"line":110,"column":43}},"loc":{"start":{"line":110,"column":53},"end":{"line":112,"column":1}},"line":110},"14":{"name":"runSearchesImporter","decl":{"start":{"line":114,"column":22},"end":{"line":114,"column":41}},"loc":{"start":{"line":114,"column":51},"end":{"line":116,"column":1}},"line":114},"15":{"name":"runInteractedWithAdvertisersImporter","decl":{"start":{"line":118,"column":22},"end":{"line":118,"column":58}},"loc":{"start":{"line":118,"column":68},"end":{"line":120,"column":1}},"line":118},"16":{"name":"runCommentsImporter","decl":{"start":{"line":122,"column":22},"end":{"line":122,"column":41}},"loc":{"start":{"line":122,"column":51},"end":{"line":124,"column":1}},"line":122},"17":{"name":"runPostReactionsImporter","decl":{"start":{"line":126,"column":22},"end":{"line":126,"column":46}},"loc":{"start":{"line":126,"column":56},"end":{"line":128,"column":1}},"line":126},"18":{"name":"runPostsImporter","decl":{"start":{"line":130,"column":22},"end":{"line":130,"column":38}},"loc":{"start":{"line":130,"column":48},"end":{"line":132,"column":1}},"line":130},"19":{"name":"runImportForDataset","decl":{"start":{"line":134,"column":22},"end":{"line":134,"column":41}},"loc":{"start":{"line":134,"column":76},"end":{"line":139,"column":1}},"line":134},"20":{"name":"runAdsImportForDataset","decl":{"start":{"line":141,"column":22},"end":{"line":141,"column":44}},"loc":{"start":{"line":141,"column":54},"end":{"line":150,"column":1}},"line":141}},"branchMap":{"0":{"loc":{"start":{"line":148,"column":4},"end":{"line":148,"column":47}},"type":"if","locations":[{"start":{"line":148,"column":4},"end":{"line":148,"column":47}},{"start":{},"end":{}}],"line":148}},"s":{"0":1,"1":1,"2":63,"3":63,"4":63,"5":0,"6":0,"7":0,"8":8,"9":8,"10":8,"11":3,"12":3,"13":3,"14":6,"15":6,"16":3,"17":2,"18":3,"19":0,"20":0,"21":3,"22":3,"23":3,"24":3,"25":5,"26":7,"27":7,"28":7,"29":7,"30":7,"31":7,"32":7,"33":7},"f":{"0":1,"1":63,"2":0,"3":8,"4":3,"5":3,"6":3,"7":6,"8":6,"9":3,"10":2,"11":3,"12":0,"13":0,"14":3,"15":3,"16":3,"17":3,"18":5,"19":7,"20":7},"b":{"0":[7,0]},"_coverageSchema":"1a1c01bbd47fc00a2c39e90264f33305004495a9","hash":"d55d09eb2d633ada27d1795162a2f7fb500a2802"}
,"/Users/richardsto/Code/polyPod/features/facebookImport/test/utils/importer-assertions.js": {"path":"/Users/richardsto/Code/polyPod/features/facebookImport/test/utils/importer-assertions.js","statementMap":{"0":{"start":{"line":7,"column":4},"end":{"line":7,"column":41}},"1":{"start":{"line":8,"column":4},"end":{"line":8,"column":54}},"2":{"start":{"line":12,"column":4},"end":{"line":12,"column":49}},"3":{"start":{"line":13,"column":4},"end":{"line":13,"column":60}},"4":{"start":{"line":17,"column":4},"end":{"line":17,"column":67}},"5":{"start":{"line":21,"column":4},"end":{"line":21,"column":70}},"6":{"start":{"line":25,"column":4},"end":{"line":25,"column":52}},"7":{"start":{"line":29,"column":4},"end":{"line":29,"column":47}},"8":{"start":{"line":33,"column":4},"end":{"line":33,"column":46}},"9":{"start":{"line":34,"column":4},"end":{"line":34,"column":76}},"10":{"start":{"line":34,"column":32},"end":{"line":34,"column":74}},"11":{"start":{"line":38,"column":4},"end":{"line":38,"column":47}},"12":{"start":{"line":39,"column":4},"end":{"line":39,"column":55}},"13":{"start":{"line":40,"column":4},"end":{"line":40,"column":60}}},"fnMap":{"0":{"name":"expectErrorStatus","decl":{"start":{"line":6,"column":16},"end":{"line":6,"column":33}},"loc":{"start":{"line":6,"column":54},"end":{"line":9,"column":1}},"line":6},"1":{"name":"expectError","decl":{"start":{"line":11,"column":16},"end":{"line":11,"column":27}},"loc":{"start":{"line":11,"column":63},"end":{"line":14,"column":1}},"line":11},"2":{"name":"expectMissingFileError","decl":{"start":{"line":16,"column":16},"end":{"line":16,"column":38}},"loc":{"start":{"line":16,"column":62},"end":{"line":18,"column":1}},"line":16},"3":{"name":"expectInvalidContentError","decl":{"start":{"line":20,"column":16},"end":{"line":20,"column":41}},"loc":{"start":{"line":20,"column":65},"end":{"line":22,"column":1}},"line":20},"4":{"name":"expectSyntaxError","decl":{"start":{"line":24,"column":16},"end":{"line":24,"column":33}},"loc":{"start":{"line":24,"column":57},"end":{"line":26,"column":1}},"line":24},"5":{"name":"expectImportSuccess","decl":{"start":{"line":28,"column":16},"end":{"line":28,"column":35}},"loc":{"start":{"line":28,"column":44},"end":{"line":30,"column":1}},"line":28},"6":{"name":"expectAllReportsSuccess","decl":{"start":{"line":32,"column":16},"end":{"line":32,"column":39}},"loc":{"start":{"line":32,"column":49},"end":{"line":35,"column":1}},"line":32},"7":{"name":"(anonymous_7)","decl":{"start":{"line":34,"column":20},"end":{"line":34,"column":21}},"loc":{"start":{"line":34,"column":32},"end":{"line":34,"column":74}},"line":34},"8":{"name":"expectImportWarning","decl":{"start":{"line":37,"column":16},"end":{"line":37,"column":35}},"loc":{"start":{"line":37,"column":75},"end":{"line":41,"column":1}},"line":37}},"branchMap":{},"s":{"0":47,"1":47,"2":41,"3":41,"4":19,"5":19,"6":0,"7":31,"8":1,"9":1,"10":2,"11":2,"12":2,"13":2},"f":{"0":47,"1":41,"2":19,"3":19,"4":0,"5":31,"6":1,"7":2,"8":2},"b":{},"_coverageSchema":"1a1c01bbd47fc00a2c39e90264f33305004495a9","hash":"12baaa65fee1d339d6357cde4aa6e1e29c8326ea"}
}
