TN:
SF:src/components/activitiesMiniStory/activitiesMiniStory.jsx
FN:17,(anonymous_0)
FN:24,(anonymous_1)
FN:40,(anonymous_2)
FN:56,(anonymous_3)
FN:72,(anonymous_4)
FN:75,(anonymous_5)
FN:86,(anonymous_6)
FN:128,(anonymous_7)
FN:132,(anonymous_8)
FN:157,(anonymous_9)
FN:165,(anonymous_10)
FNF:11
FNH:0
FNDA:0,(anonymous_0)
FNDA:0,(anonymous_1)
FNDA:0,(anonymous_2)
FNDA:0,(anonymous_3)
FNDA:0,(anonymous_4)
FNDA:0,(anonymous_5)
FNDA:0,(anonymous_6)
FNDA:0,(anonymous_7)
FNDA:0,(anonymous_8)
FNDA:0,(anonymous_9)
FNDA:0,(anonymous_10)
DA:14,13
DA:17,13
DA:18,0
DA:19,0
DA:24,0
DA:40,0
DA:56,13
DA:57,0
DA:72,13
DA:73,0
DA:75,0
DA:76,0
DA:82,0
DA:86,0
DA:87,0
DA:93,0
DA:104,0
DA:105,0
DA:128,0
DA:129,0
DA:130,0
DA:131,0
DA:132,0
DA:137,0
DA:139,0
DA:142,0
DA:148,0
DA:158,0
DA:165,0
LF:29
LH:4
BRDA:21,0,0,0
BRDA:21,0,1,0
BRDA:37,1,0,0
BRDA:37,1,1,0
BRDA:78,2,0,0
BRDA:78,2,1,0
BRDA:89,3,0,0
BRDA:89,3,1,0
BRDA:120,4,0,0
BRDA:120,4,1,0
BRDA:130,5,0,0
BRDA:130,5,1,0
BRDA:144,6,0,0
BRDA:144,6,1,0
BRDA:161,7,0,0
BRDA:161,7,1,0
BRDA:168,8,0,0
BRDA:168,8,1,0
BRDA:174,9,0,0
BRDA:174,9,1,0
BRDA:201,10,0,0
BRDA:201,10,1,0
BRF:22
BRH:0
end_of_record
TN:
SF:src/components/advertisingValueMiniStory/advertisingValueMiniStory.jsx
FN:6,(anonymous_0)
FN:20,(anonymous_1)
FN:36,(anonymous_2)
FNF:3
FNH:0
FNDA:0,(anonymous_0)
FNDA:0,(anonymous_1)
FNDA:0,(anonymous_2)
DA:6,13
DA:10,0
DA:21,0
DA:36,13
DA:40,0
LF:5
LH:2
BRF:0
BRH:0
end_of_record
TN:
SF:src/components/basicDataCountTable/basicDataCountTable.jsx
FN:3,(anonymous_0)
FN:9,(anonymous_1)
FNF:2
FNH:0
FNDA:0,(anonymous_0)
FNDA:0,(anonymous_1)
DA:3,13
DA:4,0
DA:10,0
LF:3
LH:1
BRDA:3,0,0,0
BRDA:3,1,0,0
BRDA:6,2,0,0
BRDA:6,2,1,0
BRF:4
BRH:0
end_of_record
TN:
SF:src/components/basicList/basicList.jsx
FN:3,(anonymous_0)
FN:8,(anonymous_1)
FNF:2
FNH:0
FNDA:0,(anonymous_0)
FNDA:0,(anonymous_1)
DA:3,13
DA:4,0
DA:9,0
LF:3
LH:1
BRDA:3,0,0,0
BRDA:3,1,0,0
BRDA:6,2,0,0
BRDA:6,2,1,0
BRF:4
BRH:0
end_of_record
TN:
SF:src/components/buttons/infoButton/infoButton.jsx
FN:6,(anonymous_0)
FN:9,(anonymous_1)
FNF:2
FNH:0
FNDA:0,(anonymous_0)
FNDA:0,(anonymous_1)
DA:6,13
DA:7,0
DA:9,0
DA:10,0
DA:12,0
LF:5
LH:1
BRF:0
BRH:0
end_of_record
TN:
SF:src/components/chartButtons/chartButtons.jsx
FN:5,(anonymous_0)
FN:8,(anonymous_1)
FN:16,(anonymous_2)
FNF:3
FNH:0
FNDA:0,(anonymous_0)
FNDA:0,(anonymous_1)
FNDA:0,(anonymous_2)
DA:5,13
DA:6,0
DA:9,0
DA:16,0
LF:4
LH:1
BRDA:12,0,0,0
BRDA:12,0,1,0
BRDA:19,1,0,0
BRDA:19,1,1,0
BRF:4
BRH:0
end_of_record
TN:
SF:src/components/dataStructureMiniStory/dataStructureMiniStory.jsx
FN:9,(anonymous_0)
FN:10,(anonymous_1)
FN:13,(anonymous_2)
FN:18,(anonymous_3)
FN:36,(anonymous_4)
FN:39,(anonymous_5)
FN:43,(anonymous_6)
FN:47,(anonymous_7)
FN:87,(anonymous_8)
FNF:9
FNH:0
FNDA:0,(anonymous_0)
FNDA:0,(anonymous_1)
FNDA:0,(anonymous_2)
FNDA:0,(anonymous_3)
FNDA:0,(anonymous_4)
FNDA:0,(anonymous_5)
FNDA:0,(anonymous_6)
FNDA:0,(anonymous_7)
FNDA:0,(anonymous_8)
DA:9,13
DA:10,0
DA:11,0
DA:13,0
DA:14,0
DA:17,0
DA:18,0
DA:22,0
DA:23,0
DA:24,0
DA:25,0
DA:26,0
DA:28,0
DA:30,0
DA:35,0
DA:36,0
DA:39,0
DA:40,0
DA:43,0
DA:44,0
DA:47,0
DA:48,0
DA:49,0
DA:51,0
DA:56,0
DA:60,0
DA:88,0
LF:27
LH:1
BRDA:48,0,0,0
BRDA:48,0,1,0
BRDA:56,1,0,0
BRDA:56,1,1,0
BRDA:78,2,0,0
BRDA:78,2,1,0
BRF:6
BRH:0
end_of_record
TN:
SF:src/components/dataViz/barChart.jsx
FN:7,(anonymous_0)
FN:11,(anonymous_1)
FN:16,(anonymous_2)
FN:17,(anonymous_3)
FN:19,(anonymous_4)
FN:26,(anonymous_5)
FN:41,(anonymous_6)
FN:67,(anonymous_7)
FNF:8
FNH:0
FNDA:0,(anonymous_0)
FNDA:0,(anonymous_1)
FNDA:0,(anonymous_2)
FNDA:0,(anonymous_3)
FNDA:0,(anonymous_4)
FNDA:0,(anonymous_5)
FNDA:0,(anonymous_6)
FNDA:0,(anonymous_7)
DA:7,13
DA:16,0
DA:17,0
DA:18,0
DA:19,0
DA:20,0
DA:22,0
DA:25,0
DA:26,0
DA:29,0
DA:30,0
DA:32,0
DA:35,0
DA:42,0
DA:66,0
DA:68,0
DA:122,0
LF:17
LH:1
BRDA:10,0,0,0
BRDA:11,1,0,0
BRDA:13,2,0,0
BRDA:14,3,0,0
BRDA:16,4,0,0
BRDA:16,4,1,0
BRDA:20,5,0,0
BRDA:20,5,1,0
BRDA:25,6,0,0
BRDA:25,6,1,0
BRDA:45,7,0,0
BRDA:45,7,1,0
BRDA:70,8,0,0
BRDA:70,8,1,0
BRDA:70,9,0,0
BRDA:70,9,1,0
BRDA:91,10,0,0
BRDA:91,10,1,0
BRDA:110,11,0,0
BRDA:110,11,1,0
BRF:20
BRH:0
end_of_record
TN:
SF:src/components/dataViz/utils.jsx
FN:2,(anonymous_0)
FN:3,(anonymous_1)
FNF:2
FNH:0
FNDA:0,(anonymous_0)
FNDA:0,(anonymous_1)
DA:2,13
DA:3,0
DA:4,0
DA:5,0
DA:6,0
DA:7,0
LF:6
LH:1
BRF:0
BRH:0
end_of_record
TN:
SF:src/components/infographic/infographic.jsx
FN:16,(anonymous_0)
FN:19,scaleFactor
FN:23,(anonymous_2)
FN:25,(anonymous_3)
FNF:4
FNH:0
FNDA:0,(anonymous_0)
FNDA:0,scaleFactor
FNDA:0,(anonymous_2)
FNDA:0,(anonymous_3)
DA:16,13
DA:17,0
DA:20,0
DA:23,0
DA:24,0
DA:25,0
DA:26,0
DA:27,0
DA:28,0
DA:29,0
DA:30,0
DA:31,0
DA:35,0
DA:36,0
DA:37,0
DA:38,0
DA:39,0
DA:40,0
DA:41,0
DA:42,0
DA:43,0
DA:44,0
DA:46,0
DA:48,0
DA:54,0
LF:25
LH:1
BRDA:36,0,0,0
BRDA:36,0,1,0
BRDA:38,1,0,0
BRDA:38,1,1,0
BRDA:40,2,0,0
BRDA:40,2,1,0
BRDA:42,3,0,0
BRDA:42,3,1,0
BRF:8
BRH:0
end_of_record
TN:
SF:src/components/listOfDetails/listOfDetails.jsx
FN:6,(anonymous_0)
FN:9,(anonymous_1)
FN:22,(anonymous_2)
FNF:3
FNH:0
FNDA:0,(anonymous_0)
FNDA:0,(anonymous_1)
FNDA:0,(anonymous_2)
DA:4,13
DA:6,13
DA:7,0
DA:8,0
DA:9,0
DA:10,0
DA:14,0
DA:16,0
DA:19,0
DA:23,0
LF:10
LH:2
BRDA:10,0,0,0
BRDA:10,0,1,0
BRF:2
BRH:0
end_of_record
TN:
SF:src/components/messagesMiniStory/messagesMiniStory.jsx
FN:5,(anonymous_0)
FN:12,(anonymous_1)
FN:26,(anonymous_2)
FN:43,(anonymous_3)
FN:60,(anonymous_4)
FNF:5
FNH:0
FNDA:0,(anonymous_0)
FNDA:0,(anonymous_1)
FNDA:0,(anonymous_2)
FNDA:0,(anonymous_3)
FNDA:0,(anonymous_4)
DA:5,13
DA:12,13
DA:17,0
DA:26,13
DA:31,0
DA:43,13
DA:48,0
DA:61,0
LF:8
LH:4
BRDA:64,0,0,0
BRDA:64,0,1,0
BRDA:72,1,0,0
BRDA:72,1,1,0
BRF:4
BRH:0
end_of_record
TN:
SF:src/components/onOffFacebookMiniStory/onOffFacebookMiniStory.jsx
FN:29,(anonymous_0)
FN:72,(anonymous_1)
FN:105,(anonymous_2)
FNF:3
FNH:0
FNDA:0,(anonymous_0)
FNDA:0,(anonymous_1)
FNDA:0,(anonymous_2)
DA:10,13
DA:29,13
DA:33,0
DA:72,13
DA:73,0
DA:106,0
LF:6
LH:3
BRDA:48,0,0,0
BRDA:48,0,1,0
BRDA:90,1,0,0
BRDA:90,1,1,0
BRF:4
BRH:0
end_of_record
TN:
SF:src/components/picturesMiniStory/picturesMiniStory.jsx
FN:19,(anonymous_0)
FN:24,removeFixedSvgDimensionValues
FN:28,styleHighlightedPart
FN:35,stylePart
FN:43,(anonymous_4)
FN:49,(anonymous_5)
FNF:6
FNH:0
FNDA:0,(anonymous_0)
FNDA:0,removeFixedSvgDimensionValues
FNDA:0,styleHighlightedPart
FNDA:0,stylePart
FNDA:0,(anonymous_4)
FNDA:0,(anonymous_5)
DA:10,13
DA:17,13
DA:19,13
DA:20,0
DA:21,0
DA:25,0
DA:29,0
DA:36,0
DA:43,0
DA:44,0
DA:45,0
DA:46,0
DA:47,0
DA:48,0
DA:49,0
DA:51,0
DA:57,0
LF:17
LH:3
BRDA:51,0,0,0
BRDA:51,0,1,0
BRDA:78,1,0,0
BRDA:78,1,1,0
BRF:4
BRH:0
end_of_record
TN:
SF:src/components/postReactionTypesMiniStory/postReactionTypesMiniStory.jsx
FN:29,mapEmojiToReaction
FN:30,(anonymous_1)
FN:39,(anonymous_2)
FN:41,(anonymous_3)
FN:47,(anonymous_4)
FN:52,(anonymous_5)
FN:77,(anonymous_6)
FN:91,(anonymous_7)
FN:98,(anonymous_8)
FNF:9
FNH:0
FNDA:0,mapEmojiToReaction
FNDA:0,(anonymous_1)
FNDA:0,(anonymous_2)
FNDA:0,(anonymous_3)
FNDA:0,(anonymous_4)
FNDA:0,(anonymous_5)
FNDA:0,(anonymous_6)
FNDA:0,(anonymous_7)
FNDA:0,(anonymous_8)
DA:19,13
DA:30,0
DA:31,0
DA:39,13
DA:40,0
DA:41,0
DA:42,0
DA:48,0
DA:51,0
DA:52,0
DA:56,0
DA:61,0
DA:77,0
DA:92,0
DA:99,0
LF:15
LH:2
BRDA:48,0,0,0
BRDA:48,0,1,0
BRDA:52,1,0,0
BRDA:52,1,1,0
BRF:4
BRH:0
end_of_record
TN:
SF:src/context/facebook-context.jsx
FN:10,updatePodNavigation
FN:12,(anonymous_1)
FN:21,updateTitle
FN:31,(anonymous_3)
FN:41,runWithLoadingScreen
FN:47,createPopUp
FN:51,closePopUp
FN:55,handleBack
FN:60,(anonymous_8)
FN:63,(anonymous_9)
FN:64,(anonymous_10)
FN:68,(anonymous_11)
FNF:12
FNH:0
FNDA:0,updatePodNavigation
FNDA:0,(anonymous_1)
FNDA:0,updateTitle
FNDA:0,(anonymous_3)
FNDA:0,runWithLoadingScreen
FNDA:0,createPopUp
FNDA:0,closePopUp
FNDA:0,handleBack
FNDA:0,(anonymous_8)
FNDA:0,(anonymous_9)
FNDA:0,(anonymous_10)
FNDA:0,(anonymous_11)
DA:8,13
DA:11,0
DA:12,0
DA:14,0
DA:22,0
DA:31,13
DA:32,0
DA:33,0
DA:34,0
DA:35,0
DA:36,0
DA:38,0
DA:39,0
DA:42,0
DA:43,0
DA:44,0
DA:48,0
DA:52,0
DA:56,0
DA:57,0
DA:60,0
DA:63,0
DA:64,0
DA:68,0
DA:69,0
DA:70,0
DA:71,0
DA:74,0
LF:28
LH:2
BRDA:14,0,0,0
BRDA:14,0,1,0
BRDA:14,1,0,0
BRDA:14,1,1,0
BRDA:14,1,2,0
BRDA:23,2,0,0
BRDA:23,2,1,0
BRDA:25,3,0,0
BRDA:25,3,1,0
BRDA:56,4,0,0
BRDA:56,4,1,0
BRDA:57,5,0,0
BRDA:57,5,1,0
BRDA:69,6,0,0
BRDA:69,6,1,0
BRF:15
BRH:0
end_of_record
TN:
SF:src/globals/index.js
FNF:0
FNH:0
DA:1,13
LF:1
LH:1
BRF:0
BRH:0
end_of_record
TN:
SF:src/infographics/infographics.js
FNF:0
FNH:0
LF:0
LH:0
BRF:0
BRH:0
end_of_record
TN:
SF:src/model/analysis.js
FN:79,(anonymous_0)
FNF:1
FNH:1
FNDA:481,(anonymous_0)
DA:39,13
DA:84,481
DA:114,13
LF:3
LH:3
BRF:0
BRH:0
end_of_record
TN:
SF:src/model/importer.js
FNF:0
FNH:0
DA:27,13
DA:55,13
LF:2
LH:2
BRF:0
BRH:0
end_of_record
TN:
SF:src/model/analyses/ministories/about-pictures-data-analysis.js
FN:34,(anonymous_0)
FN:40,(anonymous_1)
FN:41,(anonymous_2)
FN:41,(anonymous_3)
FN:44,(anonymous_4)
FNF:5
FNH:5
FNDA:5,(anonymous_0)
FNDA:8,(anonymous_1)
FNDA:8,(anonymous_2)
FNDA:15,(anonymous_3)
FNDA:5,(anonymous_4)
DA:9,13
DA:35,5
DA:39,5
DA:40,8
DA:41,15
DA:45,5
DA:46,5
DA:47,2
LF:8
LH:8
BRDA:46,0,0,2
BRDA:46,0,1,3
BRF:2
BRH:2
end_of_record
TN:
SF:src/model/analyses/ministories/activities-analysis.js
FN:4,(anonymous_0)
FN:17,(anonymous_1)
FN:20,(anonymous_2)
FN:22,(anonymous_3)
FN:26,(anonymous_4)
FN:29,(anonymous_5)
FN:36,(anonymous_6)
FNF:7
FNH:4
FNDA:2,(anonymous_0)
FNDA:0,(anonymous_1)
FNDA:4,(anonymous_2)
FNDA:10,(anonymous_3)
FNDA:0,(anonymous_4)
FNDA:0,(anonymous_5)
FNDA:10,(anonymous_6)
DA:5,2
DA:17,0
DA:20,2
DA:21,4
DA:22,10
DA:26,2
DA:27,0
DA:29,0
DA:34,2
DA:36,2
DA:37,10
DA:38,10
DA:39,10
DA:44,4
DA:45,4
DA:47,6
DA:48,2
DA:52,4
DA:53,6
DA:57,10
DA:60,2
LF:21
LH:18
BRDA:39,0,0,4
BRDA:39,0,1,6
BRDA:47,1,0,2
BRDA:47,1,1,4
BRDA:61,2,0,2
BRDA:61,2,1,2
BRF:6
BRH:6
end_of_record
TN:
SF:src/model/analyses/ministories/activity-locations-analysis.js
FN:5,(anonymous_0)
FN:9,(anonymous_1)
FN:12,(anonymous_2)
FNF:3
FNH:0
FNDA:0,(anonymous_0)
FNDA:0,(anonymous_1)
FNDA:0,(anonymous_2)
DA:6,0
DA:7,0
DA:10,0
DA:14,0
DA:19,0
DA:24,0
DA:25,0
DA:28,0
DA:31,0
DA:32,0
LF:10
LH:0
BRDA:10,0,0,0
BRDA:10,0,1,0
BRDA:10,0,2,0
BRDA:19,1,0,0
BRDA:19,1,1,0
BRDA:31,2,0,0
BRDA:31,2,1,0
BRF:7
BRH:0
end_of_record
TN:
SF:src/model/analyses/ministories/ad-interests-analysis.js
FN:4,(anonymous_0)
FN:8,(anonymous_1)
FN:13,(anonymous_2)
FNF:3
FNH:0
FNDA:0,(anonymous_0)
FNDA:0,(anonymous_1)
FNDA:0,(anonymous_2)
DA:5,0
DA:9,0
DA:10,0
DA:14,0
LF:4
LH:0
BRF:0
BRH:0
end_of_record
TN:
SF:src/model/analyses/ministories/ad-views-analysis.js
FN:6,(anonymous_0)
FN:10,(anonymous_1)
FN:14,(anonymous_2)
FN:20,(anonymous_3)
FN:28,(anonymous_4)
FNF:5
FNH:0
FNDA:0,(anonymous_0)
FNDA:0,(anonymous_1)
FNDA:0,(anonymous_2)
FNDA:0,(anonymous_3)
FNDA:0,(anonymous_4)
DA:7,0
DA:11,0
DA:12,0
DA:15,0
DA:20,0
DA:22,0
DA:23,0
DA:24,0
DA:25,0
DA:29,0
LF:10
LH:0
BRDA:33,0,0,0
BRDA:33,0,1,0
BRDA:37,1,0,0
BRDA:37,1,1,0
BRDA:39,2,0,0
BRDA:39,2,1,0
BRF:6
BRH:0
end_of_record
TN:
SF:src/model/analyses/ministories/advertising-value-analysis.js
FN:5,(anonymous_0)
FN:22,(anonymous_1)
FNF:2
FNH:2
FNDA:7,(anonymous_0)
FNDA:11,(anonymous_1)
DA:6,7
DA:7,7
DA:8,7
DA:9,7
DA:10,4
DA:11,15
DA:15,4
DA:19,7
DA:21,7
DA:23,11
LF:10
LH:10
BRDA:9,0,0,4
BRDA:9,0,1,3
BRF:2
BRH:2
end_of_record
TN:
SF:src/model/analyses/ministories/connected-advertisers-analysis.js
FN:5,(anonymous_0)
FN:11,(anonymous_1)
FN:19,(anonymous_2)
FNF:3
FNH:3
FNDA:5,(anonymous_0)
FNDA:10,(anonymous_1)
FNDA:10,(anonymous_2)
DA:6,5
DA:7,1
DA:9,1
DA:11,10
DA:14,5
DA:15,1
DA:17,1
DA:19,10
LF:8
LH:8
BRDA:6,0,0,1
BRDA:6,0,1,4
BRDA:14,1,0,1
BRDA:14,1,1,4
BRF:4
BRH:4
end_of_record
TN:
SF:src/model/analyses/ministories/data-groups-analysis.js
FN:6,(anonymous_0)
FN:10,(anonymous_1)
FN:12,(anonymous_2)
FN:16,(anonymous_3)
FNF:4
FNH:0
FNDA:0,(anonymous_0)
FNDA:0,(anonymous_1)
FNDA:0,(anonymous_2)
FNDA:0,(anonymous_3)
DA:7,0
DA:11,0
DA:12,0
DA:14,0
DA:17,0
LF:5
LH:0
BRF:0
BRH:0
end_of_record
TN:
SF:src/model/analyses/ministories/data-points-charts-analysis.js
FN:6,(anonymous_0)
FN:10,(anonymous_1)
FN:12,(anonymous_2)
FN:17,(anonymous_3)
FNF:4
FNH:0
FNDA:0,(anonymous_0)
FNDA:0,(anonymous_1)
FNDA:0,(anonymous_2)
FNDA:0,(anonymous_3)
DA:7,0
DA:11,0
DA:12,0
DA:14,0
DA:18,0
LF:5
LH:0
BRF:0
BRH:0
end_of_record
TN:
SF:src/model/analyses/ministories/email-addresses-analysis.js
FN:6,(anonymous_0)
FN:10,(anonymous_1)
FN:17,(anonymous_2)
FN:32,(anonymous_3)
FNF:4
FNH:0
FNDA:0,(anonymous_0)
FNDA:0,(anonymous_1)
FNDA:0,(anonymous_2)
FNDA:0,(anonymous_3)
DA:7,0
DA:11,0
DA:12,0
DA:13,0
DA:14,0
DA:17,0
DA:18,0
DA:19,0
DA:21,0
DA:22,0
DA:23,0
DA:25,0
DA:26,0
DA:29,0
DA:33,0
LF:15
LH:0
BRDA:13,0,0,0
BRDA:13,0,1,0
BRDA:18,1,0,0
BRDA:18,1,1,0
BRDA:22,2,0,0
BRDA:22,2,1,0
BRDA:25,3,0,0
BRDA:25,3,1,0
BRF:8
BRH:0
end_of_record
TN:
SF:src/model/analyses/ministories/export-size-analysis.js
FN:4,(anonymous_0)
FN:8,(anonymous_1)
FN:13,(anonymous_2)
FNF:3
FNH:0
FNDA:0,(anonymous_0)
FNDA:0,(anonymous_1)
FNDA:0,(anonymous_2)
DA:5,0
DA:9,0
DA:10,0
DA:14,0
LF:4
LH:0
BRF:0
BRH:0
end_of_record
TN:
SF:src/model/analyses/ministories/export-title-analysis.js
FN:4,(anonymous_0)
FN:8,(anonymous_1)
FN:13,(anonymous_2)
FNF:3
FNH:0
FNDA:0,(anonymous_0)
FNDA:0,(anonymous_1)
FNDA:0,(anonymous_2)
DA:5,0
DA:9,0
DA:10,0
DA:14,0
LF:4
LH:0
BRF:0
BRH:0
end_of_record
TN:
SF:src/model/analyses/ministories/friend-requests-received-analysis.js
FN:4,(anonymous_0)
FN:8,(anonymous_1)
FN:14,(anonymous_2)
FNF:3
FNH:0
FNDA:0,(anonymous_0)
FNDA:0,(anonymous_1)
FNDA:0,(anonymous_2)
DA:5,0
DA:9,0
DA:11,0
DA:15,0
LF:4
LH:0
BRDA:16,0,0,0
BRDA:16,0,1,0
BRF:2
BRH:0
end_of_record
TN:
SF:src/model/analyses/ministories/friends-analysis.js
FN:4,(anonymous_0)
FN:8,(anonymous_1)
FN:13,(anonymous_2)
FNF:3
FNH:0
FNDA:0,(anonymous_0)
FNDA:0,(anonymous_1)
FNDA:0,(anonymous_2)
DA:5,0
DA:9,0
DA:10,0
DA:14,0
LF:4
LH:0
BRF:0
BRH:0
end_of_record
TN:
SF:src/model/analyses/ministories/interacted-advertisers-analysis.js
FN:4,(anonymous_0)
FN:8,(anonymous_1)
FN:13,(anonymous_2)
FNF:3
FNH:0
FNDA:0,(anonymous_0)
FNDA:0,(anonymous_1)
FNDA:0,(anonymous_2)
DA:5,0
DA:9,0
DA:10,0
DA:14,0
LF:4
LH:0
BRF:0
BRH:0
end_of_record
TN:
SF:src/model/analyses/ministories/json-files-bubbles.js
FN:7,(anonymous_0)
FN:11,(anonymous_1)
FN:18,(anonymous_2)
FN:25,(anonymous_3)
FN:33,(anonymous_4)
FN:40,(anonymous_5)
FN:46,(anonymous_6)
FN:48,(anonymous_7)
FNF:8
FNH:0
FNDA:0,(anonymous_0)
FNDA:0,(anonymous_1)
FNDA:0,(anonymous_2)
FNDA:0,(anonymous_3)
FNDA:0,(anonymous_4)
FNDA:0,(anonymous_5)
FNDA:0,(anonymous_6)
FNDA:0,(anonymous_7)
DA:8,0
DA:12,0
DA:15,0
DA:19,0
DA:22,0
DA:26,0
DA:27,0
DA:28,0
DA:30,0
DA:31,0
DA:32,0
DA:34,0
DA:37,0
DA:41,0
DA:47,0
DA:49,0
DA:52,0
LF:17
LH:0
BRDA:19,0,0,0
BRDA:19,0,1,0
BRDA:28,1,0,0
BRDA:28,1,1,0
BRDA:52,2,0,0
BRDA:52,2,1,0
BRF:6
BRH:0
end_of_record
TN:
SF:src/model/analyses/ministories/json-files-imported-analysis.js
FN:6,(anonymous_0)
FN:10,(anonymous_1)
FN:15,(anonymous_2)
FN:19,(anonymous_3)
FNF:4
FNH:0
FNDA:0,(anonymous_0)
FNDA:0,(anonymous_1)
FNDA:0,(anonymous_2)
FNDA:0,(anonymous_3)
DA:7,0
DA:11,0
DA:12,0
DA:16,0
DA:20,0
LF:5
LH:0
BRF:0
BRH:0
end_of_record
TN:
SF:src/model/analyses/ministories/message-threads-analysis.js
FN:6,(anonymous_0)
FN:10,(anonymous_1)
FN:20,(anonymous_2)
FN:25,(anonymous_3)
FN:53,(anonymous_4)
FN:58,(anonymous_5)
FN:68,(anonymous_6)
FNF:7
FNH:0
FNDA:0,(anonymous_0)
FNDA:0,(anonymous_1)
FNDA:0,(anonymous_2)
FNDA:0,(anonymous_3)
FNDA:0,(anonymous_4)
FNDA:0,(anonymous_5)
FNDA:0,(anonymous_6)
DA:7,0
DA:11,0
DA:12,0
DA:13,0
DA:14,0
DA:15,0
DA:18,0
DA:19,0
DA:20,0
DA:21,0
DA:22,0
DA:23,0
DA:25,0
DA:26,0
DA:31,0
DA:33,0
DA:34,0
DA:39,0
DA:41,0
DA:43,0
DA:53,0
DA:54,0
DA:59,0
DA:69,0
LF:24
LH:0
BRDA:14,0,0,0
BRDA:14,0,1,0
BRDA:26,1,0,0
BRDA:26,1,1,0
BRDA:27,2,0,0
BRDA:27,2,1,0
BRDA:27,2,2,0
BRDA:33,3,0,0
BRDA:33,3,1,0
BRDA:39,4,0,0
BRDA:39,4,1,0
BRDA:41,5,0,0
BRDA:41,5,1,0
BRDA:71,6,0,0
BRDA:71,6,1,0
BRDA:76,7,0,0
BRDA:76,7,1,0
BRDA:82,8,0,0
BRDA:82,8,1,0
BRF:19
BRH:0
end_of_record
TN:
SF:src/model/analyses/ministories/messages-activity-analysis.js
FN:6,(anonymous_0)
FN:10,(anonymous_1)
FN:22,(anonymous_2)
FN:23,(anonymous_3)
FN:30,(anonymous_4)
FN:35,(anonymous_5)
FNF:6
FNH:0
FNDA:0,(anonymous_0)
FNDA:0,(anonymous_1)
FNDA:0,(anonymous_2)
FNDA:0,(anonymous_3)
FNDA:0,(anonymous_4)
FNDA:0,(anonymous_5)
DA:7,0
DA:11,0
DA:13,0
DA:14,0
DA:17,0
DA:19,0
DA:20,0
DA:22,0
DA:23,0
DA:24,0
DA:25,0
DA:26,0
DA:30,0
DA:31,0
DA:36,0
LF:15
LH:0
BRDA:13,0,0,0
BRDA:13,0,1,0
BRF:2
BRH:0
end_of_record
TN:
SF:src/model/analyses/ministories/messages-analysis.js
FN:5,(anonymous_0)
FN:9,(anonymous_1)
FN:14,(anonymous_2)
FN:21,(anonymous_3)
FN:49,(anonymous_4)
FNF:5
FNH:4
FNDA:0,(anonymous_0)
FNDA:4,(anonymous_1)
FNDA:2,(anonymous_2)
FNDA:7,(anonymous_3)
FNDA:1,(anonymous_4)
DA:6,0
DA:10,4
DA:11,4
DA:12,4
DA:14,4
DA:15,2
DA:16,2
DA:18,2
DA:19,4
DA:21,2
DA:22,7
DA:27,7
DA:29,7
DA:30,2
DA:35,2
DA:37,2
DA:39,2
DA:49,4
DA:51,4
DA:52,1
DA:54,1
DA:55,1
LF:22
LH:21
BRDA:22,0,0,7
BRDA:22,0,1,0
BRDA:23,1,0,7
BRDA:23,1,1,5
BRDA:23,1,2,5
BRDA:29,2,0,2
BRDA:29,2,1,5
BRDA:35,3,0,2
BRDA:35,3,1,0
BRDA:37,4,0,2
BRDA:37,4,1,0
BRDA:51,5,0,1
BRDA:51,5,1,3
BRF:13
BRH:10
end_of_record
TN:
SF:src/model/analyses/ministories/messages-details-analysis.js
FN:5,(anonymous_0)
FN:9,(anonymous_1)
FN:25,(anonymous_2)
FN:39,(anonymous_3)
FNF:4
FNH:0
FNDA:0,(anonymous_0)
FNDA:0,(anonymous_1)
FNDA:0,(anonymous_2)
FNDA:0,(anonymous_3)
DA:6,0
DA:10,0
DA:11,0
DA:12,0
DA:13,0
DA:14,0
DA:15,0
DA:16,0
DA:17,0
DA:18,0
DA:21,0
DA:22,0
DA:24,0
DA:25,0
DA:26,0
DA:27,0
DA:30,0
DA:31,0
DA:33,0
DA:36,0
DA:40,0
LF:21
LH:0
BRDA:17,0,0,0
BRDA:17,0,1,0
BRF:2
BRH:0
end_of_record
TN:
SF:src/model/analyses/ministories/off-facebook-events-types-analysis.js
FN:7,(anonymous_0)
FN:11,(anonymous_1)
FN:21,(anonymous_2)
FNF:3
FNH:0
FNDA:0,(anonymous_0)
FNDA:0,(anonymous_1)
FNDA:0,(anonymous_2)
DA:8,0
DA:12,0
DA:13,0
DA:14,0
DA:15,0
DA:18,0
DA:22,0
LF:7
LH:0
BRDA:14,0,0,0
BRDA:14,0,1,0
BRF:2
BRH:0
end_of_record
TN:
SF:src/model/analyses/ministories/off-facebook-events-types-charts-analysis.js
FN:7,(anonymous_0)
FN:11,(anonymous_1)
FN:21,(anonymous_2)
FNF:3
FNH:0
FNDA:0,(anonymous_0)
FNDA:0,(anonymous_1)
FNDA:0,(anonymous_2)
DA:8,0
DA:12,0
DA:13,0
DA:14,0
DA:15,0
DA:18,0
DA:22,0
LF:7
LH:0
BRDA:14,0,0,0
BRDA:14,0,1,0
BRF:2
BRH:0
end_of_record
TN:
SF:src/model/analyses/ministories/on-off-facebook-advertisers-analysis.js
FN:6,(anonymous_0)
FN:10,(anonymous_1)
FN:16,(anonymous_2)
FN:18,(anonymous_3)
FN:25,(anonymous_4)
FN:43,(anonymous_5)
FNF:6
FNH:0
FNDA:0,(anonymous_0)
FNDA:0,(anonymous_1)
FNDA:0,(anonymous_2)
FNDA:0,(anonymous_3)
FNDA:0,(anonymous_4)
FNDA:0,(anonymous_5)
DA:7,0
DA:11,0
DA:15,0
DA:16,0
DA:19,0
DA:22,0
DA:26,0
DA:51,0
LF:8
LH:0
BRDA:19,0,0,0
BRDA:19,0,1,0
BRF:2
BRH:0
end_of_record
TN:
SF:src/model/analyses/ministories/on-off-facebook-events-analysis.js
FN:19,(anonymous_0)
FN:23,(anonymous_1)
FN:34,(anonymous_2)
FN:43,(anonymous_3)
FN:61,(anonymous_4)
FNF:5
FNH:5
FNDA:2,(anonymous_0)
FNDA:5,(anonymous_1)
FNDA:5,(anonymous_2)
FNDA:5,(anonymous_3)
FNDA:11,(anonymous_4)
DA:13,13
DA:20,2
DA:24,5
DA:27,5
DA:32,5
DA:35,5
DA:38,5
DA:42,5
DA:44,5
DA:47,5
DA:50,5
DA:54,5
DA:55,5
DA:57,5
DA:58,4
DA:62,11
DA:71,5
DA:72,1
DA:77,5
DA:81,5
DA:83,5
DA:84,4
LF:22
LH:22
BRDA:57,0,0,4
BRDA:57,0,1,1
BRDA:71,1,0,1
BRDA:71,1,1,4
BRDA:77,2,0,1
BRDA:77,2,1,4
BRDA:83,3,0,4
BRDA:83,3,1,1
BRF:8
BRH:8
end_of_record
TN:
SF:src/model/analyses/ministories/pages-overview-activity.js
FN:6,(anonymous_0)
FN:10,(anonymous_1)
FN:32,(anonymous_2)
FN:35,(anonymous_3)
FNF:4
FNH:0
FNDA:0,(anonymous_0)
FNDA:0,(anonymous_1)
FNDA:0,(anonymous_2)
FNDA:0,(anonymous_3)
DA:7,0
DA:11,0
DA:32,0
DA:36,0
LF:4
LH:0
BRF:0
BRH:0
end_of_record
TN:
SF:src/model/analyses/ministories/post-reactions-types-analysis.js
FN:7,(anonymous_0)
FN:9,(anonymous_1)
FNF:2
FNH:2
FNDA:4,(anonymous_0)
FNDA:6,(anonymous_1)
DA:8,4
DA:9,4
DA:10,6
DA:12,4
DA:13,1
LF:5
LH:5
BRDA:12,0,0,1
BRDA:12,0,1,3
BRF:2
BRH:2
end_of_record
TN:
SF:src/model/analyses/ministories/searches-analysis.js
FN:4,(anonymous_0)
FN:8,(anonymous_1)
FN:13,(anonymous_2)
FNF:3
FNH:0
FNDA:0,(anonymous_0)
FNDA:0,(anonymous_1)
FNDA:0,(anonymous_2)
DA:5,0
DA:9,0
DA:10,0
DA:14,0
LF:4
LH:0
BRF:0
BRH:0
end_of_record
TN:
SF:src/model/analyses/report/json-file-names-analysis.js
FN:8,(anonymous_0)
FN:12,(anonymous_1)
FN:16,(anonymous_2)
FN:22,(anonymous_3)
FN:30,(anonymous_4)
FNF:5
FNH:4
FNDA:1,(anonymous_0)
FNDA:2,(anonymous_1)
FNDA:3,(anonymous_2)
FNDA:21,(anonymous_3)
FNDA:0,(anonymous_4)
DA:9,1
DA:13,2
DA:17,3
DA:18,3
DA:19,3
DA:21,3
DA:22,3
DA:23,21
DA:25,3
DA:27,3
DA:31,0
LF:11
LH:10
BRDA:19,0,0,0
BRDA:19,0,1,3
BRF:2
BRH:1
end_of_record
TN:
SF:src/model/analyses/report/missing-common-json-files.js
FN:6,(anonymous_0)
FN:8,(anonymous_1)
FN:10,(anonymous_2)
FN:11,(anonymous_3)
FNF:4
FNH:4
FNDA:4,(anonymous_0)
FNDA:13,(anonymous_1)
FNDA:48,(anonymous_2)
FNDA:40,(anonymous_3)
DA:7,4
DA:8,13
DA:9,4
DA:10,48
DA:11,40
DA:12,4
DA:13,3
LF:7
LH:7
BRDA:12,0,0,3
BRDA:12,0,1,1
BRF:2
BRH:2
end_of_record
TN:
SF:src/model/analyses/report/missing-known-json-files.js
FN:7,(anonymous_0)
FN:8,(anonymous_1)
FN:12,(anonymous_2)
FN:22,(anonymous_3)
FN:26,(anonymous_4)
FN:32,(anonymous_5)
FNF:6
FNH:6
FNDA:2,(anonymous_0)
FNDA:690,(anonymous_1)
FNDA:358,(anonymous_2)
FNDA:2,(anonymous_3)
FNDA:3,(anonymous_4)
FNDA:272,(anonymous_5)
DA:8,2
DA:9,690
DA:11,2
DA:13,358
DA:23,2
DA:25,2
DA:26,2
DA:27,3
DA:29,2
DA:31,2
DA:32,272
LF:11
LH:11
BRDA:13,0,0,358
BRDA:13,0,1,288
BRDA:23,1,0,0
BRDA:23,1,1,2
BRF:4
BRH:3
end_of_record
TN:
SF:src/model/analyses/report/no-data-folders.js
FN:8,(anonymous_0)
FN:12,(anonymous_1)
FN:16,(anonymous_2)
FN:18,(anonymous_3)
FN:31,(anonymous_4)
FN:36,(anonymous_5)
FNF:6
FNH:0
FNDA:0,(anonymous_0)
FNDA:0,(anonymous_1)
FNDA:0,(anonymous_2)
FNDA:0,(anonymous_3)
FNDA:0,(anonymous_4)
FNDA:0,(anonymous_5)
DA:9,0
DA:13,0
DA:17,0
DA:18,0
DA:19,0
DA:20,0
DA:21,0
DA:22,0
DA:23,0
DA:27,0
DA:30,0
DA:31,0
DA:33,0
DA:37,0
LF:14
LH:0
BRDA:20,0,0,0
BRDA:20,0,1,0
BRDA:22,1,0,0
BRDA:22,1,1,0
BRF:4
BRH:0
end_of_record
TN:
SF:src/model/analyses/report/off-facebook-event-types-analysis.js
FN:5,(anonymous_0)
FN:9,(anonymous_1)
FN:11,(anonymous_2)
FNF:3
FNH:2
FNDA:0,(anonymous_0)
FNDA:2,(anonymous_1)
FNDA:10,(anonymous_2)
DA:6,0
DA:10,2
DA:11,2
DA:12,10
DA:13,10
DA:16,2
DA:17,2
LF:7
LH:6
BRDA:12,0,0,10
BRDA:12,0,1,0
BRDA:16,1,0,2
BRDA:16,1,1,0
BRF:4
BRH:2
end_of_record
TN:
SF:src/model/analyses/report/report-metadata.js
FN:5,(anonymous_0)
FNF:1
FNH:1
FNDA:3,(anonymous_0)
DA:6,3
DA:7,3
DA:8,3
DA:10,3
DA:13,3
DA:15,3
DA:16,3
DA:19,3
DA:20,3
LF:9
LH:9
BRDA:21,0,0,1
BRDA:21,0,1,2
BRF:2
BRH:2
end_of_record
TN:
SF:src/model/analyses/report/unknown-json-files.js
FN:9,(anonymous_0)
FN:13,(anonymous_1)
FN:17,(anonymous_2)
FN:19,(anonymous_3)
FN:24,(anonymous_4)
FN:29,(anonymous_5)
FNF:6
FNH:0
FNDA:0,(anonymous_0)
FNDA:0,(anonymous_1)
FNDA:0,(anonymous_2)
FNDA:0,(anonymous_3)
FNDA:0,(anonymous_4)
FNDA:0,(anonymous_5)
DA:10,0
DA:14,0
DA:18,0
DA:19,0
DA:20,0
DA:23,0
DA:24,0
DA:26,0
DA:30,0
LF:9
LH:0
BRF:0
BRH:0
end_of_record
TN:
SF:src/model/analyses/report/unknown-top-level-folders-analysis.js
FN:6,extractTopLevelFolderNamesFromZip
FN:10,(anonymous_1)
FN:24,(anonymous_2)
FN:31,(anonymous_3)
FNF:4
FNH:4
FNDA:3,extractTopLevelFolderNamesFromZip
FNDA:8,(anonymous_1)
FNDA:3,(anonymous_2)
FNDA:8,(anonymous_3)
DA:7,3
DA:8,3
DA:10,3
DA:11,8
DA:12,8
DA:17,8
DA:20,3
DA:25,3
DA:29,3
DA:31,8
LF:10
LH:10
BRDA:12,0,0,8
BRDA:12,0,1,0
BRDA:13,1,0,8
BRDA:13,1,1,8
BRDA:13,1,2,8
BRF:5
BRH:4
end_of_record
TN:
SF:src/model/analyses/report/unkown-message-types-analysis.js
FN:14,(anonymous_0)
FN:18,(anonymous_1)
FN:22,(anonymous_2)
FN:24,(anonymous_3)
FN:35,(anonymous_4)
FNF:5
FNH:0
FNDA:0,(anonymous_0)
FNDA:0,(anonymous_1)
FNDA:0,(anonymous_2)
FNDA:0,(anonymous_3)
FNDA:0,(anonymous_4)
DA:5,13
DA:15,0
DA:19,0
DA:23,0
DA:24,0
DA:25,0
DA:26,0
DA:27,0
DA:31,0
DA:32,0
DA:36,0
LF:11
LH:1
BRDA:26,0,0,0
BRDA:26,0,1,0
BRF:2
BRH:0
end_of_record
TN:
SF:src/model/analyses/utils/analysisKeys.js
FNF:0
FNH:0
LF:0
LH:0
BRF:0
BRH:0
end_of_record
TN:
SF:src/model/analyses/utils/generate-scale.js
FN:21,generateScale
FN:42,(anonymous_1)
FNF:2
FNH:2
FNDA:13,generateScale
FNDA:23,(anonymous_1)
DA:1,14
DA:22,13
DA:23,13
DA:24,13
DA:25,13
DA:26,13
DA:27,3
DA:28,3
DA:30,13
DA:31,13
DA:32,13
DA:36,57
DA:38,13
DA:39,13
DA:43,23
LF:15
LH:15
BRDA:25,0,0,3
BRDA:25,0,1,10
BRDA:26,1,0,3
BRDA:26,1,1,10
BRDA:38,2,0,2
BRDA:38,2,1,11
BRDA:39,3,0,8
BRDA:39,3,1,5
BRF:8
BRH:8
end_of_record
TN:
SF:src/model/analyses/utils/on-off-events-matching.js
FN:3,normalizeForComparison
FN:9,removeDomainExtension
FN:20,normalizeWithoutDomain
FN:24,onOffFacebookAccountNamesMatching
FN:38,displayNameFullMatcher
FN:45,urlIdFullMatcher
FN:54,matchAccountsByName
FN:59,(anonymous_7)
FN:75,linkRelatedAccountsWithOffFacebookCompanies
FN:83,(anonymous_9)
FN:85,(anonymous_10)
FN:100,offFacebookEventsCount
FN:101,(anonymous_12)
FN:109,offFacebookEventsLatestTimestamp
FN:111,(anonymous_14)
FN:119,forEachOffFacebookEvent
FNF:16
FNH:14
FNDA:658,normalizeForComparison
FNDA:323,removeDomainExtension
FNDA:323,normalizeWithoutDomain
FNDA:177,onOffFacebookAccountNamesMatching
FNDA:90,displayNameFullMatcher
FNDA:78,urlIdFullMatcher
FNDA:90,matchAccountsByName
FNDA:168,(anonymous_7)
FNDA:6,linkRelatedAccountsWithOffFacebookCompanies
FNDA:12,(anonymous_9)
FNDA:84,(anonymous_10)
FNDA:0,offFacebookEventsCount
FNDA:0,(anonymous_12)
FNDA:1,offFacebookEventsLatestTimestamp
FNDA:8,(anonymous_14)
FNDA:1,forEachOffFacebookEvent
DA:4,658
DA:10,323
DA:11,1
DA:13,322
DA:14,322
DA:15,157
DA:17,165
DA:21,323
DA:28,177
DA:39,90
DA:46,78
DA:52,16
DA:58,90
DA:60,168
DA:79,6
DA:80,6
DA:81,6
DA:83,6
DA:84,12
DA:86,84
DA:88,12
DA:89,10
DA:97,6
DA:101,0
DA:102,0
DA:103,0
DA:105,0
DA:110,1
DA:111,1
DA:112,8
DA:113,3
DA:116,1
DA:120,1
DA:121,7
DA:122,8
LF:35
LH:31
BRDA:4,0,0,656
BRDA:4,0,1,2
BRDA:10,1,0,1
BRDA:10,1,1,322
BRDA:14,2,0,157
BRDA:14,2,1,165
BRDA:29,3,0,177
BRDA:29,3,1,165
BRDA:29,3,2,165
BRDA:29,3,3,158
BRDA:88,4,0,10
BRDA:88,4,1,2
BRDA:102,5,0,0
BRDA:102,5,1,0
BRDA:112,6,0,3
BRDA:112,6,1,5
BRDA:121,7,0,7
BRDA:121,7,1,0
BRF:18
BRH:15
end_of_record
TN:
SF:src/model/analyses/utils/on-off-facebook-data-restructuring.js
FN:3,daysBetween
FN:7,generate90DaysObject
FN:8,(anonymous_2)
FN:13,selectMeaningfulCompanies
FN:26,(anonymous_4)
FN:27,(anonymous_5)
FN:29,isNameInUse
FN:69,(anonymous_7)
FN:89,getIntoChartStructure
FN:91,(anonymous_9)
FN:92,(anonymous_10)
FN:99,buildDisplayData
FN:104,(anonymous_12)
FN:120,topOffFacebookCompanies
FN:122,(anonymous_14)
FN:125,(anonymous_15)
FNF:16
FNH:16
FNDA:37,daysBetween
FNDA:7,generate90DaysObject
FNDA:637,(anonymous_2)
FNDA:6,selectMeaningfulCompanies
FNDA:64,(anonymous_4)
FNDA:64,(anonymous_5)
FNDA:25,isNameInUse
FNDA:6,(anonymous_7)
FNDA:2,getIntoChartStructure
FNDA:5,(anonymous_9)
FNDA:455,(anonymous_10)
FNDA:2,buildDisplayData
FNDA:6,(anonymous_12)
FNDA:4,topOffFacebookCompanies
FNDA:12,(anonymous_14)
FNDA:8,(anonymous_15)
DA:1,13
DA:4,37
DA:8,7
DA:9,637
DA:14,6
DA:15,2
DA:16,2
DA:22,2
DA:23,2
DA:24,2
DA:26,64
DA:27,64
DA:30,25
DA:37,2
DA:38,10
DA:39,10
DA:43,4
DA:44,4
DA:46,6
DA:50,1
DA:51,1
DA:53,5
DA:57,0
DA:58,0
DA:64,2
DA:69,2
DA:70,6
DA:71,3
DA:72,3
DA:73,15
DA:74,11
DA:78,4
DA:82,3
DA:86,2
DA:90,2
DA:91,2
DA:92,5
DA:93,455
DA:96,2
DA:103,2
DA:104,2
DA:105,6
DA:106,6
DA:107,19
DA:111,6
DA:112,16
DA:117,2
DA:121,4
DA:123,12
DA:125,8
LF:50
LH:48
BRDA:14,0,0,4
BRDA:14,0,1,2
BRDA:31,1,0,25
BRDA:31,1,1,22
BRDA:31,1,2,21
BRDA:38,2,0,10
BRDA:38,2,1,0
BRDA:39,3,0,4
BRDA:39,3,1,6
BRDA:46,4,0,1
BRDA:46,4,1,5
BRDA:53,5,0,0
BRDA:53,5,1,5
BRDA:70,6,0,3
BRDA:70,6,1,3
BRDA:73,7,0,11
BRDA:73,7,1,4
BRDA:74,8,0,4
BRDA:74,8,1,7
BRF:19
BRH:17
end_of_record
TN:
SF:src/model/analyses/utils/on-off-facebook-events-utils.js
FN:1,groupOffFacebookEventsByType
FN:3,(anonymous_1)
FN:18,(anonymous_2)
FNF:3
FNH:3
FNDA:4,groupOffFacebookEventsByType
FNDA:19,(anonymous_1)
FNDA:11,(anonymous_2)
DA:2,4
DA:3,4
DA:4,19
DA:5,11
DA:7,19
DA:10,4
DA:11,4
DA:12,11
DA:18,4
DA:19,11
LF:10
LH:10
BRDA:4,0,0,11
BRDA:4,0,1,8
BRF:2
BRH:2
end_of_record
TN:
SF:src/model/analyses/utils/post-reactions-utils.js
FN:1,groupDataByType
FN:3,(anonymous_1)
FN:17,(anonymous_2)
FN:22,groupPostReactionsByType
FNF:4
FNH:4
FNDA:4,groupDataByType
FNDA:9,(anonymous_1)
FNDA:5,(anonymous_2)
FNDA:4,groupPostReactionsByType
DA:2,4
DA:3,4
DA:4,9
DA:5,6
DA:7,9
DA:10,4
DA:11,4
DA:12,6
DA:17,4
DA:18,5
DA:23,4
LF:11
LH:11
BRDA:4,0,0,6
BRDA:4,0,1,3
BRF:2
BRH:2
end_of_record
TN:
SF:src/model/entities/connected-advertiser.js
FN:2,(anonymous_0)
FN:9,(anonymous_1)
FN:13,(anonymous_2)
FN:17,(anonymous_3)
FN:21,(anonymous_4)
FN:25,(anonymous_5)
FN:29,(anonymous_6)
FN:33,(anonymous_7)
FN:37,(anonymous_8)
FNF:9
FNH:7
FNDA:40,(anonymous_0)
FNDA:40,(anonymous_1)
FNDA:40,(anonymous_2)
FNDA:10,(anonymous_3)
FNDA:20,(anonymous_4)
FNDA:10,(anonymous_5)
FNDA:20,(anonymous_6)
FNDA:0,(anonymous_7)
FNDA:0,(anonymous_8)
DA:3,40
DA:4,40
DA:5,40
DA:6,40
DA:10,40
DA:14,40
DA:18,10
DA:22,20
DA:26,10
DA:30,20
DA:34,0
DA:38,0
LF:12
LH:10
BRF:0
BRH:0
end_of_record
TN:
SF:src/model/entities/consolidated-company.js
FN:4,(anonymous_0)
FN:12,(anonymous_1)
FN:15,(anonymous_2)
FN:19,(anonymous_3)
FN:25,(anonymous_4)
FN:30,(anonymous_5)
FN:35,(anonymous_6)
FN:36,(anonymous_7)
FN:42,(anonymous_8)
FN:50,(anonymous_9)
FN:66,(anonymous_10)
FNF:11
FNH:11
FNDA:10,(anonymous_0)
FNDA:5,(anonymous_1)
FNDA:20,(anonymous_2)
FNDA:15,(anonymous_3)
FNDA:12,(anonymous_4)
FNDA:15,(anonymous_5)
FNDA:12,(anonymous_6)
FNDA:14,(anonymous_7)
FNDA:5,(anonymous_8)
FNDA:10,(anonymous_9)
FNDA:10,(anonymous_10)
DA:5,10
DA:6,10
DA:8,10
DA:9,10
DA:13,5
DA:16,20
DA:20,15
DA:21,5
DA:23,10
DA:25,12
DA:27,10
DA:31,15
DA:32,5
DA:34,10
DA:36,14
DA:39,10
DA:43,5
DA:51,10
DA:67,10
LF:19
LH:19
BRDA:20,0,0,5
BRDA:20,0,1,10
BRDA:31,1,0,5
BRDA:31,1,1,10
BRF:4
BRH:4
end_of_record
TN:
SF:src/model/entities/facebook-account.js
FN:7,(anonymous_0)
FN:30,(anonymous_1)
FN:34,(anonymous_2)
FN:35,(anonymous_3)
FN:43,(anonymous_4)
FN:45,(anonymous_5)
FN:53,(anonymous_6)
FN:57,(anonymous_7)
FN:61,(anonymous_8)
FN:65,(anonymous_9)
FN:69,(anonymous_10)
FN:73,(anonymous_11)
FN:77,(anonymous_12)
FN:81,(anonymous_13)
FN:89,(anonymous_14)
FN:93,(anonymous_15)
FN:97,(anonymous_16)
FNF:17
FNH:15
FNDA:100,(anonymous_0)
FNDA:5,(anonymous_1)
FNDA:2,(anonymous_2)
FNDA:4,(anonymous_3)
FNDA:6,(anonymous_4)
FNDA:27,(anonymous_5)
FNDA:0,(anonymous_6)
FNDA:5,(anonymous_7)
FNDA:2,(anonymous_8)
FNDA:8,(anonymous_9)
FNDA:0,(anonymous_10)
FNDA:1,(anonymous_11)
FNDA:6,(anonymous_12)
FNDA:12,(anonymous_13)
FNDA:1,(anonymous_14)
FNDA:4,(anonymous_15)
FNDA:2,(anonymous_16)
DA:8,100
DA:9,100
DA:10,100
DA:11,100
DA:12,100
DA:13,100
DA:14,100
DA:15,100
DA:16,100
DA:17,100
DA:18,100
DA:19,100
DA:20,100
DA:21,100
DA:22,100
DA:23,100
DA:24,100
DA:26,100
DA:27,100
DA:31,5
DA:35,2
DA:36,4
DA:37,4
DA:39,0
DA:44,6
DA:45,6
DA:46,27
DA:47,13
DA:50,6
DA:54,0
DA:58,5
DA:62,2
DA:66,8
DA:70,0
DA:74,1
DA:78,6
DA:82,12
DA:83,35
DA:84,56
DA:90,1
DA:94,4
DA:98,2
LF:42
LH:39
BRDA:36,0,0,4
BRDA:36,0,1,0
BRDA:46,1,0,13
BRDA:46,1,1,14
BRDA:83,2,0,35
BRDA:83,2,1,0
BRF:6
BRH:4
end_of_record
TN:
SF:src/model/entities/message-thread.js
FN:2,(anonymous_0)
FN:14,(anonymous_1)
FN:29,(anonymous_2)
FN:32,(anonymous_3)
FN:40,(anonymous_4)
FN:45,(anonymous_5)
FN:49,(anonymous_6)
FN:53,(anonymous_7)
FN:57,(anonymous_8)
FN:61,(anonymous_9)
FN:65,(anonymous_10)
FN:69,(anonymous_11)
FN:73,(anonymous_12)
FN:77,(anonymous_13)
FN:81,(anonymous_14)
FN:87,(anonymous_15)
FNF:16
FNH:15
FNDA:5,(anonymous_0)
FNDA:14,(anonymous_1)
FNDA:5,(anonymous_2)
FNDA:8,(anonymous_3)
FNDA:14,(anonymous_4)
FNDA:4,(anonymous_5)
FNDA:4,(anonymous_6)
FNDA:5,(anonymous_7)
FNDA:8,(anonymous_8)
FNDA:2,(anonymous_9)
FNDA:2,(anonymous_10)
FNDA:2,(anonymous_11)
FNDA:2,(anonymous_12)
FNDA:2,(anonymous_13)
FNDA:2,(anonymous_14)
FNDA:0,(anonymous_15)
DA:3,5
DA:4,5
DA:5,5
DA:6,5
DA:7,5
DA:8,5
DA:9,5
DA:10,5
DA:11,5
DA:15,14
DA:16,14
DA:17,14
DA:19,14
DA:20,14
DA:21,6
DA:23,14
DA:24,2
DA:25,2
DA:30,5
DA:31,5
DA:32,8
DA:34,5
DA:35,5
DA:36,5
DA:37,1
DA:39,4
DA:40,4
DA:41,14
DA:46,4
DA:50,4
DA:54,5
DA:58,8
DA:62,2
DA:66,2
DA:70,2
DA:74,2
DA:78,2
DA:82,2
DA:83,7
DA:88,0
DA:89,0
DA:90,0
DA:91,0
DA:92,0
DA:93,0
DA:94,0
DA:96,0
LF:47
LH:39
BRDA:15,0,0,14
BRDA:15,0,1,0
BRDA:17,1,0,14
BRDA:17,1,1,0
BRDA:20,2,0,6
BRDA:20,2,1,8
BRDA:23,3,0,2
BRDA:23,3,1,12
BRDA:31,4,0,5
BRDA:31,4,1,1
BRDA:36,5,0,1
BRDA:36,5,1,4
BRDA:93,6,0,0
BRDA:93,6,1,0
BRF:14
BRH:10
end_of_record
TN:
SF:src/model/entities/message-threads-group.js
FN:4,(anonymous_0)
FN:8,(anonymous_1)
FN:12,(anonymous_2)
FN:16,(anonymous_3)
FN:18,(anonymous_4)
FN:23,(anonymous_5)
FN:27,(anonymous_6)
FN:33,(anonymous_7)
FN:42,(anonymous_8)
FN:43,(anonymous_9)
FN:48,(anonymous_10)
FNF:11
FNH:9
FNDA:100,(anonymous_0)
FNDA:17,(anonymous_1)
FNDA:2,(anonymous_2)
FNDA:8,(anonymous_3)
FNDA:4,(anonymous_4)
FNDA:0,(anonymous_5)
FNDA:6,(anonymous_6)
FNDA:5,(anonymous_7)
FNDA:4,(anonymous_8)
FNDA:5,(anonymous_9)
FNDA:0,(anonymous_10)
DA:5,100
DA:9,17
DA:13,2
DA:17,8
DA:18,4
DA:24,0
DA:28,6
DA:29,2
DA:34,5
DA:35,5
DA:36,5
DA:37,5
DA:38,0
DA:39,5
DA:43,4
DA:44,5
DA:49,0
DA:50,0
LF:18
LH:14
BRDA:37,0,0,0
BRDA:37,0,1,5
BRF:2
BRH:1
end_of_record
TN:
SF:src/model/entities/related-account.js
FN:2,(anonymous_0)
FN:9,(anonymous_1)
FN:13,(anonymous_2)
FN:17,(anonymous_3)
FN:21,(anonymous_4)
FN:25,(anonymous_5)
FN:29,(anonymous_6)
FN:33,(anonymous_7)
FN:37,(anonymous_8)
FN:39,(anonymous_9)
FN:44,(anonymous_10)
FN:46,(anonymous_11)
FN:51,(anonymous_12)
FN:52,(anonymous_13)
FN:55,(anonymous_14)
FN:59,(anonymous_15)
FN:60,(anonymous_16)
FNF:17
FNH:17
FNDA:20,(anonymous_0)
FNDA:26,(anonymous_1)
FNDA:81,(anonymous_2)
FNDA:7,(anonymous_3)
FNDA:111,(anonymous_4)
FNDA:20,(anonymous_5)
FNDA:29,(anonymous_6)
FNDA:18,(anonymous_7)
FNDA:32,(anonymous_8)
FNDA:41,(anonymous_9)
FNDA:14,(anonymous_10)
FNDA:20,(anonymous_11)
FNDA:29,(anonymous_12)
FNDA:9,(anonymous_13)
FNDA:25,(anonymous_14)
FNDA:12,(anonymous_15)
FNDA:14,(anonymous_16)
DA:3,20
DA:4,20
DA:5,20
DA:6,20
DA:10,26
DA:14,81
DA:18,7
DA:22,111
DA:26,20
DA:30,29
DA:34,18
DA:38,32
DA:39,41
DA:45,14
DA:46,20
DA:52,29
DA:56,25
DA:60,12
DA:61,14
DA:62,14
LF:20
LH:20
BRDA:39,0,0,41
BRDA:39,0,1,0
BRDA:46,1,0,20
BRDA:46,1,1,0
BRDA:62,2,0,14
BRDA:62,2,1,0
BRF:6
BRH:3
end_of_record
TN:
SF:src/model/entities/related-accounts-group.js
FN:2,(anonymous_0)
FN:6,(anonymous_1)
FN:10,(anonymous_2)
FN:14,(anonymous_3)
FN:16,(anonymous_4)
FN:21,(anonymous_5)
FN:23,(anonymous_6)
FN:28,(anonymous_7)
FN:34,(anonymous_8)
FN:36,(anonymous_9)
FN:40,(anonymous_10)
FN:42,(anonymous_11)
FNF:12
FNH:12
FNDA:108,(anonymous_0)
FNDA:8,(anonymous_1)
FNDA:5,(anonymous_2)
FNDA:5,(anonymous_3)
FNDA:8,(anonymous_4)
FNDA:5,(anonymous_5)
FNDA:8,(anonymous_6)
FNDA:9,(anonymous_7)
FNDA:7,(anonymous_8)
FNDA:18,(anonymous_9)
FNDA:6,(anonymous_10)
FNDA:12,(anonymous_11)
DA:3,108
DA:7,8
DA:11,5
DA:15,5
DA:16,8
DA:22,5
DA:23,8
DA:29,9
DA:30,20
DA:35,7
DA:36,18
DA:41,6
DA:43,12
DA:44,12
LF:14
LH:14
BRDA:44,0,0,4
BRDA:44,0,1,8
BRF:2
BRH:2
end_of_record
TN:
SF:src/model/entities/related-post.js
FN:4,(anonymous_0)
FN:10,(anonymous_1)
FN:14,(anonymous_2)
FN:18,(anonymous_3)
FN:22,(anonymous_4)
FN:26,(anonymous_5)
FN:30,(anonymous_6)
FN:34,(anonymous_7)
FNF:8
FNH:8
FNDA:25,(anonymous_0)
FNDA:18,(anonymous_1)
FNDA:61,(anonymous_2)
FNDA:22,(anonymous_3)
FNDA:29,(anonymous_4)
FNDA:29,(anonymous_5)
FNDA:28,(anonymous_6)
FNDA:14,(anonymous_7)
DA:5,25
DA:6,25
DA:7,25
DA:11,18
DA:15,61
DA:19,22
DA:23,29
DA:27,29
DA:31,28
DA:35,14
LF:10
LH:10
BRF:0
BRH:0
end_of_record
TN:
SF:src/model/importers/account-session-activities-importer.js
FN:9,(anonymous_0)
FNF:1
FNH:1
FNDA:23,(anonymous_0)
DA:4,14
DA:5,14
DA:6,14
DA:10,23
DA:18,14
LF:5
LH:5
BRF:0
BRH:0
end_of_record
TN:
SF:src/model/importers/ad-interests-importer.js
FN:9,(anonymous_0)
FNF:1
FNH:1
FNDA:23,(anonymous_0)
DA:4,31
DA:5,31
DA:6,31
DA:10,23
DA:18,31
LF:5
LH:5
BRF:0
BRH:0
end_of_record
TN:
SF:src/model/importers/admin-records-importer.js
FN:9,(anonymous_0)
FNF:1
FNH:1
FNDA:23,(anonymous_0)
DA:4,14
DA:5,14
DA:6,14
DA:10,23
DA:17,14
LF:5
LH:5
BRF:0
BRH:0
end_of_record
TN:
SF:src/model/importers/comments-importer.js
FN:8,(anonymous_0)
FN:12,(anonymous_1)
FN:18,(anonymous_2)
FN:19,(anonymous_3)
FNF:4
FNH:4
FNDA:23,(anonymous_0)
FNDA:6,(anonymous_1)
FNDA:1,(anonymous_2)
FNDA:6,(anonymous_3)
DA:3,31
DA:4,31
DA:5,31
DA:9,23
DA:13,6
DA:19,1
DA:20,6
DA:25,31
LF:8
LH:8
BRF:0
BRH:0
end_of_record
TN:
SF:src/model/importers/connected-advertisers-all-types-importer.js
FN:13,(anonymous_0)
FN:21,(anonymous_1)
FN:35,(anonymous_2)
FN:36,(anonymous_3)
FNF:4
FNH:4
FNDA:23,(anonymous_0)
FNDA:20,(anonymous_1)
FNDA:2,(anonymous_2)
FNDA:20,(anonymous_3)
DA:5,31
DA:7,31
DA:10,31
DA:14,23
DA:22,20
DA:23,20
DA:25,20
DA:27,20
DA:29,20
DA:32,20
DA:36,2
DA:37,20
DA:42,31
LF:13
LH:13
BRF:0
BRH:0
end_of_record
TN:
SF:src/model/importers/connected-advertisers-importer.js
FN:10,(anonymous_0)
FN:18,(anonymous_1)
FN:24,(anonymous_2)
FN:25,(anonymous_3)
FNF:4
FNH:4
FNDA:23,(anonymous_0)
FNDA:20,(anonymous_1)
FNDA:2,(anonymous_2)
FNDA:20,(anonymous_3)
DA:5,31
DA:6,31
DA:7,31
DA:11,23
DA:19,20
DA:20,20
DA:21,20
DA:25,2
DA:26,20
DA:31,31
LF:10
LH:10
BRF:0
BRH:0
end_of_record
TN:
SF:src/model/importers/direct-key-data-importer.js
FN:5,(anonymous_0)
FN:12,(anonymous_1)
FNF:2
FNH:2
FNDA:449,(anonymous_0)
FNDA:449,(anonymous_1)
DA:6,449
DA:7,449
DA:8,449
DA:9,449
DA:13,449
DA:19,27
LF:6
LH:6
BRDA:21,0,0,7
BRDA:21,0,1,20
BRF:2
BRH:2
end_of_record
TN:
SF:src/model/importers/friend-requests-received-importer.js
FN:9,(anonymous_0)
FNF:1
FNH:1
FNDA:23,(anonymous_0)
DA:4,14
DA:5,14
DA:6,14
DA:10,23
DA:18,14
LF:5
LH:5
BRF:0
BRH:0
end_of_record
TN:
SF:src/model/importers/friends-importer.js
FN:8,(anonymous_0)
FNF:1
FNH:1
FNDA:23,(anonymous_0)
DA:3,31
DA:4,31
DA:5,31
DA:9,23
DA:13,31
LF:5
LH:5
BRF:0
BRH:0
end_of_record
TN:
SF:src/model/importers/interacted-with-advertisers-importer.js
FN:9,(anonymous_0)
FNF:1
FNH:1
FNDA:23,(anonymous_0)
DA:4,31
DA:5,31
DA:6,31
DA:10,23
DA:18,31
LF:5
LH:5
BRF:0
BRH:0
end_of_record
TN:
SF:src/model/importers/language-and-locale-importer.js
FN:41,(anonymous_0)
FN:49,(anonymous_1)
FN:50,(anonymous_2)
FN:66,(anonymous_3)
FNF:4
FNH:4
FNDA:26,(anonymous_0)
FNDA:5,(anonymous_1)
FNDA:4,(anonymous_2)
FNDA:26,(anonymous_3)
DA:5,31
DA:6,31
DA:7,31
DA:42,26
DA:50,5
DA:51,4
DA:52,4
DA:53,4
DA:58,5
DA:59,4
DA:60,4
DA:67,26
DA:68,5
DA:70,5
DA:71,1
DA:81,4
DA:87,31
LF:17
LH:17
BRDA:51,0,0,0
BRDA:51,0,1,4
BRDA:51,1,0,4
BRDA:51,1,1,4
BRDA:54,2,0,4
BRDA:54,2,1,4
BRDA:58,3,0,1
BRDA:58,3,1,4
BRDA:70,4,0,1
BRDA:70,4,1,4
BRF:10
BRH:9
end_of_record
TN:
SF:src/model/importers/messages-importer.js
FN:4,(anonymous_0)
FN:10,(anonymous_1)
FNF:2
FNH:2
FNDA:59,(anonymous_0)
FNDA:4,(anonymous_1)
DA:5,59
DA:11,4
DA:17,31
LF:3
LH:3
BRF:0
BRH:0
end_of_record
TN:
SF:src/model/importers/multiple-files-importer.js
FN:11,(anonymous_0)
FN:16,(anonymous_1)
FN:18,(anonymous_2)
FN:20,(anonymous_3)
FN:23,(anonymous_4)
FN:25,(anonymous_5)
FN:34,(anonymous_6)
FN:44,(anonymous_7)
FN:46,(anonymous_8)
FN:52,(anonymous_9)
FN:58,(anonymous_10)
FN:62,(anonymous_11)
FN:63,(anonymous_12)
FN:66,(anonymous_13)
FN:70,(anonymous_14)
FNF:15
FNH:13
FNDA:0,(anonymous_0)
FNDA:0,(anonymous_1)
FNDA:48,(anonymous_2)
FNDA:120,(anonymous_3)
FNDA:18,(anonymous_4)
FNDA:12,(anonymous_5)
FNDA:6,(anonymous_6)
FNDA:11,(anonymous_7)
FNDA:18,(anonymous_8)
FNDA:18,(anonymous_9)
FNDA:12,(anonymous_10)
FNDA:15,(anonymous_11)
FNDA:6,(anonymous_12)
FNDA:37,(anonymous_13)
FNDA:48,(anonymous_14)
DA:12,0
DA:19,48
DA:20,120
DA:24,18
DA:26,12
DA:35,6
DA:45,11
DA:47,18
DA:51,11
DA:52,18
DA:55,11
DA:56,12
DA:58,12
DA:59,11
DA:61,8
DA:62,15
DA:63,6
DA:67,37
DA:71,48
DA:72,48
DA:73,37
DA:76,11
DA:77,11
DA:78,11
DA:79,11
DA:85,8
DA:87,8
DA:89,8
LF:28
LH:27
BRDA:72,0,0,37
BRDA:72,0,1,11
BRDA:89,1,0,3
BRDA:89,1,1,5
BRF:4
BRH:4
end_of_record
TN:
SF:src/model/importers/off-facebook-events-importer.js
FN:12,(anonymous_0)
FN:20,(anonymous_1)
FN:30,(anonymous_2)
FNF:3
FNH:3
FNDA:24,(anonymous_0)
FNDA:24,(anonymous_1)
FNDA:123,(anonymous_2)
DA:5,31
DA:6,31
DA:7,31
DA:9,31
DA:13,24
DA:21,24
DA:22,7
DA:24,7
DA:25,7
DA:27,7
DA:28,24
DA:29,41
DA:30,123
DA:32,41
DA:33,0
DA:38,7
DA:39,0
DA:49,7
DA:53,31
LF:19
LH:17
BRDA:22,0,0,0
BRDA:22,0,1,7
BRDA:38,1,0,0
BRDA:38,1,1,7
BRF:4
BRH:2
end_of_record
TN:
SF:src/model/importers/old-pages-followed-importer.js
FN:9,(anonymous_0)
FNF:1
FNH:1
FNDA:20,(anonymous_0)
DA:4,13
DA:5,13
DA:6,13
DA:10,20
DA:18,13
LF:5
LH:5
BRF:0
BRH:0
end_of_record
TN:
SF:src/model/importers/old-pages-liked-importer.js
FN:9,(anonymous_0)
FNF:1
FNH:1
FNDA:20,(anonymous_0)
DA:4,13
DA:5,13
DA:6,13
DA:10,20
DA:18,13
LF:5
LH:5
BRF:0
BRH:0
end_of_record
TN:
SF:src/model/importers/old-pages-recommended-importer.js
FN:9,(anonymous_0)
FNF:1
FNH:1
FNDA:20,(anonymous_0)
DA:4,13
DA:5,13
DA:6,13
DA:10,20
DA:18,13
LF:5
LH:5
BRF:0
BRH:0
end_of_record
TN:
SF:src/model/importers/old-pages-unfollowed-importer.js
FN:9,(anonymous_0)
FNF:1
FNH:1
FNDA:20,(anonymous_0)
DA:4,13
DA:5,13
DA:6,13
DA:10,20
DA:18,13
LF:5
LH:5
BRF:0
BRH:0
end_of_record
TN:
SF:src/model/importers/pages-followed-importer.js
FN:9,(anonymous_0)
FNF:1
FNH:1
FNDA:23,(anonymous_0)
DA:4,14
DA:5,14
DA:6,14
DA:10,23
DA:18,14
LF:5
LH:5
BRF:0
BRH:0
end_of_record
TN:
SF:src/model/importers/pages-liked-importer.js
FN:9,(anonymous_0)
FNF:1
FNH:1
FNDA:23,(anonymous_0)
DA:4,31
DA:5,31
DA:6,31
DA:10,23
DA:18,31
LF:5
LH:5
BRF:0
BRH:0
end_of_record
TN:
SF:src/model/importers/pages-recommended-importer.js
FN:9,(anonymous_0)
FNF:1
FNH:1
FNDA:23,(anonymous_0)
DA:4,14
DA:5,14
DA:6,14
DA:10,23
DA:18,14
LF:5
LH:5
BRF:0
BRH:0
end_of_record
TN:
SF:src/model/importers/pages-unfollowed-importer.js
FN:9,(anonymous_0)
FNF:1
FNH:1
FNDA:23,(anonymous_0)
DA:4,14
DA:5,14
DA:6,14
DA:10,23
DA:18,14
LF:5
LH:5
BRF:0
BRH:0
end_of_record
TN:
SF:src/model/importers/paths.js
FNF:0
FNH:0
DA:1,31
DA:2,31
LF:2
LH:2
BRF:0
BRH:0
end_of_record
TN:
SF:src/model/importers/personal-data-importer.js
FN:9,(anonymous_0)
FN:17,(anonymous_1)
FNF:2
FNH:2
FNDA:26,(anonymous_0)
FNDA:26,(anonymous_1)
DA:4,31
DA:5,31
DA:6,31
DA:10,26
DA:18,26
DA:19,4
DA:25,3
DA:32,31
LF:8
LH:8
BRF:0
BRH:0
end_of_record
TN:
SF:src/model/importers/post-reactions-importer.js
FN:19,(anonymous_0)
FN:27,(anonymous_1)
FN:34,(anonymous_2)
FN:35,(anonymous_3)
FNF:4
FNH:4
FNDA:23,(anonymous_0)
FNDA:18,(anonymous_1)
FNDA:2,(anonymous_2)
FNDA:18,(anonymous_3)
DA:4,31
DA:5,31
DA:6,31
DA:8,31
DA:20,23
DA:28,18
DA:35,2
DA:36,18
DA:41,31
LF:9
LH:9
BRF:0
BRH:0
end_of_record
TN:
SF:src/model/importers/posts-importer.js
FN:4,(anonymous_0)
FN:8,(anonymous_1)
FN:9,(anonymous_2)
FN:10,(anonymous_3)
FNF:4
FNH:4
FNDA:61,(anonymous_0)
FNDA:7,(anonymous_1)
FNDA:7,(anonymous_2)
FNDA:19,(anonymous_3)
DA:5,61
DA:9,7
DA:10,7
DA:11,19
DA:13,4
DA:18,31
LF:6
LH:6
BRF:0
BRH:0
end_of_record
TN:
SF:src/model/importers/recently-viewed-ads-importer.js
FN:43,(anonymous_0)
FN:47,(anonymous_1)
FN:56,(anonymous_2)
FN:69,(anonymous_3)
FN:92,(anonymous_4)
FN:93,(anonymous_5)
FN:112,(anonymous_6)
FN:115,(anonymous_7)
FNF:8
FNH:8
FNDA:30,(anonymous_0)
FNDA:30,(anonymous_1)
FNDA:29,(anonymous_2)
FNDA:32,(anonymous_3)
FNDA:8,(anonymous_4)
FNDA:32,(anonymous_5)
FNDA:30,(anonymous_6)
FNDA:18,(anonymous_7)
DA:12,31
DA:13,31
DA:14,31
DA:44,30
DA:48,30
DA:53,30
DA:57,29
DA:58,29
DA:59,29
DA:60,4
DA:61,4
DA:63,25
DA:64,25
DA:65,25
DA:66,25
DA:70,32
DA:71,3
DA:73,29
DA:74,29
DA:75,0
DA:78,29
DA:79,9
DA:81,20
DA:82,20
DA:83,20
DA:88,20
DA:89,20
DA:93,8
DA:94,32
DA:98,32
DA:99,3
DA:101,29
DA:106,29
DA:107,28
DA:113,30
DA:114,9
DA:116,18
DA:119,9
DA:120,1
DA:132,8
DA:133,8
DA:135,8
DA:142,31
LF:43
LH:42
BRDA:59,0,0,4
BRDA:59,0,1,25
BRDA:70,1,0,3
BRDA:70,1,1,29
BRDA:74,2,0,0
BRDA:74,2,1,29
BRDA:78,3,0,9
BRDA:78,3,1,20
BRDA:82,4,0,20
BRDA:82,4,1,0
BRDA:98,5,0,3
BRDA:98,5,1,29
BRDA:106,6,0,28
BRDA:106,6,1,1
BRDA:119,7,0,1
BRDA:119,7,1,8
BRF:16
BRH:14
end_of_record
TN:
SF:src/model/importers/searches-importer.js
FN:8,(anonymous_0)
FNF:1
FNH:1
FNDA:23,(anonymous_0)
DA:3,31
DA:4,31
DA:5,31
DA:9,23
DA:17,31
LF:5
LH:5
BRF:0
BRH:0
end_of_record
TN:
SF:src/model/importers/utils/ads-locale.js
FN:26,localeForCategoyName
FN:28,(anonymous_1)
FN:32,extractNameFromAdDescription
FNF:3
FNH:3
FNDA:26,localeForCategoyName
FNDA:62,(anonymous_1)
FNDA:26,extractNameFromAdDescription
DA:7,32
DA:27,26
DA:28,62
DA:33,26
DA:34,26
DA:35,25
DA:37,1
LF:7
LH:7
BRDA:34,0,0,25
BRDA:34,0,1,1
BRDA:34,1,0,26
BRDA:34,1,1,25
BRF:4
BRH:4
end_of_record
TN:
SF:src/model/importers/utils/failed-import-exception.js
FN:2,(anonymous_0)
FN:10,(anonymous_1)
FN:17,(anonymous_2)
FN:24,(anonymous_3)
FN:31,(anonymous_4)
FN:38,(anonymous_5)
FNF:6
FNH:5
FNDA:488,(anonymous_0)
FNDA:461,(anonymous_1)
FNDA:2,(anonymous_2)
FNDA:25,(anonymous_3)
FNDA:0,(anonymous_4)
FNDA:37,(anonymous_5)
DA:3,488
DA:4,488
DA:5,488
DA:11,461
DA:12,461
DA:18,2
DA:19,2
DA:25,25
DA:26,25
DA:32,0
DA:33,0
DA:39,37
DA:40,37
LF:13
LH:11
BRF:0
BRH:0
end_of_record
TN:
SF:src/model/importers/utils/importer-util.js
FN:7,relevantZipEntries
FN:10,(anonymous_1)
FN:16,readJSONFile
FN:24,decode
FN:25,(anonymous_4)
FN:29,readFullPathJSONFile
FN:36,(anonymous_6)
FN:44,readJSONDataObject
FN:57,readJSONDataArray
FN:73,anonymizePathSegment
FN:84,anonymizeJsonEntityPath
FN:87,(anonymous_11)
FN:93,sliceIntoChunks
FNF:13
FNH:13
FNDA:56,relevantZipEntries
FNDA:136,(anonymous_1)
FNDA:531,readJSONFile
FNDA:653,decode
FNDA:11679,(anonymous_4)
FNDA:88,readFullPathJSONFile
FNDA:1771,(anonymous_6)
FNDA:531,readJSONDataObject
FNDA:505,readJSONDataArray
FNDA:86,anonymizePathSegment
FNDA:33,anonymizeJsonEntityPath
FNDA:86,(anonymous_11)
FNDA:11,sliceIntoChunks
DA:8,56
DA:9,56
DA:11,136
DA:17,531
DA:18,461
DA:20,70
DA:21,70
DA:25,11679
DA:26,653
DA:30,88
DA:31,88
DA:32,87
DA:33,2
DA:36,85
DA:37,1771
DA:38,653
DA:40,1118
DA:45,531
DA:47,70
DA:48,25
DA:54,45
DA:58,505
DA:64,41
DA:65,0
DA:70,41
DA:74,86
DA:79,10
DA:81,76
DA:85,33
DA:87,33
DA:88,86
DA:90,33
DA:94,11
DA:95,11
DA:96,11
DA:97,11
DA:99,11
LF:37
LH:36
BRDA:11,0,0,136
BRDA:11,0,1,136
BRDA:17,1,0,461
BRDA:17,1,1,70
BRDA:32,2,0,2
BRDA:32,2,1,85
BRDA:37,3,0,653
BRDA:37,3,1,1118
BRDA:47,4,0,25
BRDA:47,4,1,45
BRDA:64,5,0,0
BRDA:64,5,1,41
BRDA:74,6,0,10
BRDA:74,6,1,76
BRDA:75,7,0,86
BRDA:75,7,1,40
BRDA:75,7,2,31
BRF:17
BRH:16
end_of_record
TN:
SF:src/model/importers/utils/timestamps.js
FN:3,findLatestTimestamp
FN:5,(anonymous_1)
FN:13,filterForDurationInDays
FN:19,(anonymous_3)
FN:27,toUnixTimestamp
FNF:5
FNH:5
FNDA:14,findLatestTimestamp
FNDA:14,(anonymous_1)
FNDA:20,filterForDurationInDays
FNDA:26,(anonymous_3)
FNDA:74,toUnixTimestamp
DA:1,33
DA:4,14
DA:6,14
DA:18,20
DA:19,20
DA:20,26
DA:21,26
DA:22,26
DA:23,26
DA:28,74
LF:10
LH:10
BRDA:6,0,0,14
BRDA:6,0,1,0
BRF:2
BRH:1
end_of_record
TN:
SF:src/model/importers/utils/url-processing.js
FN:13,extractAccountDataFromStandardUrl
FN:34,extractAccountDataFromPermlinkUrl
FN:51,extractAccountDataFromUrl
FNF:3
FNH:3
FNDA:35,extractAccountDataFromStandardUrl
FNDA:8,extractAccountDataFromPermlinkUrl
FNDA:35,extractAccountDataFromUrl
DA:14,35
DA:17,35
DA:18,27
DA:20,8
DA:35,8
DA:36,2
DA:38,6
DA:39,6
DA:40,6
DA:41,0
DA:43,6
DA:46,32
DA:52,35
DA:53,43
DA:54,43
DA:55,33
DA:58,2
LF:17
LH:16
BRDA:17,0,0,27
BRDA:17,0,1,8
BRDA:17,1,0,35
BRDA:17,1,1,27
BRDA:35,2,0,2
BRDA:35,2,1,6
BRDA:40,3,0,0
BRDA:40,3,1,6
BRDA:54,4,0,33
BRDA:54,4,1,10
BRF:10
BRH:9
end_of_record
TN:
SF:src/popUps/index.js
FNF:0
FNH:0
LF:0
LH:0
BRF:0
BRH:0
end_of_record
TN:
SF:src/popUps/baseInfoPopUp/baseInfoPopUp.jsx
FN:8,(anonymous_0)
FN:13,(anonymous_1)
FN:25,(anonymous_2)
FNF:3
FNH:0
FNDA:0,(anonymous_0)
FNDA:0,(anonymous_1)
FNDA:0,(anonymous_2)
DA:8,13
DA:9,0
DA:11,0
DA:14,0
DA:25,0
LF:5
LH:1
BRDA:16,0,0,0
BRDA:16,0,1,0
BRF:2
BRH:0
end_of_record
TN:
SF:src/popUps/infoPopUps/activities.jsx
FN:9,(anonymous_0)
FNF:1
FNH:0
FNDA:0,(anonymous_0)
DA:9,13
DA:10,0
DA:51,0
LF:3
LH:1
BRF:0
BRH:0
end_of_record
TN:
SF:src/popUps/infoPopUps/dataStructure.jsx
FN:9,(anonymous_0)
FNF:1
FNH:0
FNDA:0,(anonymous_0)
DA:9,13
DA:10,0
DA:32,0
LF:3
LH:1
BRF:0
BRH:0
end_of_record
TN:
SF:src/popUps/infoPopUps/messages.jsx
FN:7,(anonymous_0)
FNF:1
FNH:0
FNDA:0,(anonymous_0)
DA:7,13
DA:8,0
DA:32,0
LF:3
LH:1
BRF:0
BRH:0
end_of_record
TN:
SF:src/popUps/infoPopUps/offFacebook.jsx
FN:7,(anonymous_0)
FNF:1
FNH:0
FNDA:0,(anonymous_0)
DA:7,13
DA:8,0
DA:39,0
LF:3
LH:1
BRF:0
BRH:0
end_of_record
TN:
SF:src/popUps/infoPopUps/onOffFacebook.jsx
FN:7,(anonymous_0)
FNF:1
FNH:0
FNDA:0,(anonymous_0)
DA:7,13
DA:8,0
DA:46,0
LF:3
LH:1
BRF:0
BRH:0
end_of_record
TN:
SF:src/popUps/infoPopUps/pictures.jsx
FN:6,(anonymous_0)
FNF:1
FNH:0
FNDA:0,(anonymous_0)
DA:6,13
DA:7,0
DA:15,0
LF:3
LH:1
BRF:0
BRH:0
end_of_record
TN:
SF:src/popUps/infoPopUps/postReaction.jsx
FN:10,(anonymous_0)
FNF:1
FNH:0
FNDA:0,(anonymous_0)
DA:10,13
DA:11,0
DA:32,0
LF:3
LH:1
BRF:0
BRH:0
end_of_record
TN:
SF:src/static/allStructure.js
FNF:0
FNH:0
LF:0
LH:0
BRF:0
BRH:0
end_of_record
TN:
SF:src/static/commonStructure.js
FNF:0
FNH:0
LF:0
LH:0
BRF:0
BRH:0
end_of_record
TN:
SF:src/static/topFolders.js
FNF:0
FNH:0
LF:0
LH:0
BRF:0
BRH:0
end_of_record
TN:
SF:src/utils/formatTime.js
FN:22,(anonymous_0)
FNF:1
FNH:1
FNDA:7,(anonymous_0)
DA:3,1
DA:5,1
DA:22,1
DA:28,7
DA:29,2
DA:30,1
DA:31,1
DA:32,1
DA:33,1
DA:34,1
DA:36,0
DA:39,7
LF:12
LH:11
BRDA:24,0,0,0
BRDA:25,1,0,0
BRDA:28,2,0,5
BRDA:28,2,1,2
BRDA:29,3,0,1
BRDA:29,3,1,1
BRDA:32,4,0,1
BRDA:32,4,1,0
BRF:8
BRH:5
end_of_record
TN:
SF:src/views/ministories/aboutPictures.jsx
FN:9,(anonymous_0)
FN:13,(anonymous_1)
FN:17,(anonymous_2)
FNF:3
FNH:1
FNDA:5,(anonymous_0)
FNDA:0,(anonymous_1)
FNDA:0,(anonymous_2)
DA:10,5
DA:14,0
DA:18,0
LF:3
LH:1
BRF:0
BRH:0
end_of_record
TN:
SF:src/views/ministories/activities.jsx
FN:12,(anonymous_0)
FN:16,(anonymous_1)
FN:20,(anonymous_2)
FN:24,(anonymous_3)
FNF:4
FNH:1
FNDA:2,(anonymous_0)
FNDA:0,(anonymous_1)
FNDA:0,(anonymous_2)
FNDA:0,(anonymous_3)
DA:13,2
DA:17,0
DA:21,0
DA:25,0
LF:4
LH:1
BRF:0
BRH:0
end_of_record
TN:
SF:src/views/ministories/activityLocations.jsx
FN:8,(anonymous_0)
FN:11,(anonymous_1)
FN:15,(anonymous_2)
FN:19,(anonymous_3)
FNF:4
FNH:1
FNDA:2,(anonymous_0)
FNDA:0,(anonymous_1)
FNDA:0,(anonymous_2)
FNDA:0,(anonymous_3)
DA:9,2
DA:12,0
DA:16,0
DA:20,0
LF:4
LH:1
BRF:0
BRH:0
end_of_record
TN:
SF:src/views/ministories/advertisingValue.jsx
FN:12,(anonymous_0)
FN:21,(anonymous_1)
FN:25,(anonymous_2)
FN:34,(anonymous_3)
FNF:4
FNH:1
FNDA:7,(anonymous_0)
FNDA:0,(anonymous_1)
FNDA:0,(anonymous_2)
FNDA:0,(anonymous_3)
DA:13,7
DA:14,7
DA:22,0
DA:26,0
DA:27,0
DA:35,0
LF:6
LH:2
BRF:0
BRH:0
end_of_record
TN:
SF:src/views/ministories/connectedAdvertisers.jsx
FN:8,(anonymous_0)
FN:11,(anonymous_1)
FN:15,(anonymous_2)
FN:39,(anonymous_3)
FNF:4
FNH:1
FNDA:5,(anonymous_0)
FNDA:0,(anonymous_1)
FNDA:0,(anonymous_2)
FNDA:0,(anonymous_3)
DA:9,5
DA:12,0
DA:16,0
DA:40,0
LF:4
LH:1
BRF:0
BRH:0
end_of_record
TN:
SF:src/views/ministories/dataImportingStatus.jsx
FN:8,(anonymous_0)
FN:12,(anonymous_1)
FN:16,(anonymous_2)
FN:20,(anonymous_3)
FN:22,(anonymous_4)
FN:32,(anonymous_5)
FN:50,(anonymous_6)
FNF:7
FNH:2
FNDA:3,(anonymous_0)
FNDA:0,(anonymous_1)
FNDA:2,(anonymous_2)
FNDA:0,(anonymous_3)
FNDA:0,(anonymous_4)
FNDA:0,(anonymous_5)
FNDA:0,(anonymous_6)
DA:9,3
DA:10,3
DA:13,0
DA:17,2
DA:21,0
DA:23,0
DA:33,0
DA:54,0
LF:8
LH:3
BRDA:21,0,0,0
BRDA:21,0,1,0
BRDA:25,1,0,0
BRDA:25,1,1,0
BRF:4
BRH:0
end_of_record
TN:
SF:src/views/ministories/dataStructureBubbles.jsx
FN:8,(anonymous_0)
FN:11,(anonymous_1)
FN:15,(anonymous_2)
FN:17,(anonymous_3)
FNF:4
FNH:1
FNDA:2,(anonymous_0)
FNDA:0,(anonymous_1)
FNDA:0,(anonymous_2)
FNDA:0,(anonymous_3)
DA:9,2
DA:12,0
DA:16,0
DA:17,0
DA:18,0
LF:5
LH:1
BRF:0
BRH:0
end_of_record
TN:
SF:src/views/ministories/messages.jsx
FN:11,(anonymous_0)
FN:19,(anonymous_1)
FN:23,(anonymous_2)
FN:37,(anonymous_3)
FNF:4
FNH:1
FNDA:4,(anonymous_0)
FNDA:0,(anonymous_1)
FNDA:0,(anonymous_2)
FNDA:0,(anonymous_3)
DA:12,4
DA:13,4
DA:20,0
DA:24,0
DA:38,0
LF:5
LH:2
BRF:0
BRH:0
end_of_record
TN:
SF:src/views/ministories/ministories.js
FNF:0
FNH:0
DA:11,13
DA:22,13
LF:2
LH:2
BRF:0
BRH:0
end_of_record
TN:
SF:src/views/ministories/missingCommonJsonFiles.jsx
FN:7,(anonymous_0)
FN:11,(anonymous_1)
FN:15,(anonymous_2)
FN:19,(anonymous_3)
FNF:4
FNH:2
FNDA:4,(anonymous_0)
FNDA:0,(anonymous_1)
FNDA:3,(anonymous_2)
FNDA:0,(anonymous_3)
DA:8,4
DA:9,4
DA:12,0
DA:16,3
DA:20,0
LF:5
LH:3
BRF:0
BRH:0
end_of_record
TN:
SF:src/views/ministories/missingKnownJsonFiles.jsx
FN:7,(anonymous_0)
FN:11,(anonymous_1)
FN:15,(anonymous_2)
FN:19,(anonymous_3)
FNF:4
FNH:2
FNDA:2,(anonymous_0)
FNDA:0,(anonymous_1)
FNDA:1,(anonymous_2)
FNDA:0,(anonymous_3)
DA:8,2
DA:9,2
DA:12,0
DA:16,1
DA:20,0
LF:5
LH:3
BRF:0
BRH:0
end_of_record
TN:
SF:src/views/ministories/offFacebookEventsTypes.jsx
FN:7,(anonymous_0)
FN:12,(anonymous_1)
FN:16,(anonymous_2)
FN:20,(anonymous_3)
FNF:4
FNH:2
FNDA:2,(anonymous_0)
FNDA:0,(anonymous_1)
FNDA:1,(anonymous_2)
FNDA:0,(anonymous_3)
DA:8,2
DA:9,2
DA:13,0
DA:17,1
DA:21,0
LF:5
LH:3
BRF:0
BRH:0
end_of_record
TN:
SF:src/views/ministories/onOffFacebookEvents.jsx
FN:12,(anonymous_0)
FN:20,(anonymous_1)
FN:24,(anonymous_2)
FN:35,(anonymous_3)
FNF:4
FNH:1
FNDA:5,(anonymous_0)
FNDA:0,(anonymous_1)
FNDA:0,(anonymous_2)
FNDA:0,(anonymous_3)
DA:13,5
DA:14,5
DA:21,0
DA:25,0
DA:36,0
LF:5
LH:2
BRF:0
BRH:0
end_of_record
TN:
SF:src/views/ministories/postReactionsTypes.jsx
FN:8,(anonymous_0)
FN:12,(anonymous_1)
FN:16,(anonymous_2)
FNF:3
FNH:1
FNDA:4,(anonymous_0)
FNDA:0,(anonymous_1)
FNDA:0,(anonymous_2)
DA:9,4
DA:13,0
DA:17,0
LF:3
LH:1
BRF:0
BRH:0
end_of_record
TN:
SF:src/views/ministories/reportMetadata.jsx
FN:6,(anonymous_0)
FN:10,(anonymous_1)
FN:14,(anonymous_2)
FN:25,(anonymous_3)
FNF:4
FNH:2
FNDA:3,(anonymous_0)
FNDA:0,(anonymous_1)
FNDA:2,(anonymous_2)
FNDA:0,(anonymous_3)
DA:7,3
DA:8,3
DA:11,0
DA:15,2
DA:16,2
DA:26,0
LF:6
LH:4
BRDA:36,0,0,0
BRDA:36,0,1,0
BRF:2
BRH:0
end_of_record
TN:
SF:src/views/ministories/reportStory.jsx
FN:4,(anonymous_0)
FN:10,(anonymous_1)
FN:17,(anonymous_2)
FN:21,(anonymous_3)
FNF:4
FNH:4
FNDA:17,(anonymous_0)
FNDA:11,(anonymous_1)
FNDA:11,(anonymous_2)
FNDA:29,(anonymous_3)
DA:5,17
DA:6,17
DA:7,17
DA:11,11
DA:18,11
DA:22,29
DA:23,29
DA:24,29
DA:26,28
LF:9
LH:9
BRDA:13,0,0,11
BRDA:13,0,1,0
BRDA:22,1,0,0
BRDA:22,1,1,29
BRDA:24,2,0,1
BRDA:24,2,1,28
BRF:6
BRH:4
end_of_record
TN:
SF:src/views/ministories/reports.js
FNF:0
FNH:0
DA:8,13
DA:17,13
LF:2
LH:2
BRF:0
BRH:0
end_of_record
TN:
SF:src/views/ministories/singleDataStory.jsx
FN:4,(anonymous_0)
FN:9,(anonymous_1)
FNF:2
FNH:2
FNDA:20,(anonymous_0)
FNDA:3,(anonymous_1)
DA:5,20
DA:6,20
DA:10,3
LF:3
LH:3
BRF:0
BRH:0
end_of_record
TN:
SF:src/views/ministories/story.jsx
FN:4,(anonymous_0)
FN:11,(anonymous_1)
FN:15,(anonymous_2)
FN:19,(anonymous_3)
FN:23,(anonymous_4)
FN:31,(anonymous_5)
FN:36,(anonymous_6)
FNF:7
FNH:2
FNDA:53,(anonymous_0)
FNDA:0,(anonymous_1)
FNDA:0,(anonymous_2)
FNDA:0,(anonymous_3)
FNDA:36,(anonymous_4)
FNDA:0,(anonymous_5)
FNDA:0,(anonymous_6)
DA:5,53
DA:6,53
DA:7,53
DA:8,53
DA:12,0
DA:16,0
DA:20,0
DA:24,36
DA:25,36
DA:26,59
DA:28,18
DA:32,0
DA:33,0
DA:37,0
DA:38,0
DA:39,0
DA:45,13
DA:50,13
LF:18
LH:10
BRDA:8,0,0,53
BRDA:8,0,1,53
BRDA:24,1,0,0
BRDA:24,1,1,36
BRDA:26,2,0,18
BRDA:26,2,1,41
BRDA:32,3,0,0
BRDA:32,3,1,0
BRDA:37,4,0,0
BRDA:37,4,1,0
BRDA:37,5,0,0
BRDA:37,5,1,0
BRF:12
BRH:5
end_of_record
TN:
SF:src/views/ministories/unknownTopLevelFolders.jsx
FN:7,(anonymous_0)
FN:11,(anonymous_1)
FN:15,(anonymous_2)
FN:19,(anonymous_3)
FNF:4
FNH:2
FNDA:3,(anonymous_0)
FNDA:0,(anonymous_1)
FNDA:2,(anonymous_2)
FNDA:0,(anonymous_3)
DA:8,3
DA:9,3
DA:12,0
DA:16,2
DA:20,0
LF:5
LH:3
BRF:0
BRH:0
end_of_record
TN:
SF:test/datasets/account-session-activities-data.js
FN:11,wrapSessionActivitiesData
FN:15,createSessionActivitiesDataset
FN:116,zipFileWithSessionActivities
FN:122,zipFileWithSessionActivitiesAndExpectedValues
FNF:4
FNH:4
FNDA:1,wrapSessionActivitiesData
FNDA:1,createSessionActivitiesDataset
FNDA:1,zipFileWithSessionActivities
FNDA:1,zipFileWithSessionActivitiesAndExpectedValues
DA:7,1
DA:12,1
DA:16,1
DA:117,1
DA:123,1
LF:5
LH:5
BRF:0
BRH:0
end_of_record
TN:
SF:test/datasets/ad-interests-data.js
FN:11,wrapAdInterestsData
FN:15,createAdInterestsDataset
FN:28,zipFileWithAdInterests
FNF:3
FNH:3
FNDA:1,wrapAdInterestsData
FNDA:1,createAdInterestsDataset
FNDA:1,zipFileWithAdInterests
DA:7,1
DA:12,1
DA:16,1
DA:29,1
LF:4
LH:4
BRF:0
BRH:0
end_of_record
TN:
SF:test/datasets/ad-views-data.js
FN:3,wrapViewsData
FN:66,createAdViewsData
FN:116,createEnglishAdViewsData
FN:120,createGermanAdViewsData
FN:124,createDanishAdViewsData
FN:128,createIncompleteEnglishAdViewsData
FN:168,creatAdViewsWithCompanyWithUnicodeCharactersData
FN:187,createEnglishDatasetWithMissingAdsCategory
FN:203,createEnglishDatasetWithEmptyAdsCategory
FNF:9
FNH:9
FNDA:9,wrapViewsData
FNDA:3,createAdViewsData
FNDA:1,createEnglishAdViewsData
FNDA:1,createGermanAdViewsData
FNDA:1,createDanishAdViewsData
FNDA:1,createIncompleteEnglishAdViewsData
FNDA:1,creatAdViewsWithCompanyWithUnicodeCharactersData
FNDA:1,createEnglishDatasetWithMissingAdsCategory
FNDA:1,createEnglishDatasetWithEmptyAdsCategory
DA:4,9
DA:7,4
DA:60,4
DA:67,3
DA:68,3
DA:117,1
DA:121,1
DA:125,1
DA:129,1
DA:130,1
DA:169,1
DA:170,1
DA:188,1
DA:189,1
DA:204,1
DA:205,1
LF:16
LH:16
BRF:0
BRH:0
end_of_record
TN:
SF:test/datasets/admin-records-data.js
FN:11,wrapAdminRecordsData
FN:15,createAdminRecordssDataset
FN:100,zipFileWithAdminRecords
FN:106,zipFileWithAdminRecordsAndExpectedValues
FNF:4
FNH:4
FNDA:1,wrapAdminRecordsData
FNDA:1,createAdminRecordssDataset
FNDA:1,zipFileWithAdminRecords
FNDA:1,zipFileWithAdminRecordsAndExpectedValues
DA:7,1
DA:12,1
DA:16,1
DA:101,1
DA:107,1
LF:5
LH:5
BRF:0
BRH:0
end_of_record
TN:
SF:test/datasets/comments-data.js
FN:11,wrapCommentsData
FN:15,createCommentEntry
FN:35,createCommentsDataset
FN:46,zipFileWithComments
FNF:4
FNH:4
FNDA:1,wrapCommentsData
FNDA:6,createCommentEntry
FNDA:1,createCommentsDataset
FNDA:1,zipFileWithComments
DA:7,1
DA:12,1
DA:20,6
DA:36,1
DA:47,1
LF:5
LH:5
BRDA:18,0,0,6
BRF:1
BRH:1
end_of_record
TN:
SF:test/datasets/connected-advertisers-all-types-data.js
FN:11,createConnectedAdvertiserEntry
FN:20,wrapConnectedAdvertisersAllTypesData
FN:22,(anonymous_2)
FN:41,createConnectedAdvertisersAllTypesDataset
FN:47,zipFileWithConnectedAdvertisersAllTypes
FNF:5
FNH:5
FNDA:20,createConnectedAdvertiserEntry
FNDA:2,wrapConnectedAdvertisersAllTypesData
FNDA:20,(anonymous_2)
FNDA:2,createConnectedAdvertisersAllTypesDataset
FNDA:2,zipFileWithConnectedAdvertisersAllTypes
DA:7,3
DA:12,20
DA:21,2
DA:23,20
DA:28,3
DA:42,2
DA:48,2
LF:7
LH:7
BRF:0
BRH:0
end_of_record
TN:
SF:test/datasets/connected-advertisers-data.js
FN:12,wrapConnectedAdvertisersData
FN:14,(anonymous_1)
FN:18,createConnectedAdvertisersDataset
FN:24,zipFileWithConnectedAdvertisers
FNF:4
FNH:4
FNDA:2,wrapConnectedAdvertisersData
FNDA:20,(anonymous_1)
FNDA:2,createConnectedAdvertisersDataset
FNDA:2,zipFileWithConnectedAdvertisers
DA:8,2
DA:13,2
DA:14,20
DA:19,2
DA:25,2
LF:5
LH:5
BRF:0
BRH:0
end_of_record
TN:
SF:test/datasets/friend-requests-received-data.js
FN:11,wrapReceivedFriendRequestsData
FN:15,createReceivedFriendRequestsDataset
FN:44,zipFileWithReceivedFriendRequests
FN:53,zipFileWithReceivedFriendRequestsAndExpectedValues
FNF:4
FNH:4
FNDA:1,wrapReceivedFriendRequestsData
FNDA:1,createReceivedFriendRequestsDataset
FNDA:1,zipFileWithReceivedFriendRequests
FNDA:1,zipFileWithReceivedFriendRequestsAndExpectedValues
DA:7,1
DA:12,1
DA:16,1
DA:45,1
DA:54,1
LF:5
LH:5
BRF:0
BRH:0
end_of_record
TN:
SF:test/datasets/friends-data.js
FN:11,wrapFriendsData
FN:15,createFriendsDataset
FN:40,zipFileWithFriends
FN:44,zipFileWithFriendsAndExpectedValues
FNF:4
FNH:4
FNDA:1,wrapFriendsData
FNDA:1,createFriendsDataset
FNDA:1,zipFileWithFriends
FNDA:1,zipFileWithFriendsAndExpectedValues
DA:7,1
DA:12,1
DA:16,1
DA:41,1
DA:45,1
LF:5
LH:5
BRF:0
BRH:0
end_of_record
TN:
SF:test/datasets/interacted-with-advertisers-data.js
FN:11,wrapInteractedWithAdvertisersData
FN:15,createInteractedWithAdvertisersDataset
FN:50,zipFileWithInteractedWithAdvertisers
FNF:3
FNH:3
FNDA:3,wrapInteractedWithAdvertisersData
FNDA:3,createInteractedWithAdvertisersDataset
FNDA:1,zipFileWithInteractedWithAdvertisers
DA:7,3
DA:12,3
DA:16,3
DA:51,1
LF:4
LH:4
BRF:0
BRH:0
end_of_record
TN:
SF:test/datasets/language-and-locale-data.js
FN:106,createLocaleData
FN:137,(anonymous_1)
FN:172,(anonymous_2)
FN:199,createLanguageSettingsData
FNF:4
FNH:4
FNDA:5,createLocaleData
FNDA:8,(anonymous_1)
FNDA:8,(anonymous_2)
FNDA:4,createLanguageSettingsData
DA:3,2
DA:116,5
DA:117,5
DA:118,5
DA:119,4
DA:133,4
DA:134,4
DA:138,8
DA:147,4
DA:154,5
DA:155,4
DA:168,5
DA:169,4
DA:173,8
DA:182,5
DA:183,4
DA:196,5
DA:204,4
LF:18
LH:18
BRDA:118,0,0,4
BRDA:118,0,1,1
BRDA:133,1,0,4
BRDA:133,1,1,0
BRDA:154,2,0,4
BRDA:154,2,1,1
BRDA:168,3,0,4
BRDA:168,3,1,1
BRDA:182,4,0,4
BRDA:182,4,1,1
BRF:10
BRH:9
end_of_record
TN:
SF:test/datasets/messages-data.js
FN:9,createMessageThreadOneData
FN:53,createMessageThreadTwoData
FN:90,createPathForThreadPath
FN:94,createPathForThread
FN:98,zipFileWithMessageThreads
FN:107,zipFileWithThreeFileErrors
FNF:6
FNH:6
FNDA:2,createMessageThreadOneData
FNDA:2,createMessageThreadTwoData
FNDA:7,createPathForThreadPath
FNDA:4,createPathForThread
FNDA:2,zipFileWithMessageThreads
FNDA:1,zipFileWithThreeFileErrors
DA:3,2
DA:10,2
DA:54,2
DA:91,7
DA:95,4
DA:99,2
DA:100,2
DA:101,2
DA:108,1
DA:109,1
DA:113,1
DA:117,1
DA:121,1
LF:13
LH:13
BRDA:90,0,0,0
BRDA:94,1,0,4
BRF:2
BRH:1
end_of_record
TN:
SF:test/datasets/off-facebook-events-data.js
FN:9,createOffFacebookEventsSimpleData
FN:51,zipFileWithOffFacebookEvents
FNF:2
FNH:2
FNDA:5,createOffFacebookEventsSimpleData
FNDA:3,zipFileWithOffFacebookEvents
DA:4,5
DA:10,5
DA:52,3
LF:3
LH:3
BRF:0
BRH:0
end_of_record
TN:
SF:test/datasets/on-off-events-comparison-data.js
FN:28,createOffFacebookEventsForComparisonData
FN:137,createAdViewsForComparisonData
FN:222,zipFileWithOnOffFacebookCompanyMatches
FNF:3
FNH:3
FNDA:2,createOffFacebookEventsForComparisonData
FNDA:2,createAdViewsForComparisonData
FNDA:2,zipFileWithOnOffFacebookCompanyMatches
DA:29,2
DA:138,2
DA:223,2
LF:3
LH:3
BRF:0
BRH:0
end_of_record
TN:
SF:test/datasets/on-off-facebook-events-data.js
FN:3,createMappedOnOffEventsData
FNF:1
FNH:1
FNDA:1,createMappedOnOffEventsData
DA:4,1
LF:1
LH:1
BRF:0
BRH:0
end_of_record
TN:
SF:test/datasets/page-followed-data.js
FN:11,wrapFollowedPagesData
FN:15,createFollowedPagesDataset
FN:47,zipFileWithFollowedPages
FN:53,zipFileWithFollowedPagesAndExpectedValues
FNF:4
FNH:4
FNDA:1,wrapFollowedPagesData
FNDA:1,createFollowedPagesDataset
FNDA:1,zipFileWithFollowedPages
FNDA:1,zipFileWithFollowedPagesAndExpectedValues
DA:7,1
DA:12,1
DA:16,1
DA:48,1
DA:54,1
LF:5
LH:5
BRF:0
BRH:0
end_of_record
TN:
SF:test/datasets/page-liked-data.js
FN:11,wrapLikedPagesData
FN:15,createLikedPagesDataset
FN:36,zipFileWithLikedPages
FN:42,zipFileWithLikedPagesAndExpectedValues
FNF:4
FNH:4
FNDA:1,wrapLikedPagesData
FNDA:1,createLikedPagesDataset
FNDA:1,zipFileWithLikedPages
FNDA:1,zipFileWithLikedPagesAndExpectedValues
DA:7,1
DA:12,1
DA:16,1
DA:37,1
DA:43,1
LF:5
LH:5
BRF:0
BRH:0
end_of_record
TN:
SF:test/datasets/page-recommended-data.js
FN:11,wrapRecommendedPagesData
FN:15,createRecommendedPagesDataset
FN:50,zipFileWithRecommendedPages
FN:56,zipFileWithRecommendedPagesAndExpectedValues
FNF:4
FNH:4
FNDA:1,wrapRecommendedPagesData
FNDA:1,createRecommendedPagesDataset
FNDA:1,zipFileWithRecommendedPages
FNDA:1,zipFileWithRecommendedPagesAndExpectedValues
DA:7,1
DA:12,1
DA:16,1
DA:51,1
DA:57,1
LF:5
LH:5
BRF:0
BRH:0
end_of_record
TN:
SF:test/datasets/pages-unfollowed-data.js
FN:11,wrapUnfollowedPagesData
FN:15,createUnfollowedPagesDataset
FN:38,zipFileWithUnfollowedPages
FN:44,zipFileWithUnfollowedPagesAndExpectedValues
FNF:4
FNH:4
FNDA:1,wrapUnfollowedPagesData
FNDA:1,createUnfollowedPagesDataset
FNDA:1,zipFileWithUnfollowedPages
FNDA:1,zipFileWithUnfollowedPagesAndExpectedValues
DA:7,1
DA:12,1
DA:16,1
DA:39,1
DA:45,1
LF:5
LH:5
BRF:0
BRH:0
end_of_record
TN:
SF:test/datasets/post-reactions-data.js
FN:12,wrapPostReactionsData
FN:16,createPostReaction
FN:31,createPostReactionsDataset
FN:45,zipFileWithPostReactions
FNF:4
FNH:4
FNDA:4,wrapPostReactionsData
FNDA:36,createPostReaction
FNDA:4,createPostReactionsDataset
FNDA:2,zipFileWithPostReactions
DA:7,2
DA:13,4
DA:17,36
DA:32,4
DA:46,2
LF:5
LH:5
BRF:0
BRH:0
end_of_record
TN:
SF:test/datasets/posts-data.js
FN:5,createPathForIndex
FN:17,createPostEntry
FN:28,createPostsOneDataset
FN:30,(anonymous_3)
FN:34,createPostsTwoDataset
FN:35,(anonymous_5)
FN:40,zipFileWithTwoPostsFiles
FN:47,zipFileWithOnePostsFiles
FN:51,zipFileWithFileError
FN:59,zipFileWithTwoFileErrors
FNF:10
FNH:10
FNDA:7,createPathForIndex
FNDA:19,createPostEntry
FNDA:3,createPostsOneDataset
FNDA:15,(anonymous_3)
FNDA:1,createPostsTwoDataset
FNDA:4,(anonymous_5)
FNDA:1,zipFileWithTwoPostsFiles
FNDA:1,zipFileWithOnePostsFiles
FNDA:1,zipFileWithFileError
FNDA:1,zipFileWithTwoFileErrors
DA:4,1
DA:6,7
DA:9,1
DA:13,1
DA:18,19
DA:29,3
DA:30,15
DA:35,1
DA:36,4
DA:41,1
DA:48,1
DA:52,1
DA:55,1
DA:56,1
DA:60,1
DA:61,1
DA:62,1
DA:63,1
LF:18
LH:18
BRDA:17,0,0,19
BRF:1
BRH:1
end_of_record
TN:
SF:test/datasets/searches-data.js
FN:11,wrapSearchesData
FN:15,createSearchEntry
FN:36,createSearchesDataset
FN:50,zipFileWithSearches
FNF:4
FNH:4
FNDA:1,wrapSearchesData
FNDA:9,createSearchEntry
FNDA:1,createSearchesDataset
FNDA:1,zipFileWithSearches
DA:7,1
DA:12,1
DA:16,9
DA:37,1
DA:51,1
LF:5
LH:5
BRF:0
BRH:0
end_of_record
TN:
SF:test/importers/test-definition/importer-tests-definition.js
FN:10,(anonymous_0)
FN:11,(anonymous_1)
FN:14,(anonymous_2)
FN:25,(anonymous_3)
FN:28,(anonymous_4)
FN:39,(anonymous_5)
FN:42,(anonymous_6)
FNF:7
FNH:7
FNDA:3,(anonymous_0)
FNDA:3,(anonymous_1)
FNDA:8,(anonymous_2)
FNDA:3,(anonymous_3)
FNDA:8,(anonymous_4)
FNDA:3,(anonymous_5)
FNDA:8,(anonymous_6)
DA:10,3
DA:11,3
DA:12,3
DA:15,8
DA:16,8
DA:20,8
DA:25,3
DA:26,3
DA:29,8
DA:30,8
DA:34,8
DA:39,3
DA:40,3
DA:49,8
DA:54,8
DA:56,8
LF:16
LH:16
BRF:0
BRH:0
end_of_record
TN:
SF:test/mocks/i18n-mock.js
FN:2,(anonymous_0)
FNF:1
FNH:1
FNDA:74,(anonymous_0)
DA:3,74
LF:1
LH:1
BRF:0
BRH:0
end_of_record
TN:
SF:test/utils/analyses-execution.js
FN:14,runAnalysisForExport
FN:35,runAnalysisForAccount
FN:44,runAnalysesForZip
FN:60,getReportStories
FN:62,(anonymous_4)
FN:66,(anonymous_5)
FN:70,(anonymous_6)
FNF:7
FNH:7
FNDA:18,runAnalysisForExport
FNDA:8,runAnalysisForAccount
FNDA:2,runAnalysesForZip
FNDA:2,getReportStories
FNDA:12,(anonymous_4)
FNDA:18,(anonymous_5)
FNDA:12,(anonymous_6)
DA:19,18
DA:20,18
DA:25,18
DA:30,18
DA:31,18
DA:32,18
DA:40,8
DA:41,8
DA:45,2
DA:46,2
DA:51,2
DA:58,2
DA:61,2
DA:62,12
DA:65,2
DA:66,18
DA:69,2
DA:70,12
DA:72,2
DA:76,2
LF:20
LH:20
BRDA:17,0,0,18
BRDA:38,1,0,8
BRF:2
BRH:2
end_of_record
TN:
SF:test/utils/analysis-assertions.js
FN:1,expectActiveAnalysis
FN:5,expectInactiveAnalysis
FN:9,expectAnalysisActivation
FN:13,expectAnalysisSuccessStatus
FNF:4
FNH:4
FNDA:18,expectActiveAnalysis
FNDA:7,expectInactiveAnalysis
FNDA:25,expectAnalysisActivation
FNDA:24,expectAnalysisSuccessStatus
DA:2,18
DA:6,7
DA:10,25
DA:14,24
LF:4
LH:4
BRF:0
BRH:0
end_of_record
TN:
SF:test/utils/data-creation.js
FN:3,createMockedZip
FN:5,(anonymous_1)
FN:9,zipWithWrongDatasetKey
FNF:3
FNH:3
FNDA:48,createMockedZip
FNDA:55,(anonymous_1)
FNDA:17,zipWithWrongDatasetKey
DA:4,48
DA:5,55
DA:6,48
DA:10,17
LF:4
LH:4
BRF:0
BRH:0
end_of_record
TN:
SF:test/utils/data-importing.js
FN:29,runMultipleImporters
FN:39,runSingleImporter
FN:50,runMultipleOutdatedImporters
FN:60,runSingleOutdatedImporter
FN:70,runAdInterestsImporter
FN:74,runConnectedAdvertisersImporter
FN:78,runConnectedAdvertisersWithAllTypesImporter
FN:82,runLanguageAndLocaleImporter
FN:86,runPersonalDataImporter
FN:94,runMessagesImporter
FN:98,runRecentlyViewedAdsImporter
FN:102,runOffFacebookEventsImporter
FN:106,runFriendsImporter
FN:110,runLikedPagesImporter
FN:114,runSearchesImporter
FN:118,runInteractedWithAdvertisersImporter
FN:122,runCommentsImporter
FN:126,runPostReactionsImporter
FN:130,runPostsImporter
FN:134,runImportForDataset
FN:141,runAdsImportForDataset
FNF:21
FNH:18
FNDA:1,runMultipleImporters
FNDA:63,runSingleImporter
FNDA:0,runMultipleOutdatedImporters
FNDA:8,runSingleOutdatedImporter
FNDA:3,runAdInterestsImporter
FNDA:3,runConnectedAdvertisersImporter
FNDA:3,runConnectedAdvertisersWithAllTypesImporter
FNDA:6,runLanguageAndLocaleImporter
FNDA:6,runPersonalDataImporter
FNDA:3,runMessagesImporter
FNDA:2,runRecentlyViewedAdsImporter
FNDA:3,runOffFacebookEventsImporter
FNDA:0,runFriendsImporter
FNDA:0,runLikedPagesImporter
FNDA:3,runSearchesImporter
FNDA:3,runInteractedWithAdvertisersImporter
FNDA:3,runCommentsImporter
FNDA:3,runPostReactionsImporter
FNDA:5,runPostsImporter
FNDA:7,runImportForDataset
FNDA:7,runAdsImportForDataset
DA:30,1
DA:31,1
DA:40,63
DA:41,63
DA:47,63
DA:51,0
DA:52,0
DA:57,0
DA:61,8
DA:62,8
DA:67,8
DA:71,3
DA:75,3
DA:79,3
DA:83,6
DA:87,6
DA:95,3
DA:99,2
DA:103,3
DA:107,0
DA:111,0
DA:115,3
DA:119,3
DA:123,3
DA:127,3
DA:131,5
DA:135,7
DA:136,7
DA:138,7
DA:142,7
DA:147,7
DA:148,7
DA:149,7
LF:33
LH:28
BRDA:148,0,0,7
BRDA:148,0,1,0
BRF:2
BRH:1
end_of_record
TN:
SF:test/utils/importer-assertions.js
FN:6,expectErrorStatus
FN:11,expectError
FN:16,expectMissingFileError
FN:20,expectInvalidContentError
FN:24,expectSyntaxError
FN:28,expectImportSuccess
FN:32,expectAllReportsSuccess
FN:34,(anonymous_7)
FN:37,expectImportWarning
FNF:9
FNH:8
FNDA:47,expectErrorStatus
FNDA:41,expectError
FNDA:19,expectMissingFileError
FNDA:19,expectInvalidContentError
FNDA:0,expectSyntaxError
FNDA:31,expectImportSuccess
FNDA:1,expectAllReportsSuccess
FNDA:2,(anonymous_7)
FNDA:2,expectImportWarning
DA:7,47
DA:8,47
DA:12,41
DA:13,41
DA:17,19
DA:21,19
DA:25,0
DA:29,31
DA:33,1
DA:34,2
DA:38,2
DA:39,2
DA:40,2
LF:13
LH:12
BRF:0
BRH:0
end_of_record
