<?xml version="1.0" encoding="UTF-8"?>
<coverage generated="1659357257758" clover="3.2.0">
  <project timestamp="1659357257758" name="All files">
    <metrics statements="29" coveredstatements="22" conditionals="10" coveredconditionals="6" methods="2" coveredmethods="2" elements="41" coveredelements="30" complexity="0" loc="29" ncloc="29" packages="1" files="1" classes="1"/>
    <file name="triple-generation.ts" path="/Users/richardsto/Code/polyPod/feature-utils/poly-sparql/src/triple-generation.ts">
      <metrics statements="29" coveredstatements="22" conditionals="10" coveredconditionals="6" methods="2" coveredmethods="2"/>
      <line num="1" count="1" type="stmt"/>
      <line num="3" count="1" type="stmt"/>
      <line num="9" count="3" type="stmt"/>
      <line num="10" count="3" type="stmt"/>
      <line num="11" count="7" type="stmt"/>
      <line num="12" count="7" type="cond" truecount="1" falsecount="0"/>
      <line num="13" count="1" type="cond" truecount="0" falsecount="1"/>
      <line num="14" count="0" type="stmt"/>
      <line num="19" count="0" type="stmt"/>
      <line num="21" count="1" type="stmt"/>
      <line num="26" count="1" type="stmt"/>
      <line num="28" count="6" type="stmt"/>
      <line num="32" count="3" type="stmt"/>
      <line num="35" count="1" type="stmt"/>
      <line num="40" count="1" type="stmt"/>
      <line num="41" count="1" type="stmt"/>
      <line num="42" count="1" type="stmt"/>
      <line num="43" count="1" type="stmt"/>
      <line num="44" count="3" type="cond" truecount="0" falsecount="1"/>
      <line num="45" count="3" type="cond" truecount="0" falsecount="1"/>
      <line num="47" count="0" type="cond" truecount="0" falsecount="1"/>
      <line num="48" count="0" type="stmt"/>
      <line num="50" count="0" type="stmt"/>
      <line num="51" count="0" type="stmt"/>
      <line num="54" count="3" type="stmt"/>
      <line num="58" count="1" type="stmt"/>
      <line num="59" count="1" type="stmt"/>
      <line num="60" count="0" type="stmt"/>
      <line num="62" count="1" type="stmt"/>
    </file>
  </project>
</coverage>
