{"/Users/richardsto/Code/polyPod/feature-utils/poly-sparql/src/triple-generation.ts": {"path":"/Users/richardsto/Code/polyPod/feature-utils/poly-sparql/src/triple-generation.ts","statementMap":{"0":{"start":{"line":1,"column":0},"end":{"line":1,"column":34}},"1":{"start":{"line":9,"column":24},"end":{"line":9,"column":69}},"2":{"start":{"line":10,"column":4},"end":{"line":31,"column":null}},"3":{"start":{"line":11,"column":29},"end":{"line":11,"column":42}},"4":{"start":{"line":12,"column":8},"end":{"line":27,"column":null}},"5":{"start":{"line":13,"column":12},"end":{"line":20,"column":null}},"6":{"start":{"line":14,"column":16},"end":{"line":18,"column":18}},"7":{"start":{"line":19,"column":16},"end":{"line":19,"column":25}},"8":{"start":{"line":21,"column":12},"end":{"line":25,"column":14}},"9":{"start":{"line":26,"column":12},"end":{"line":26,"column":21}},"10":{"start":{"line":28,"column":8},"end":{"line":30,"column":12}},"11":{"start":{"line":32,"column":4},"end":{"line":32,"column":25}},"12":{"start":{"line":3,"column":0},"end":{"line":3,"column":16}},"13":{"start":{"line":40,"column":32},"end":{"line":40,"column":58}},"14":{"start":{"line":41,"column":37},"end":{"line":41,"column":39}},"15":{"start":{"line":42,"column":38},"end":{"line":42,"column":40}},"16":{"start":{"line":43,"column":4},"end":{"line":57,"column":null}},"17":{"start":{"line":44,"column":8},"end":{"line":44,"column":31}},"18":{"start":{"line":44,"column":22},"end":{"line":44,"column":31}},"19":{"start":{"line":45,"column":8},"end":{"line":52,"column":null}},"20":{"start":{"line":47,"column":12},"end":{"line":49,"column":null}},"21":{"start":{"line":48,"column":16},"end":{"line":48,"column":56}},"22":{"start":{"line":50,"column":12},"end":{"line":50,"column":41}},"23":{"start":{"line":51,"column":12},"end":{"line":51,"column":21}},"24":{"start":{"line":54,"column":8},"end":{"line":56,"column":10}},"25":{"start":{"line":58,"column":4},"end":{"line":58,"column":47}},"26":{"start":{"line":59,"column":4},"end":{"line":60,"column":74}},"27":{"start":{"line":60,"column":8},"end":{"line":60,"column":74}},"28":{"start":{"line":62,"column":4},"end":{"line":62,"column":25}},"29":{"start":{"line":35,"column":0},"end":{"line":35,"column":16}}},"fnMap":{"0":{"name":"jsObjectToTriplesString","decl":{"start":{"line":3,"column":16},"end":{"line":3,"column":39}},"loc":{"start":{"line":7,"column":43},"end":{"line":33,"column":1}}},"1":{"name":"jsArrayToTriplesString","decl":{"start":{"line":35,"column":16},"end":{"line":35,"column":38}},"loc":{"start":{"line":38,"column":18},"end":{"line":63,"column":1}}}},"branchMap":{"0":{"loc":{"start":{"line":7,"column":4},"end":{"line":7,"column":43}},"type":"default-arg","locations":[{"start":{"line":7,"column":30},"end":{"line":7,"column":43}}]},"1":{"loc":{"start":{"line":12,"column":8},"end":{"line":27,"column":null}},"type":"if","locations":[{"start":{"line":12,"column":8},"end":{"line":27,"column":null}}]},"2":{"loc":{"start":{"line":13,"column":12},"end":{"line":20,"column":null}},"type":"if","locations":[{"start":{"line":13,"column":12},"end":{"line":20,"column":null}}]},"3":{"loc":{"start":{"line":29,"column":12},"end":{"line":29,"column":null}},"type":"cond-expr","locations":[{"start":{"line":29,"column":40},"end":{"line":29,"column":52}},{"start":{"line":29,"column":55},"end":{"line":29,"column":null}}]},"4":{"loc":{"start":{"line":44,"column":8},"end":{"line":44,"column":31}},"type":"if","locations":[{"start":{"line":44,"column":8},"end":{"line":44,"column":31}}]},"5":{"loc":{"start":{"line":45,"column":8},"end":{"line":52,"column":null}},"type":"if","locations":[{"start":{"line":45,"column":8},"end":{"line":52,"column":null}}]},"6":{"loc":{"start":{"line":47,"column":12},"end":{"line":49,"column":null}},"type":"if","locations":[{"start":{"line":47,"column":12},"end":{"line":49,"column":null}}]},"7":{"loc":{"start":{"line":55,"column":12},"end":{"line":55,"column":66}},"type":"cond-expr","locations":[{"start":{"line":55,"column":42},"end":{"line":55,"column":56}},{"start":{"line":55,"column":59},"end":{"line":55,"column":66}}]}},"s":{"0":1,"1":3,"2":3,"3":7,"4":7,"5":1,"6":0,"7":0,"8":1,"9":1,"10":6,"11":3,"12":1,"13":1,"14":1,"15":1,"16":1,"17":3,"18":0,"19":3,"20":0,"21":0,"22":0,"23":0,"24":3,"25":1,"26":1,"27":0,"28":1,"29":1},"f":{"0":3,"1":1},"b":{"0":[1],"1":[1],"2":[0],"3":[2,4],"4":[0],"5":[0],"6":[0],"7":[1,2]}}
}
