TN:
SF:src/triple-generation.ts
FN:3,jsObjectToTriplesString
FN:35,jsArrayToTriplesString
FNF:2
FNH:2
FNDA:3,jsObjectToTriplesString
FNDA:1,jsArrayToTriplesString
DA:1,1
DA:3,1
DA:9,3
DA:10,3
DA:11,7
DA:12,7
DA:13,1
DA:14,0
DA:19,0
DA:21,1
DA:26,1
DA:28,6
DA:32,3
DA:35,1
DA:40,1
DA:41,1
DA:42,1
DA:43,1
DA:44,3
DA:45,3
DA:47,0
DA:48,0
DA:50,0
DA:51,0
DA:54,3
DA:58,1
DA:59,1
DA:60,0
DA:62,1
LF:29
LH:22
BRDA:7,0,0,1
BRDA:12,1,0,1
BRDA:13,2,0,0
BRDA:29,3,0,2
BRDA:29,3,1,4
BRDA:44,4,0,0
BRDA:45,5,0,0
BRDA:47,6,0,0
BRDA:55,7,0,1
BRDA:55,7,1,2
BRF:10
BRH:6
end_of_record
